v ATLAS
# This file was created by ATLAS version 5.28.1.R on Wed Apr 05 00:38:55 2023.
#SSF 2.0 generic
##############################################################################
#                    Copyright (c) 1984 - 2019                               #
#                    Silvaco Inc. All rights reserved                        #
#                                                                            #
# This file format and the following Key are copyright Silvaco Inc.          #
# You may not use, this format or key without reproducing this message in    #
# full and obtaining express written permission from Silvaco Inc.            #
#                                                                            #
# To obtain such permission please contact: Silvaco Inc.                     #
#                                           support@silvaco.com              #
#                                                                            #
# KEY=SVC86hn7562asdx                       PROD=345                         #
##############################################################################
y 1 15
z 300
f 2 "anode" "cathode" 
p 17 91 4000 4010 4020 85 86 87 308 354 355 356 2 601 20 3 602 21 
d 1.000000000e+000 1.220000000e+000 1.967976667e-006 3.356509590e-007 3.356509590e-007 1.967976667e-006 1.220000000e+000 9.000000000e+001 0.000000000e+000 9.983856089e-001 1.614391077e-003 0.000000000e+000 0.000000000e+000 4.645677157e-008 0.000000000e+000 0.000000000e+000 -4.645677158e-008 
d 1.000000000e+000 1.220000000e+000 1.967976667e-006 3.356509590e-007 3.356509590e-007 1.967976667e-006 1.220000000e+000 9.000000000e+001 0.000000000e+000 9.983856089e-001 1.614391077e-003 -1.250000000e-001 -1.250000000e-001 -2.371921772e-002 0.000000000e+000 0.000000000e+000 2.371921772e-002 
d 1.000000000e+000 1.220000000e+000 1.967976667e-006 3.356509590e-007 3.356509590e-007 1.967976667e-006 1.220000000e+000 9.000000000e+001 0.000000000e+000 9.983856089e-001 1.614391077e-003 -2.500000000e-001 -2.500000000e-001 -4.952370180e-002 0.000000000e+000 0.000000000e+000 4.952370184e-002 
d 1.000000000e+000 1.220000000e+000 1.967976667e-006 3.356509590e-007 3.356509590e-007 1.967976667e-006 1.220000000e+000 9.000000000e+001 0.000000000e+000 9.983856089e-001 1.614391077e-003 -5.000000000e-001 -5.000000000e-001 -1.026748072e-001 0.000000000e+000 0.000000000e+000 1.026748073e-001 
d 1.000000000e+000 1.220000000e+000 1.967976667e-006 3.356509590e-007 3.356509590e-007 1.967976667e-006 1.220000000e+000 9.000000000e+001 0.000000000e+000 9.983856089e-001 1.614391077e-003 -1.000000000e+000 -1.000000000e+000 -2.021435560e-001 0.000000000e+000 0.000000000e+000 2.021435560e-001 
d 1.000000000e+000 1.220000000e+000 1.967976667e-006 3.356509590e-007 3.356509590e-007 1.967976667e-006 1.220000000e+000 9.000000000e+001 0.000000000e+000 9.983856089e-001 1.614391077e-003 -2.000000000e+000 -2.000000000e+000 -3.520746924e-001 0.000000000e+000 0.000000000e+000 3.520747568e-001 
d 1.000000000e+000 1.220000000e+000 1.967976667e-006 3.356509590e-007 3.356509590e-007 1.967976667e-006 1.220000000e+000 9.000000000e+001 0.000000000e+000 9.983856089e-001 1.614391077e-003 -1.900000000e+000 -1.900000000e+000 -3.400091146e-001 0.000000000e+000 0.000000000e+000 3.400091179e-001 
d 1.000000000e+000 1.220000000e+000 1.967976667e-006 3.356509590e-007 3.356509590e-007 1.967976667e-006 1.220000000e+000 9.000000000e+001 0.000000000e+000 9.983856089e-001 1.614391077e-003 -1.800000000e+000 -1.800000000e+000 -3.273131270e-001 0.000000000e+000 0.000000000e+000 3.273131272e-001 
d 1.000000000e+000 1.220000000e+000 1.967976667e-006 3.356509590e-007 3.356509590e-007 1.967976667e-006 1.220000000e+000 9.000000000e+001 0.000000000e+000 9.983856089e-001 1.614391077e-003 -1.700000000e+000 -1.700000000e+000 -3.139817048e-001 0.000000000e+000 0.000000000e+000 3.139817049e-001 
d 1.000000000e+000 1.220000000e+000 1.967976667e-006 3.356509590e-007 3.356509590e-007 1.967976667e-006 1.220000000e+000 9.000000000e+001 0.000000000e+000 9.983856089e-001 1.614391077e-003 -1.600000000e+000 -1.600000000e+000 -3.000075143e-001 0.000000000e+000 0.000000000e+000 3.000075144e-001 
d 1.000000000e+000 1.220000000e+000 1.967976667e-006 3.356509590e-007 3.356509590e-007 1.967976667e-006 1.220000000e+000 9.000000000e+001 0.000000000e+000 9.983856089e-001 1.614391077e-003 -1.500000000e+000 -1.500000000e+000 -2.853814164e-001 0.000000000e+000 0.000000000e+000 2.853814165e-001 
d 1.000000000e+000 1.220000000e+000 1.967976667e-006 3.356509590e-007 3.356509590e-007 1.967976667e-006 1.220000000e+000 9.000000000e+001 0.000000000e+000 9.983856089e-001 1.614391077e-003 -1.400000000e+000 -1.400000000e+000 -2.700931598e-001 0.000000000e+000 0.000000000e+000 2.700931598e-001 
d 1.000000000e+000 1.220000000e+000 1.967976667e-006 3.356509590e-007 3.356509590e-007 1.967976667e-006 1.220000000e+000 9.000000000e+001 0.000000000e+000 9.983856089e-001 1.614391077e-003 -1.300000000e+000 -1.300000000e+000 -2.541323782e-001 0.000000000e+000 0.000000000e+000 2.541323783e-001 
d 1.000000000e+000 1.220000000e+000 1.967976667e-006 3.356509590e-007 3.356509590e-007 1.967976667e-006 1.220000000e+000 9.000000000e+001 0.000000000e+000 9.983856089e-001 1.614391077e-003 -1.200000000e+000 -1.200000000e+000 -2.374900278e-001 0.000000000e+000 0.000000000e+000 2.374900278e-001 
d 1.000000000e+000 1.220000000e+000 1.967976667e-006 3.356509590e-007 3.356509590e-007 1.967976667e-006 1.220000000e+000 9.000000000e+001 0.000000000e+000 9.983856089e-001 1.614391077e-003 -1.100000000e+000 -1.100000000e+000 -2.201603646e-001 0.000000000e+000 0.000000000e+000 2.201603646e-001 
d 1.000000000e+000 1.220000000e+000 1.967976667e-006 3.356509590e-007 3.356509590e-007 1.967976667e-006 1.220000000e+000 9.000000000e+001 0.000000000e+000 9.983856089e-001 1.614391077e-003 -1.000000000e+000 -1.000000000e+000 -2.021435560e-001 0.000000000e+000 0.000000000e+000 2.021435560e-001 
d 1.000000000e+000 1.220000000e+000 1.967976667e-006 3.356509590e-007 3.356509590e-007 1.967976667e-006 1.220000000e+000 9.000000000e+001 0.000000000e+000 9.983856089e-001 1.614391077e-003 -9.000000000e-001 -9.000000000e-001 -1.834490119e-001 0.000000000e+000 0.000000000e+000 1.834490119e-001 
d 1.000000000e+000 1.220000000e+000 1.967976667e-006 3.356509590e-007 3.356509590e-007 1.967976667e-006 1.220000000e+000 9.000000000e+001 0.000000000e+000 9.983856089e-001 1.614391077e-003 -8.000000000e-001 -8.000000000e-001 -1.640995696e-001 0.000000000e+000 0.000000000e+000 1.640995696e-001 
d 1.000000000e+000 1.220000000e+000 1.967976667e-006 3.356509590e-007 3.356509590e-007 1.967976667e-006 1.220000000e+000 9.000000000e+001 0.000000000e+000 9.983856089e-001 1.614391077e-003 -7.000000000e-001 -7.000000000e-001 -1.441367809e-001 0.000000000e+000 0.000000000e+000 1.441367810e-001 
d 1.000000000e+000 1.220000000e+000 1.967976667e-006 3.356509590e-007 3.356509590e-007 1.967976667e-006 1.220000000e+000 9.000000000e+001 0.000000000e+000 9.983856089e-001 1.614391077e-003 -6.000000000e-001 -6.000000000e-001 -1.236277969e-001 0.000000000e+000 0.000000000e+000 1.236277969e-001 
d 1.000000000e+000 1.220000000e+000 1.967976667e-006 3.356509590e-007 3.356509590e-007 1.967976667e-006 1.220000000e+000 9.000000000e+001 0.000000000e+000 9.983856089e-001 1.614391077e-003 -5.000000000e-001 -5.000000000e-001 -1.026748072e-001 0.000000000e+000 0.000000000e+000 1.026748073e-001 
d 1.000000000e+000 1.220000000e+000 1.967976667e-006 3.356509590e-007 3.356509590e-007 1.967976667e-006 1.220000000e+000 9.000000000e+001 0.000000000e+000 9.983856089e-001 1.614391077e-003 -4.000000000e-001 -4.000000000e-001 -8.142888096e-002 0.000000000e+000 0.000000000e+000 8.142888128e-002 
d 1.000000000e+000 1.220000000e+000 1.967976667e-006 3.356509590e-007 3.356509590e-007 1.967976667e-006 1.220000000e+000 9.000000000e+001 0.000000000e+000 9.983856089e-001 1.614391077e-003 -3.000000000e-001 -3.000000000e-001 -6.011178212e-002 0.000000000e+000 0.000000000e+000 6.011178382e-002 
d 1.000000000e+000 1.220000000e+000 1.967976667e-006 3.356509590e-007 3.356509590e-007 1.967976667e-006 1.220000000e+000 9.000000000e+001 0.000000000e+000 9.983856089e-001 1.614391077e-003 -2.000000000e-001 -2.000000000e-001 -3.905256985e-002 0.000000000e+000 0.000000000e+000 3.905256985e-002 
d 1.000000000e+000 1.220000000e+000 1.967976667e-006 3.356509590e-007 3.356509590e-007 1.967976667e-006 1.220000000e+000 9.000000000e+001 0.000000000e+000 9.983856089e-001 1.614391077e-003 -1.000000000e-001 -1.000000000e-001 -1.875178668e-002 0.000000000e+000 0.000000000e+000 1.875178668e-002 
d 1.000000000e+000 1.220000000e+000 1.967976667e-006 3.356509590e-007 3.356509590e-007 1.967976667e-006 1.220000000e+000 9.000000000e+001 0.000000000e+000 9.983856089e-001 1.614391077e-003 -4.821858528e-016 -4.821858528e-016 4.645677149e-008 0.000000000e+000 0.000000000e+000 -4.645677149e-008 
d 1.000000000e+000 1.220000000e+000 1.967976667e-006 3.356509590e-007 3.356509590e-007 1.967976667e-006 1.220000000e+000 9.000000000e+001 0.000000000e+000 9.983856089e-001 1.614391077e-003 1.000000000e-001 1.000000000e-001 1.590619435e-002 0.000000000e+000 0.000000000e+000 -1.590619421e-002 
d 1.000000000e+000 1.220000000e+000 1.967976667e-006 3.356509590e-007 3.356509590e-007 1.967976667e-006 1.220000000e+000 9.000000000e+001 0.000000000e+000 9.983856089e-001 1.614391077e-003 2.000000000e-001 2.000000000e-001 2.697066895e-002 0.000000000e+000 0.000000000e+000 -2.697066844e-002 
d 1.000000000e+000 1.220000000e+000 1.967976667e-006 3.356509590e-007 3.356509590e-007 1.967976667e-006 1.220000000e+000 9.000000000e+001 0.000000000e+000 9.983856089e-001 1.614391077e-003 3.000000000e-001 3.000000000e-001 3.226858671e-002 0.000000000e+000 0.000000000e+000 -3.226858671e-002 
d 1.000000000e+000 1.220000000e+000 1.967976667e-006 3.356509590e-007 3.356509590e-007 1.967976667e-006 1.220000000e+000 9.000000000e+001 0.000000000e+000 9.983856089e-001 1.614391077e-003 4.000000000e-001 4.000000000e-001 3.449608836e-002 0.000000000e+000 0.000000000e+000 -3.449608836e-002 
d 1.000000000e+000 1.220000000e+000 1.967976667e-006 3.356509590e-007 3.356509590e-007 1.967976667e-006 1.220000000e+000 9.000000000e+001 0.000000000e+000 9.983856089e-001 1.614391077e-003 5.000000000e-001 5.000000000e-001 3.560034668e-002 0.000000000e+000 0.000000000e+000 -3.560034668e-002 
d 1.000000000e+000 1.220000000e+000 1.967976667e-006 3.356509590e-007 3.356509590e-007 1.967976667e-006 1.220000000e+000 9.000000000e+001 0.000000000e+000 9.983856089e-001 1.614391077e-003 6.000000000e-001 6.000000000e-001 3.621371845e-002 0.000000000e+000 0.000000000e+000 -3.621371845e-002 
d 1.000000000e+000 1.220000000e+000 1.967976667e-006 3.356509590e-007 3.356509590e-007 1.967976667e-006 1.220000000e+000 9.000000000e+001 0.000000000e+000 9.983856089e-001 1.614391077e-003 7.000000000e-001 7.000000000e-001 3.658452311e-002 0.000000000e+000 0.000000000e+000 -3.658452311e-002 
d 1.000000000e+000 1.220000000e+000 1.967976667e-006 3.356509590e-007 3.356509590e-007 1.967976667e-006 1.220000000e+000 9.000000000e+001 0.000000000e+000 9.983856089e-001 1.614391077e-003 8.000000000e-001 8.000000000e-001 3.682465858e-002 0.000000000e+000 0.000000000e+000 -3.682465858e-002 
d 1.000000000e+000 1.220000000e+000 1.967976667e-006 3.356509590e-007 3.356509590e-007 1.967976667e-006 1.220000000e+000 9.000000000e+001 0.000000000e+000 9.983856089e-001 1.614391077e-003 9.000000000e-001 9.000000000e-001 3.698898118e-002 0.000000000e+000 0.000000000e+000 -3.698898118e-002 
d 1.000000000e+000 1.220000000e+000 1.967976667e-006 3.356509590e-007 3.356509590e-007 1.967976667e-006 1.220000000e+000 9.000000000e+001 0.000000000e+000 9.983856089e-001 1.614391077e-003 1.000000000e+000 1.000000000e+000 3.710650023e-002 0.000000000e+000 0.000000000e+000 -3.710650023e-002 
d 1.000000000e+000 1.220000000e+000 1.967976667e-006 3.356509590e-007 3.356509590e-007 1.967976667e-006 1.220000000e+000 9.000000000e+001 0.000000000e+000 9.983856089e-001 1.614391077e-003 1.100000000e+000 1.100000000e+000 3.719360637e-002 0.000000000e+000 0.000000000e+000 -3.719360637e-002 
d 1.000000000e+000 1.220000000e+000 1.967976667e-006 3.356509590e-007 3.356509590e-007 1.967976667e-006 1.220000000e+000 9.000000000e+001 0.000000000e+000 9.983856089e-001 1.614391077e-003 1.200000000e+000 1.200000000e+000 3.726009507e-002 0.000000000e+000 0.000000000e+000 -3.726009507e-002 
d 1.000000000e+000 1.220000000e+000 1.967976667e-006 3.356509590e-007 3.356509590e-007 1.967976667e-006 1.220000000e+000 9.000000000e+001 0.000000000e+000 9.983856089e-001 1.614391077e-003 1.300000000e+000 1.300000000e+000 3.731210381e-002 0.000000000e+000 0.000000000e+000 -3.731210381e-002 
d 1.000000000e+000 1.220000000e+000 1.967976667e-006 3.356509590e-007 3.356509590e-007 1.967976667e-006 1.220000000e+000 9.000000000e+001 0.000000000e+000 9.983856089e-001 1.614391077e-003 1.400000000e+000 1.400000000e+000 3.735363517e-002 0.000000000e+000 0.000000000e+000 -3.735363517e-002 
d 1.000000000e+000 1.220000000e+000 1.967976667e-006 3.356509590e-007 3.356509590e-007 1.967976667e-006 1.220000000e+000 9.000000000e+001 0.000000000e+000 9.983856089e-001 1.614391077e-003 1.500000000e+000 1.500000000e+000 3.738739001e-002 0.000000000e+000 0.000000000e+000 -3.738739001e-002 
d 1.000000000e+000 1.220000000e+000 1.967976667e-006 3.356509590e-007 3.356509590e-007 1.967976667e-006 1.220000000e+000 9.000000000e+001 0.000000000e+000 9.983856089e-001 1.614391077e-003 1.600000000e+000 1.600000000e+000 3.741524511e-002 0.000000000e+000 0.000000000e+000 -3.741524511e-002 
d 1.000000000e+000 1.220000000e+000 1.967976667e-006 3.356509590e-007 3.356509590e-007 1.967976667e-006 1.220000000e+000 9.000000000e+001 0.000000000e+000 9.983856089e-001 1.614391077e-003 1.700000000e+000 1.700000000e+000 3.743853825e-002 0.000000000e+000 0.000000000e+000 -3.743853825e-002 
d 1.000000000e+000 1.220000000e+000 1.967976667e-006 3.356509590e-007 3.356509590e-007 1.967976667e-006 1.220000000e+000 9.000000000e+001 0.000000000e+000 9.983856089e-001 1.614391077e-003 1.800000000e+000 1.800000000e+000 3.745824448e-002 0.000000000e+000 0.000000000e+000 -3.745824448e-002 
d 1.000000000e+000 1.220000000e+000 1.967976667e-006 3.356509590e-007 3.356509590e-007 1.967976667e-006 1.220000000e+000 9.000000000e+001 0.000000000e+000 9.983856089e-001 1.614391077e-003 1.900000000e+000 1.900000000e+000 3.747508857e-002 0.000000000e+000 0.000000000e+000 -3.747508857e-002 
d 1.000000000e+000 1.220000000e+000 1.967976667e-006 3.356509590e-007 3.356509590e-007 1.967976667e-006 1.220000000e+000 9.000000000e+001 0.000000000e+000 9.983856089e-001 1.614391077e-003 2.000000000e+000 2.000000000e+000 3.748961871e-002 0.000000000e+000 0.000000000e+000 -3.748961871e-002 
d 1.000000000e+000 1.220000000e+000 1.967976667e-006 3.356509590e-007 3.356509590e-007 1.967976667e-006 1.220000000e+000 9.000000000e+001 0.000000000e+000 9.983856089e-001 1.614391077e-003 2.100000000e+000 2.100000000e+000 3.750225601e-002 0.000000000e+000 0.000000000e+000 -3.750225601e-002 
d 1.000000000e+000 1.220000000e+000 1.967976667e-006 3.356509590e-007 3.356509590e-007 1.967976667e-006 1.220000000e+000 9.000000000e+001 0.000000000e+000 9.983856089e-001 1.614391077e-003 2.200000000e+000 2.200000000e+000 3.751332853e-002 0.000000000e+000 0.000000000e+000 -3.751332853e-002 
d 1.000000000e+000 1.220000000e+000 1.967976667e-006 3.356509590e-007 3.356509590e-007 1.967976667e-006 1.220000000e+000 9.000000000e+001 0.000000000e+000 9.983856089e-001 1.614391077e-003 2.300000000e+000 2.300000000e+000 3.752309509e-002 0.000000000e+000 0.000000000e+000 -3.752309509e-002 
d 1.000000000e+000 1.220000000e+000 1.967976667e-006 3.356509590e-007 3.356509590e-007 1.967976667e-006 1.220000000e+000 9.000000000e+001 0.000000000e+000 9.983856089e-001 1.614391077e-003 2.400000000e+000 2.400000000e+000 3.753176221e-002 0.000000000e+000 0.000000000e+000 -3.753176221e-002 
d 1.000000000e+000 1.220000000e+000 1.967976667e-006 3.356509590e-007 3.356509590e-007 1.967976667e-006 1.220000000e+000 9.000000000e+001 0.000000000e+000 9.983856089e-001 1.614391077e-003 2.500000000e+000 2.500000000e+000 3.753949639e-002 0.000000000e+000 0.000000000e+000 -3.753949639e-002 
d 1.000000000e+000 1.220000000e+000 1.967976667e-006 3.356509590e-007 3.356509590e-007 1.967976667e-006 1.220000000e+000 9.000000000e+001 0.000000000e+000 9.983856089e-001 1.614391077e-003 2.600000000e+000 2.600000000e+000 3.754643319e-002 0.000000000e+000 0.000000000e+000 -3.754643319e-002 
d 1.000000000e+000 1.220000000e+000 1.967976667e-006 3.356509590e-007 3.356509590e-007 1.967976667e-006 1.220000000e+000 9.000000000e+001 0.000000000e+000 9.983856089e-001 1.614391077e-003 2.700000000e+000 2.700000000e+000 3.755268393e-002 0.000000000e+000 0.000000000e+000 -3.755268393e-002 
d 1.000000000e+000 1.220000000e+000 1.967976667e-006 3.356509590e-007 3.356509590e-007 1.967976667e-006 1.220000000e+000 9.000000000e+001 0.000000000e+000 9.983856089e-001 1.614391077e-003 2.800000000e+000 2.800000000e+000 3.755834074e-002 0.000000000e+000 0.000000000e+000 -3.755834074e-002 
d 1.000000000e+000 1.220000000e+000 1.967976667e-006 3.356509590e-007 3.356509590e-007 1.967976667e-006 1.220000000e+000 9.000000000e+001 0.000000000e+000 9.983856089e-001 1.614391077e-003 2.900000000e+000 2.900000000e+000 3.756348046e-002 0.000000000e+000 0.000000000e+000 -3.756348046e-002 
d 1.000000000e+000 1.220000000e+000 1.967976667e-006 3.356509590e-007 3.356509590e-007 1.967976667e-006 1.220000000e+000 9.000000000e+001 0.000000000e+000 9.983856089e-001 1.614391077e-003 3.000000000e+000 3.000000000e+000 3.756816764e-002 0.000000000e+000 0.000000000e+000 -3.756816764e-002 
