v ATLAS
# This file was created by ATLAS version 5.28.1.R on Wed Apr 05 00:29:52 2023.
#SSF 2.0 generic
##############################################################################
#                    Copyright (c) 1984 - 2019                               #
#                    Silvaco Inc. All rights reserved                        #
#                                                                            #
# This file format and the following Key are copyright Silvaco Inc.          #
# You may not use, this format or key without reproducing this message in    #
# full and obtaining express written permission from Silvaco Inc.            #
#                                                                            #
# To obtain such permission please contact: Silvaco Inc.                     #
#                                           support@silvaco.com              #
#                                                                            #
# KEY=SVC86hn7562asdx                       PROD=345                         #
##############################################################################
y 1 15
z 300
f 2 "anode" "cathode" 
p 17 91 4000 4010 4020 85 86 87 308 354 355 356 2 601 20 3 602 21 
d 1.000000000e+000 6.000000000e-001 9.678573774e-007 1.562551506e-007 1.562551506e-007 9.678573774e-007 6.000000000e-001 9.000000000e+001 0.000000000e+000 1.000000000e+000 0.000000000e+000 1.000000000e-001 1.000000000e-001 1.590602460e-002 0.000000000e+000 0.000000000e+000 -1.590602460e-002 
d 1.000000000e+000 6.250000000e-001 1.008184768e-006 1.640227495e-007 1.640227495e-007 1.008184768e-006 6.250000000e-001 9.000000000e+001 0.000000000e+000 1.000000000e+000 0.000000000e+000 1.000000000e-001 1.000000000e-001 1.590603307e-002 0.000000000e+000 0.000000000e+000 -1.590603307e-002 
d 1.000000000e+000 6.500000000e-001 1.048512159e-006 1.717209647e-007 1.717209647e-007 1.048512159e-006 6.500000000e-001 9.000000000e+001 0.000000000e+000 1.000000000e+000 0.000000000e+000 1.000000000e-001 1.000000000e-001 1.590604243e-002 0.000000000e+000 0.000000000e+000 -1.590604243e-002 
d 1.000000000e+000 6.750000000e-001 1.088839550e-006 1.793087364e-007 1.793087364e-007 1.088839550e-006 6.750000000e-001 9.000000000e+001 0.000000000e+000 1.000000000e+000 0.000000000e+000 1.000000000e-001 1.000000000e-001 1.590605090e-002 0.000000000e+000 0.000000000e+000 -1.590605090e-002 
d 1.000000000e+000 7.000000000e-001 1.129166940e-006 1.868228447e-007 1.868228447e-007 1.129166940e-006 7.000000000e-001 9.000000000e+001 0.000000000e+000 1.000000000e+000 0.000000000e+000 1.000000000e-001 1.000000000e-001 1.590605902e-002 0.000000000e+000 0.000000000e+000 -1.590605902e-002 
d 1.000000000e+000 7.250000000e-001 1.169494331e-006 1.942740526e-007 1.942740526e-007 1.169494331e-006 7.250000000e-001 9.000000000e+001 0.000000000e+000 1.000000000e+000 0.000000000e+000 1.000000000e-001 1.000000000e-001 1.590606704e-002 0.000000000e+000 0.000000000e+000 -1.590606704e-002 
d 1.000000000e+000 7.500000000e-001 1.209821722e-006 2.016674810e-007 2.016674810e-007 1.209821722e-006 7.500000000e-001 9.000000000e+001 0.000000000e+000 1.000000000e+000 0.000000000e+000 1.000000000e-001 1.000000000e-001 1.590607549e-002 0.000000000e+000 0.000000000e+000 -1.590607549e-002 
d 1.000000000e+000 7.750000000e-001 1.250149113e-006 2.090617831e-007 2.090617831e-007 1.250149113e-006 7.750000000e-001 9.000000000e+001 0.000000000e+000 1.000000000e+000 0.000000000e+000 1.000000000e-001 1.000000000e-001 1.590608420e-002 0.000000000e+000 0.000000000e+000 -1.590608420e-002 
d 1.000000000e+000 8.000000000e-001 1.290476503e-006 2.164971888e-007 2.164971888e-007 1.290476503e-006 8.000000000e-001 9.000000000e+001 0.000000000e+000 1.000000000e+000 0.000000000e+000 1.000000000e-001 1.000000000e-001 1.590609307e-002 0.000000000e+000 0.000000000e+000 -1.590609307e-002 
d 1.000000000e+000 8.250000000e-001 1.330803894e-006 2.239425933e-007 2.239425933e-007 1.330803894e-006 8.250000000e-001 9.000000000e+001 0.000000000e+000 1.000000000e+000 2.484760366e-015 1.000000000e-001 1.000000000e-001 1.590610171e-002 0.000000000e+000 0.000000000e+000 -1.590610171e-002 
d 1.000000000e+000 8.500000000e-001 1.371131285e-006 2.313966663e-007 2.313966663e-007 1.371131285e-006 8.500000000e-001 9.000000000e+001 0.000000000e+000 1.000000000e+000 2.954370096e-013 1.000000000e-001 1.000000000e-001 1.590610950e-002 0.000000000e+000 0.000000000e+000 -1.590610950e-002 
d 1.000000000e+000 8.750000000e-001 1.411458675e-006 2.388022826e-007 2.388022826e-007 1.411458675e-006 8.750000000e-001 9.000000000e+001 0.000000000e+000 1.000000000e+000 9.518814501e-012 1.000000000e-001 1.000000000e-001 1.590611676e-002 0.000000000e+000 0.000000000e+000 -1.590611676e-002 
d 1.000000000e+000 9.000000000e-001 1.451786066e-006 2.461167583e-007 2.461167583e-007 1.451786066e-006 9.000000000e-001 9.000000000e+001 0.000000000e+000 9.999999998e-001 1.741466272e-010 1.000000000e-001 1.000000000e-001 1.590612381e-002 0.000000000e+000 0.000000000e+000 -1.590612381e-002 
d 1.000000000e+000 9.250000000e-001 1.492113457e-006 2.533806615e-007 2.533806615e-007 1.492113457e-006 9.250000000e-001 9.000000000e+001 0.000000000e+000 9.999999979e-001 2.114693369e-009 1.000000000e-001 1.000000000e-001 1.590613069e-002 0.000000000e+000 0.000000000e+000 -1.590613069e-002 
d 1.000000000e+000 9.500000000e-001 1.532440848e-006 2.606215094e-007 2.606215094e-007 1.532440848e-006 9.500000000e-001 9.000000000e+001 0.000000000e+000 9.999999812e-001 1.880156109e-008 1.000000000e-001 1.000000000e-001 1.590613743e-002 0.000000000e+000 0.000000000e+000 -1.590613743e-002 
d 1.000000000e+000 9.750000000e-001 1.572768238e-006 2.678594801e-007 2.678594801e-007 1.572768238e-006 9.750000000e-001 9.000000000e+001 0.000000000e+000 9.999998378e-001 1.621733279e-007 1.000000000e-001 1.000000000e-001 1.590614418e-002 0.000000000e+000 0.000000000e+000 -1.590614418e-002 
d 1.000000000e+000 1.000000000e+000 1.613095629e-006 2.750993523e-007 2.750993523e-007 1.613095629e-006 1.000000000e+000 9.000000000e+001 0.000000000e+000 9.999989838e-001 1.016233771e-006 1.000000000e-001 1.000000000e-001 1.590615067e-002 0.000000000e+000 0.000000000e+000 -1.590615067e-002 
d 1.000000000e+000 1.025000000e+000 1.653423020e-006 2.823356811e-007 2.823356811e-007 1.653423020e-006 1.025000000e+000 9.000000000e+001 0.000000000e+000 9.999952910e-001 4.708966019e-006 1.000000000e-001 1.000000000e-001 1.590615685e-002 0.000000000e+000 0.000000000e+000 -1.590615685e-002 
d 1.000000000e+000 1.050000000e+000 1.693750410e-006 2.895660854e-007 2.895660854e-007 1.693750410e-006 1.050000000e+000 9.000000000e+001 0.000000000e+000 9.999910733e-001 8.926653043e-006 1.000000000e-001 1.000000000e-001 1.590616240e-002 0.000000000e+000 0.000000000e+000 -1.590616240e-002 
d 1.000000000e+000 1.075000000e+000 1.734077801e-006 2.968059658e-007 2.968059658e-007 1.734077801e-006 1.075000000e+000 9.000000000e+001 0.000000000e+000 9.999858776e-001 1.412241385e-005 1.000000000e-001 1.000000000e-001 1.590616785e-002 0.000000000e+000 0.000000000e+000 -1.590616785e-002 
d 1.000000000e+000 1.100000000e+000 1.774405192e-006 3.040285047e-007 3.040285047e-007 1.774405192e-006 1.100000000e+000 9.000000000e+001 0.000000000e+000 9.999785542e-001 2.144579236e-005 1.000000000e-001 1.000000000e-001 1.590617324e-002 0.000000000e+000 0.000000000e+000 -1.590617324e-002 
d 1.000000000e+000 1.125000000e+000 1.814732583e-006 3.112544032e-007 3.112544032e-007 1.814732583e-006 1.125000000e+000 9.000000000e+001 0.000000000e+000 9.999660940e-001 3.390598248e-005 1.000000000e-001 1.000000000e-001 1.590617861e-002 0.000000000e+000 0.000000000e+000 -1.590617861e-002 
d 1.000000000e+000 1.150000000e+000 1.855059973e-006 3.183785519e-007 3.183785519e-007 1.855059973e-006 1.150000000e+000 9.000000000e+001 0.000000000e+000 9.999050546e-001 9.494537351e-005 1.000000000e-001 1.000000000e-001 1.590618392e-002 0.000000000e+000 0.000000000e+000 -1.590618392e-002 
d 1.000000000e+000 1.175000000e+000 1.895387364e-006 3.253255802e-007 3.253255802e-007 1.895387364e-006 1.175000000e+000 9.000000000e+001 0.000000000e+000 9.997455160e-001 2.544840184e-004 1.000000000e-001 1.000000000e-001 1.590618874e-002 0.000000000e+000 0.000000000e+000 -1.590618874e-002 
d 1.000000000e+000 1.200000000e+000 1.935714755e-006 3.316423222e-007 3.316423222e-007 1.935714755e-006 1.200000000e+000 9.000000000e+001 0.000000000e+000 9.992793764e-001 7.206236069e-004 1.000000000e-001 1.000000000e-001 1.590619254e-002 0.000000000e+000 0.000000000e+000 -1.590619254e-002 
d 1.000000000e+000 1.225000000e+000 1.976042146e-006 3.363901986e-007 3.363901986e-007 1.976042146e-006 1.225000000e+000 9.000000000e+001 0.000000000e+000 9.980330281e-001 1.966971932e-003 1.000000000e-001 1.000000000e-001 1.590619447e-002 0.000000000e+000 0.000000000e+000 -1.590619447e-002 
d 1.000000000e+000 1.250000000e+000 2.016369536e-006 3.373419486e-007 3.373419486e-007 2.016369536e-006 1.250000000e+000 9.000000000e+001 0.000000000e+000 9.949623497e-001 5.037650317e-003 1.000000000e-001 1.000000000e-001 1.590619290e-002 0.000000000e+000 0.000000000e+000 -1.590619290e-002 
d 1.000000000e+000 1.275000000e+000 2.056696927e-006 3.295578609e-007 3.295578609e-007 2.056696927e-006 1.275000000e+000 9.000000000e+001 0.000000000e+000 9.877696427e-001 1.223035729e-002 1.000000000e-001 1.000000000e-001 1.590618443e-002 0.000000000e+000 0.000000000e+000 -1.590618443e-002 
d 1.000000000e+000 1.300000000e+000 2.097024318e-006 3.017551442e-007 3.017551442e-007 2.097024318e-006 1.300000000e+000 9.000000000e+001 0.000000000e+000 9.713023077e-001 2.869769230e-002 1.000000000e-001 1.000000000e-001 1.590616161e-002 0.000000000e+000 0.000000000e+000 -1.590616161e-002 
d 1.000000000e+000 1.325000000e+000 2.137351708e-006 2.574407505e-007 2.574407505e-007 2.137351708e-006 1.325000000e+000 9.000000000e+001 0.000000000e+000 9.477453846e-001 5.225461540e-002 1.000000000e-001 1.000000000e-001 1.590612872e-002 0.000000000e+000 0.000000000e+000 -1.590612872e-002 
d 1.000000000e+000 1.350000000e+000 2.177679099e-006 1.749791902e-007 1.749791902e-007 2.177679099e-006 1.350000000e+000 9.000000000e+001 0.000000000e+000 9.075400309e-001 9.245996909e-002 1.000000000e-001 1.000000000e-001 1.590607099e-002 0.000000000e+000 0.000000000e+000 -1.590607099e-002 
d 1.000000000e+000 1.375000000e+000 2.218006490e-006 4.077164948e-008 4.077164948e-008 2.218006490e-006 1.375000000e+000 9.000000000e+001 0.000000000e+000 8.454638084e-001 1.545361916e-001 1.000000000e-001 1.000000000e-001 1.590598061e-002 0.000000000e+000 0.000000000e+000 -1.590598061e-002 
d 1.000000000e+000 1.400000000e+000 2.258333881e-006 3.615665921e-008 3.615665921e-008 2.258333881e-006 1.400000000e+000 9.000000000e+001 0.000000000e+000 8.429997942e-001 1.570002058e-001 1.000000000e-001 1.000000000e-001 1.590597755e-002 0.000000000e+000 0.000000000e+000 -1.590597755e-002 
d 1.000000000e+000 1.425000000e+000 2.298661271e-006 3.145677508e-008 3.145677508e-008 2.298661271e-006 1.425000000e+000 9.000000000e+001 0.000000000e+000 8.405819862e-001 1.594180138e-001 1.000000000e-001 1.000000000e-001 1.590597443e-002 0.000000000e+000 0.000000000e+000 -1.590597443e-002 
d 1.000000000e+000 1.450000000e+000 2.338988662e-006 2.667487286e-008 2.667487286e-008 2.338988662e-006 1.450000000e+000 9.000000000e+001 0.000000000e+000 8.382092196e-001 1.617907804e-001 1.000000000e-001 1.000000000e-001 1.590597126e-002 0.000000000e+000 0.000000000e+000 -1.590597126e-002 
d 1.000000000e+000 1.475000000e+000 2.379316053e-006 2.316341000e-008 2.316341000e-008 2.379316053e-006 1.475000000e+000 9.000000000e+001 0.000000000e+000 8.364613493e-001 1.635386507e-001 1.000000000e-001 1.000000000e-001 1.590596894e-002 0.000000000e+000 0.000000000e+000 -1.590596894e-002 
d 1.000000000e+000 1.500000000e+000 2.419643444e-006 1.989867343e-008 1.989867343e-008 2.419643444e-006 1.500000000e+000 9.000000000e+001 0.000000000e+000 8.348739487e-001 1.651260513e-001 1.000000000e-001 1.000000000e-001 1.590596678e-002 0.000000000e+000 0.000000000e+000 -1.590596678e-002 
d 1.000000000e+000 1.525000000e+000 2.459970834e-006 1.659819882e-008 1.659819882e-008 2.459970834e-006 1.525000000e+000 9.000000000e+001 0.000000000e+000 8.333215225e-001 1.666784775e-001 1.000000000e-001 1.000000000e-001 1.590596459e-002 0.000000000e+000 0.000000000e+000 -1.590596459e-002 
d 1.000000000e+000 1.550000000e+000 2.500298225e-006 1.350178870e-008 1.350178870e-008 2.500298225e-006 1.550000000e+000 9.000000000e+001 0.000000000e+000 8.319010584e-001 1.680989416e-001 1.000000000e-001 1.000000000e-001 1.590596254e-002 0.000000000e+000 0.000000000e+000 -1.590596254e-002 
d 1.000000000e+000 1.575000000e+000 2.540625616e-006 1.152882851e-008 1.152882851e-008 2.540625616e-006 1.575000000e+000 9.000000000e+001 0.000000000e+000 8.309788231e-001 1.690211769e-001 1.000000000e-001 1.000000000e-001 1.590596124e-002 0.000000000e+000 0.000000000e+000 -1.590596124e-002 
d 1.000000000e+000 1.600000000e+000 2.580953006e-006 9.543570928e-009 9.543570928e-009 2.580953006e-006 1.600000000e+000 9.000000000e+001 0.000000000e+000 8.300787347e-001 1.699212653e-001 1.000000000e-001 1.000000000e-001 1.590595993e-002 0.000000000e+000 0.000000000e+000 -1.590595993e-002 
