v ATLAS
# This file was created by ATLAS version 5.28.1.R on Wed Apr 05 00:37:08 2023.
#SSF 2.0 generic
##############################################################################
#                    Copyright (c) 1984 - 2019                               #
#                    Silvaco Inc. All rights reserved                        #
#                                                                            #
# This file format and the following Key are copyright Silvaco Inc.          #
# You may not use, this format or key without reproducing this message in    #
# full and obtaining express written permission from Silvaco Inc.            #
#                                                                            #
# To obtain such permission please contact: Silvaco Inc.                     #
#                                           support@silvaco.com              #
#                                                                            #
# KEY=SVC86hn7562asdx                       PROD=345                         #
##############################################################################
y 1 15
z 300
f 2 "anode" "cathode" 
p 17 91 4000 4010 4020 85 86 87 308 354 355 356 2 601 20 3 602 21 
d 1.000000000e+000 1.220000000e+000 1.967976667e-006 9.398226852e-007 9.398226852e-007 1.967976667e-006 1.220000000e+000 9.000000000e+001 0.000000000e+000 9.954797050e-001 4.520295017e-003 0.000000000e+000 0.000000000e+000 1.607280160e-007 0.000000000e+000 0.000000000e+000 -1.607280160e-007 
d 1.000000000e+000 1.220000000e+000 1.967976667e-006 9.398226852e-007 9.398226852e-007 1.967976667e-006 1.220000000e+000 9.000000000e+001 0.000000000e+000 9.954797050e-001 4.520295017e-003 -1.250000000e-001 -1.250000000e-001 -9.658931099e-003 0.000000000e+000 0.000000000e+000 9.658931099e-003 
d 1.000000000e+000 1.220000000e+000 1.967976667e-006 9.398226852e-007 9.398226852e-007 1.967976667e-006 1.220000000e+000 9.000000000e+001 0.000000000e+000 9.954797050e-001 4.520295017e-003 -2.500000000e-001 -2.500000000e-001 -2.141638457e-002 0.000000000e+000 0.000000000e+000 2.141638463e-002 
d 1.000000000e+000 1.220000000e+000 1.967976667e-006 9.398226852e-007 9.398226852e-007 1.967976667e-006 1.220000000e+000 9.000000000e+001 0.000000000e+000 9.954797050e-001 4.520295017e-003 -5.000000000e-001 -5.000000000e-001 -4.654256150e-002 0.000000000e+000 0.000000000e+000 4.654256150e-002 
d 1.000000000e+000 1.220000000e+000 1.967976667e-006 9.398226852e-007 9.398226852e-007 1.967976667e-006 1.220000000e+000 9.000000000e+001 0.000000000e+000 9.954797050e-001 4.520295017e-003 -1.000000000e+000 -1.000000000e+000 -9.432422444e-002 0.000000000e+000 0.000000000e+000 9.432422444e-002 
d 1.000000000e+000 1.220000000e+000 1.967976667e-006 9.398226852e-007 9.398226852e-007 1.967976667e-006 1.220000000e+000 9.000000000e+001 0.000000000e+000 9.954797050e-001 4.520295017e-003 -2.000000000e+000 -2.000000000e+000 -1.380702169e-001 0.000000000e+000 0.000000000e+000 1.380702166e-001 
d 1.000000000e+000 1.220000000e+000 1.967976667e-006 9.398226852e-007 9.398226852e-007 1.967976667e-006 1.220000000e+000 9.000000000e+001 0.000000000e+000 9.954797050e-001 4.520295017e-003 -1.900000000e+000 -1.900000000e+000 -1.372868983e-001 0.000000000e+000 0.000000000e+000 1.372868983e-001 
d 1.000000000e+000 1.220000000e+000 1.967976667e-006 9.398226852e-007 9.398226852e-007 1.967976667e-006 1.220000000e+000 9.000000000e+001 0.000000000e+000 9.954797050e-001 4.520295017e-003 -1.800000000e+000 -1.800000000e+000 -1.361171870e-001 0.000000000e+000 0.000000000e+000 1.361171870e-001 
d 1.000000000e+000 1.220000000e+000 1.967976667e-006 9.398226852e-007 9.398226852e-007 1.967976667e-006 1.220000000e+000 9.000000000e+001 0.000000000e+000 9.954797050e-001 4.520295017e-003 -1.700000000e+000 -1.700000000e+000 -1.343555616e-001 0.000000000e+000 0.000000000e+000 1.343555616e-001 
d 1.000000000e+000 1.220000000e+000 1.967976667e-006 9.398226852e-007 9.398226852e-007 1.967976667e-006 1.220000000e+000 9.000000000e+001 0.000000000e+000 9.954797050e-001 4.520295017e-003 -1.600000000e+000 -1.600000000e+000 -1.317464016e-001 0.000000000e+000 0.000000000e+000 1.317463998e-001 
d 1.000000000e+000 1.220000000e+000 1.967976667e-006 9.398226852e-007 9.398226852e-007 1.967976667e-006 1.220000000e+000 9.000000000e+001 0.000000000e+000 9.954797050e-001 4.520295017e-003 -1.500000000e+000 -1.500000000e+000 -1.280637138e-001 0.000000000e+000 0.000000000e+000 1.280636916e-001 
d 1.000000000e+000 1.220000000e+000 1.967976667e-006 9.398226852e-007 9.398226852e-007 1.967976667e-006 1.220000000e+000 9.000000000e+001 0.000000000e+000 9.954797050e-001 4.520295017e-003 -1.400000000e+000 -1.400000000e+000 -1.232157685e-001 0.000000000e+000 0.000000000e+000 1.232156856e-001 
d 1.000000000e+000 1.220000000e+000 1.967976667e-006 9.398226852e-007 9.398226852e-007 1.967976667e-006 1.220000000e+000 9.000000000e+001 0.000000000e+000 9.954797050e-001 4.520295017e-003 -1.300000000e+000 -1.300000000e+000 -1.172663251e-001 0.000000000e+000 0.000000000e+000 1.172663251e-001 
d 1.000000000e+000 1.220000000e+000 1.967976667e-006 9.398226852e-007 9.398226852e-007 1.967976667e-006 1.220000000e+000 9.000000000e+001 0.000000000e+000 9.954797050e-001 4.520295017e-003 -1.200000000e+000 -1.200000000e+000 -1.103637778e-001 0.000000000e+000 0.000000000e+000 1.103637144e-001 
d 1.000000000e+000 1.220000000e+000 1.967976667e-006 9.398226852e-007 9.398226852e-007 1.967976667e-006 1.220000000e+000 9.000000000e+001 0.000000000e+000 9.954797050e-001 4.520295017e-003 -1.100000000e+000 -1.100000000e+000 -1.026689053e-001 0.000000000e+000 0.000000000e+000 1.026688818e-001 
d 1.000000000e+000 1.220000000e+000 1.967976667e-006 9.398226852e-007 9.398226852e-007 1.967976667e-006 1.220000000e+000 9.000000000e+001 0.000000000e+000 9.954797050e-001 4.520295017e-003 -1.000000000e+000 -1.000000000e+000 -9.432422577e-002 0.000000000e+000 0.000000000e+000 9.432421933e-002 
d 1.000000000e+000 1.220000000e+000 1.967976667e-006 9.398226852e-007 9.398226852e-007 1.967976667e-006 1.220000000e+000 9.000000000e+001 0.000000000e+000 9.954797050e-001 4.520295017e-003 -9.000000000e-001 -9.000000000e-001 -8.544934636e-002 0.000000000e+000 0.000000000e+000 8.544934501e-002 
d 1.000000000e+000 1.220000000e+000 1.967976667e-006 9.398226852e-007 9.398226852e-007 1.967976667e-006 1.220000000e+000 9.000000000e+001 0.000000000e+000 9.954797050e-001 4.520295017e-003 -8.000000000e-001 -8.000000000e-001 -7.614565467e-002 0.000000000e+000 0.000000000e+000 7.614565447e-002 
d 1.000000000e+000 1.220000000e+000 1.967976667e-006 9.398226852e-007 9.398226852e-007 1.967976667e-006 1.220000000e+000 9.000000000e+001 0.000000000e+000 9.954797050e-001 4.520295017e-003 -7.000000000e-001 -7.000000000e-001 -6.650286463e-002 0.000000000e+000 0.000000000e+000 6.650286461e-002 
d 1.000000000e+000 1.220000000e+000 1.967976667e-006 9.398226852e-007 9.398226852e-007 1.967976667e-006 1.220000000e+000 9.000000000e+001 0.000000000e+000 9.954797050e-001 4.520295017e-003 -6.000000000e-001 -6.000000000e-001 -5.660586986e-002 0.000000000e+000 0.000000000e+000 5.660586986e-002 
d 1.000000000e+000 1.220000000e+000 1.967976667e-006 9.398226852e-007 9.398226852e-007 1.967976667e-006 1.220000000e+000 9.000000000e+001 0.000000000e+000 9.954797050e-001 4.520295017e-003 -5.000000000e-001 -5.000000000e-001 -4.654256150e-002 0.000000000e+000 0.000000000e+000 4.654256150e-002 
d 1.000000000e+000 1.220000000e+000 1.967976667e-006 9.398226852e-007 9.398226852e-007 1.967976667e-006 1.220000000e+000 9.000000000e+001 0.000000000e+000 9.954797050e-001 4.520295017e-003 -4.000000000e-001 -4.000000000e-001 -3.641480436e-002 0.000000000e+000 0.000000000e+000 3.641480436e-002 
d 1.000000000e+000 1.220000000e+000 1.967976667e-006 9.398226852e-007 9.398226852e-007 1.967976667e-006 1.220000000e+000 9.000000000e+001 0.000000000e+000 9.954797050e-001 4.520295017e-003 -3.000000000e-001 -3.000000000e-001 -2.635775163e-002 0.000000000e+000 0.000000000e+000 2.635775169e-002 
d 1.000000000e+000 1.220000000e+000 1.967976667e-006 9.398226852e-007 9.398226852e-007 1.967976667e-006 1.220000000e+000 9.000000000e+001 0.000000000e+000 9.954797050e-001 4.520295017e-003 -2.000000000e-001 -2.000000000e-001 -1.658170708e-002 0.000000000e+000 0.000000000e+000 1.658170708e-002 
d 1.000000000e+000 1.220000000e+000 1.967976667e-006 9.398226852e-007 9.398226852e-007 1.967976667e-006 1.220000000e+000 9.000000000e+001 0.000000000e+000 9.954797050e-001 4.520295017e-003 -1.000000000e-001 -1.000000000e-001 -7.483974685e-003 0.000000000e+000 0.000000000e+000 7.483974685e-003 
d 1.000000000e+000 1.220000000e+000 1.967976667e-006 9.398226852e-007 9.398226852e-007 1.967976667e-006 1.220000000e+000 9.000000000e+001 0.000000000e+000 9.954797050e-001 4.520295017e-003 -4.821858528e-016 -4.821858528e-016 1.607280159e-007 0.000000000e+000 0.000000000e+000 -1.607280159e-007 
d 1.000000000e+000 1.220000000e+000 1.967976667e-006 9.398226852e-007 9.398226852e-007 1.967976667e-006 1.220000000e+000 9.000000000e+001 0.000000000e+000 9.954797050e-001 4.520295017e-003 1.000000000e-001 1.000000000e-001 4.029036973e-003 0.000000000e+000 0.000000000e+000 -4.029036949e-003 
d 1.000000000e+000 1.220000000e+000 1.967976667e-006 9.398226852e-007 9.398226852e-007 1.967976667e-006 1.220000000e+000 9.000000000e+001 0.000000000e+000 9.954797050e-001 4.520295017e-003 2.000000000e-001 2.000000000e-001 5.153586896e-003 0.000000000e+000 0.000000000e+000 -5.153586896e-003 
d 1.000000000e+000 1.220000000e+000 1.967976667e-006 9.398226852e-007 9.398226852e-007 1.967976667e-006 1.220000000e+000 9.000000000e+001 0.000000000e+000 9.954797050e-001 4.520295017e-003 3.000000000e-001 3.000000000e-001 5.550471702e-003 0.000000000e+000 0.000000000e+000 -5.550471702e-003 
d 1.000000000e+000 1.220000000e+000 1.967976667e-006 9.398226852e-007 9.398226852e-007 1.967976667e-006 1.220000000e+000 9.000000000e+001 0.000000000e+000 9.954797050e-001 4.520295017e-003 4.000000000e-001 4.000000000e-001 5.747194137e-003 0.000000000e+000 0.000000000e+000 -5.747194137e-003 
d 1.000000000e+000 1.220000000e+000 1.967976667e-006 9.398226852e-007 9.398226852e-007 1.967976667e-006 1.220000000e+000 9.000000000e+001 0.000000000e+000 9.954797050e-001 4.520295017e-003 5.000000000e-001 5.000000000e-001 5.858305813e-003 0.000000000e+000 0.000000000e+000 -5.858305813e-003 
d 1.000000000e+000 1.220000000e+000 1.967976667e-006 9.398226852e-007 9.398226852e-007 1.967976667e-006 1.220000000e+000 9.000000000e+001 0.000000000e+000 9.954797050e-001 4.520295017e-003 6.000000000e-001 6.000000000e-001 5.926686185e-003 0.000000000e+000 0.000000000e+000 -5.926686185e-003 
d 1.000000000e+000 1.220000000e+000 1.967976667e-006 9.398226852e-007 9.398226852e-007 1.967976667e-006 1.220000000e+000 9.000000000e+001 0.000000000e+000 9.954797050e-001 4.520295017e-003 7.000000000e-001 7.000000000e-001 5.971626724e-003 0.000000000e+000 0.000000000e+000 -5.971626724e-003 
d 1.000000000e+000 1.220000000e+000 1.967976667e-006 9.398226852e-007 9.398226852e-007 1.967976667e-006 1.220000000e+000 9.000000000e+001 0.000000000e+000 9.954797050e-001 4.520295017e-003 8.000000000e-001 8.000000000e-001 6.002724765e-003 0.000000000e+000 0.000000000e+000 -6.002724765e-003 
d 1.000000000e+000 1.220000000e+000 1.967976667e-006 9.398226852e-007 9.398226852e-007 1.967976667e-006 1.220000000e+000 9.000000000e+001 0.000000000e+000 9.954797050e-001 4.520295017e-003 9.000000000e-001 9.000000000e-001 6.025148651e-003 0.000000000e+000 0.000000000e+000 -6.025148651e-003 
d 1.000000000e+000 1.220000000e+000 1.967976667e-006 9.398226852e-007 9.398226852e-007 1.967976667e-006 1.220000000e+000 9.000000000e+001 0.000000000e+000 9.954797050e-001 4.520295017e-003 1.000000000e+000 1.000000000e+000 6.041868237e-003 0.000000000e+000 0.000000000e+000 -6.041868237e-003 
d 1.000000000e+000 1.220000000e+000 1.967976667e-006 9.398226852e-007 9.398226852e-007 1.967976667e-006 1.220000000e+000 9.000000000e+001 0.000000000e+000 9.954797050e-001 4.520295017e-003 1.100000000e+000 1.100000000e+000 6.054684122e-003 0.000000000e+000 0.000000000e+000 -6.054684122e-003 
d 1.000000000e+000 1.220000000e+000 1.967976667e-006 9.398226852e-007 9.398226852e-007 1.967976667e-006 1.220000000e+000 9.000000000e+001 0.000000000e+000 9.954797050e-001 4.520295017e-003 1.200000000e+000 1.200000000e+000 6.064738042e-003 0.000000000e+000 0.000000000e+000 -6.064738042e-003 
d 1.000000000e+000 1.220000000e+000 1.967976667e-006 9.398226852e-007 9.398226852e-007 1.967976667e-006 1.220000000e+000 9.000000000e+001 0.000000000e+000 9.954797050e-001 4.520295017e-003 1.300000000e+000 1.300000000e+000 6.072781887e-003 0.000000000e+000 0.000000000e+000 -6.072781887e-003 
d 1.000000000e+000 1.220000000e+000 1.967976667e-006 9.398226852e-007 9.398226852e-007 1.967976667e-006 1.220000000e+000 9.000000000e+001 0.000000000e+000 9.954797050e-001 4.520295017e-003 1.400000000e+000 1.400000000e+000 6.079327095e-003 0.000000000e+000 0.000000000e+000 -6.079327095e-003 
d 1.000000000e+000 1.220000000e+000 1.967976667e-006 9.398226852e-007 9.398226852e-007 1.967976667e-006 1.220000000e+000 9.000000000e+001 0.000000000e+000 9.954797050e-001 4.520295017e-003 1.500000000e+000 1.500000000e+000 6.084731382e-003 0.000000000e+000 0.000000000e+000 -6.084731382e-003 
d 1.000000000e+000 1.220000000e+000 1.967976667e-006 9.398226852e-007 9.398226852e-007 1.967976667e-006 1.220000000e+000 9.000000000e+001 0.000000000e+000 9.954797050e-001 4.520295017e-003 1.600000000e+000 1.600000000e+000 6.089251095e-003 0.000000000e+000 0.000000000e+000 -6.089251095e-003 
d 1.000000000e+000 1.220000000e+000 1.967976667e-006 9.398226852e-007 9.398226852e-007 1.967976667e-006 1.220000000e+000 9.000000000e+001 0.000000000e+000 9.954797050e-001 4.520295017e-003 1.700000000e+000 1.700000000e+000 6.093073895e-003 0.000000000e+000 0.000000000e+000 -6.093073895e-003 
d 1.000000000e+000 1.220000000e+000 1.967976667e-006 9.398226852e-007 9.398226852e-007 1.967976667e-006 1.220000000e+000 9.000000000e+001 0.000000000e+000 9.954797050e-001 4.520295017e-003 1.800000000e+000 1.800000000e+000 6.096339768e-003 0.000000000e+000 0.000000000e+000 -6.096339768e-003 
d 1.000000000e+000 1.220000000e+000 1.967976667e-006 9.398226852e-007 9.398226852e-007 1.967976667e-006 1.220000000e+000 9.000000000e+001 0.000000000e+000 9.954797050e-001 4.520295017e-003 1.900000000e+000 1.900000000e+000 6.099154906e-003 0.000000000e+000 0.000000000e+000 -6.099154906e-003 
d 1.000000000e+000 1.220000000e+000 1.967976667e-006 9.398226852e-007 9.398226852e-007 1.967976667e-006 1.220000000e+000 9.000000000e+001 0.000000000e+000 9.954797050e-001 4.520295017e-003 2.000000000e+000 2.000000000e+000 6.101601078e-003 0.000000000e+000 0.000000000e+000 -6.101601078e-003 
d 1.000000000e+000 1.220000000e+000 1.967976667e-006 9.398226852e-007 9.398226852e-007 1.967976667e-006 1.220000000e+000 9.000000000e+001 0.000000000e+000 9.954797050e-001 4.520295017e-003 2.100000000e+000 2.100000000e+000 6.103742106e-003 0.000000000e+000 0.000000000e+000 -6.103742106e-003 
d 1.000000000e+000 1.220000000e+000 1.967976667e-006 9.398226852e-007 9.398226852e-007 1.967976667e-006 1.220000000e+000 9.000000000e+001 0.000000000e+000 9.954797050e-001 4.520295017e-003 2.200000000e+000 2.200000000e+000 6.105628417e-003 0.000000000e+000 0.000000000e+000 -6.105628417e-003 
d 1.000000000e+000 1.220000000e+000 1.967976667e-006 9.398226852e-007 9.398226852e-007 1.967976667e-006 1.220000000e+000 9.000000000e+001 0.000000000e+000 9.954797050e-001 4.520295017e-003 2.300000000e+000 2.300000000e+000 6.107300298e-003 0.000000000e+000 0.000000000e+000 -6.107300298e-003 
d 1.000000000e+000 1.220000000e+000 1.967976667e-006 9.398226852e-007 9.398226852e-007 1.967976667e-006 1.220000000e+000 9.000000000e+001 0.000000000e+000 9.954797050e-001 4.520295017e-003 2.400000000e+000 2.400000000e+000 6.108790262e-003 0.000000000e+000 0.000000000e+000 -6.108790262e-003 
d 1.000000000e+000 1.220000000e+000 1.967976667e-006 9.398226852e-007 9.398226852e-007 1.967976667e-006 1.220000000e+000 9.000000000e+001 0.000000000e+000 9.954797050e-001 4.520295017e-003 2.500000000e+000 2.500000000e+000 6.110124793e-003 0.000000000e+000 0.000000000e+000 -6.110124793e-003 
d 1.000000000e+000 1.220000000e+000 1.967976667e-006 9.398226852e-007 9.398226852e-007 1.967976667e-006 1.220000000e+000 9.000000000e+001 0.000000000e+000 9.954797050e-001 4.520295017e-003 2.600000000e+000 2.600000000e+000 6.111325653e-003 0.000000000e+000 0.000000000e+000 -6.111325653e-003 
d 1.000000000e+000 1.220000000e+000 1.967976667e-006 9.398226852e-007 9.398226852e-007 1.967976667e-006 1.220000000e+000 9.000000000e+001 0.000000000e+000 9.954797050e-001 4.520295017e-003 2.700000000e+000 2.700000000e+000 6.112410858e-003 0.000000000e+000 0.000000000e+000 -6.112410858e-003 
d 1.000000000e+000 1.220000000e+000 1.967976667e-006 9.398226852e-007 9.398226852e-007 1.967976667e-006 1.220000000e+000 9.000000000e+001 0.000000000e+000 9.954797050e-001 4.520295017e-003 2.800000000e+000 2.800000000e+000 6.113395439e-003 0.000000000e+000 0.000000000e+000 -6.113395439e-003 
d 1.000000000e+000 1.220000000e+000 1.967976667e-006 9.398226852e-007 9.398226852e-007 1.967976667e-006 1.220000000e+000 9.000000000e+001 0.000000000e+000 9.954797050e-001 4.520295017e-003 2.900000000e+000 2.900000000e+000 6.114292017e-003 0.000000000e+000 0.000000000e+000 -6.114292017e-003 
d 1.000000000e+000 1.220000000e+000 1.967976667e-006 9.398226852e-007 9.398226852e-007 1.967976667e-006 1.220000000e+000 9.000000000e+001 0.000000000e+000 9.954797050e-001 4.520295017e-003 3.000000000e+000 3.000000000e+000 6.115111258e-003 0.000000000e+000 0.000000000e+000 -6.115111258e-003 
