v ATLAS
# This file was created by ATLAS version 5.28.1.R on Tue Apr 04 19:02:29 2023.
#SSF 2.0 generic
##############################################################################
#                    Copyright (c) 1984 - 2019                               #
#                    Silvaco Inc. All rights reserved                        #
#                                                                            #
# This file format and the following Key are copyright Silvaco Inc.          #
# You may not use, this format or key without reproducing this message in    #
# full and obtaining express written permission from Silvaco Inc.            #
#                                                                            #
# To obtain such permission please contact: Silvaco Inc.                     #
#                                           support@silvaco.com              #
#                                                                            #
# KEY=SVC86hn7562asdx                       PROD=345                         #
##############################################################################
y 3 700 711 15
z 1000 1e+041 300
f 2 "gate" "source" 
p 6 2 601 20 3 602 21 
d 0.000000000e+000 0.000000000e+000 1.932202525e-014 -3.000000000e+000 -3.000000000e+000 -1.932218108e-014 
d 0.000000000e+000 0.000000000e+000 1.930945170e-014 -2.900000000e+000 -2.900000000e+000 -3.785061988e-015 
d 0.000000000e+000 0.000000000e+000 1.929647376e-014 -2.800000000e+000 -2.800000000e+000 -1.929647004e-014 
d 0.000000000e+000 0.000000000e+000 1.928306241e-014 -2.700000000e+000 -2.700000000e+000 -1.928306331e-014 
d 0.000000000e+000 0.000000000e+000 1.926917877e-014 -2.600000000e+000 -2.600000000e+000 -1.926918501e-014 
d 0.000000000e+000 0.000000000e+000 1.925478106e-014 -2.500000000e+000 -2.500000000e+000 -1.925478017e-014 
d 0.000000000e+000 0.000000000e+000 1.923982249e-014 -2.400000000e+000 -2.400000000e+000 -1.923982133e-014 
d 0.000000000e+000 0.000000000e+000 1.922425045e-014 -2.300000000e+000 -2.300000000e+000 -1.922425249e-014 
d 0.000000000e+000 0.000000000e+000 1.920800556e-014 -2.200000000e+000 -2.200000000e+000 -1.920800631e-014 
d 0.000000000e+000 0.000000000e+000 1.919102057e-014 -2.100000000e+000 -2.100000000e+000 -1.919102099e-014 
d 0.000000000e+000 0.000000000e+000 1.917321903e-014 -2.000000000e+000 -2.000000000e+000 -1.917321754e-014 
d 0.000000000e+000 0.000000000e+000 1.915451360e-014 -1.900000000e+000 -1.900000000e+000 -1.915451048e-014 
d 0.000000000e+000 0.000000000e+000 1.913480412e-014 -1.800000000e+000 -1.800000000e+000 -1.913480522e-014 
d 0.000000000e+000 0.000000000e+000 1.911397507e-014 -1.700000000e+000 -1.700000000e+000 -1.911397510e-014 
d 0.000000000e+000 0.000000000e+000 1.909189261e-014 -1.600000000e+000 -1.600000000e+000 -1.909189881e-014 
d 0.000000000e+000 0.000000000e+000 1.906840074e-014 -1.500000000e+000 -1.500000000e+000 -1.906839976e-014 
d 0.000000000e+000 0.000000000e+000 1.904331649e-014 -1.400000000e+000 -1.400000000e+000 -1.904331442e-014 
d 0.000000000e+000 0.000000000e+000 1.901642391e-014 -1.300000000e+000 -1.300000000e+000 -1.901641939e-014 
d 0.000000000e+000 0.000000000e+000 1.898746622e-014 -1.200000000e+000 -1.200000000e+000 -1.898746466e-014 
d 0.000000000e+000 0.000000000e+000 1.895613570e-014 -1.100000000e+000 -1.100000000e+000 -1.895613719e-014 
d 0.000000000e+000 0.000000000e+000 1.892206042e-014 -1.000000000e+000 -1.000000000e+000 -1.892206013e-014 
d 0.000000000e+000 0.000000000e+000 1.888478652e-014 -9.000000000e-001 -9.000000000e-001 -1.888478636e-014 
d 0.000000000e+000 0.000000000e+000 1.884375441e-014 -8.000000000e-001 -8.000000000e-001 -1.884375391e-014 
d 0.000000000e+000 0.000000000e+000 1.879826599e-014 -7.000000000e-001 -7.000000000e-001 -1.879826562e-014 
d 0.000000000e+000 0.000000000e+000 1.874743904e-014 -6.000000000e-001 -6.000000000e-001 -1.874744048e-014 
d 0.000000000e+000 0.000000000e+000 1.869014211e-014 -5.000000000e-001 -5.000000000e-001 -1.869014319e-014 
d 0.000000000e+000 0.000000000e+000 1.862489675e-014 -4.000000000e-001 -4.000000000e-001 -1.862489479e-014 
d 0.000000000e+000 0.000000000e+000 1.854958392e-014 -3.000000000e-001 -3.000000000e-001 -1.854958313e-014 
d 0.000000000e+000 0.000000000e+000 1.845397659e-014 -2.000000000e-001 -2.000000000e-001 -1.845397774e-014 
d 0.000000000e+000 0.000000000e+000 1.797442941e-014 -1.000000000e-001 -1.000000000e-001 -1.797442951e-014 
d 0.000000000e+000 0.000000000e+000 3.064705845e-019 -8.495655502e-016 -8.495655502e-016 -3.078649217e-019 
d 0.000000000e+000 0.000000000e+000 -8.469861444e-013 1.000000000e-001 1.000000000e-001 8.469866470e-013 
d 0.000000000e+000 0.000000000e+000 -4.092411570e-011 2.000000000e-001 2.000000000e-001 4.092421202e-011 
d 0.000000000e+000 0.000000000e+000 -1.922422539e-009 3.000000000e-001 3.000000000e-001 1.922422539e-009 
d 0.000000000e+000 0.000000000e+000 -7.698557506e-008 4.000000000e-001 4.000000000e-001 7.698557506e-008 
d 0.000000000e+000 0.000000000e+000 -9.913990241e-007 5.000000000e-001 5.000000000e-001 9.913990241e-007 
d 0.000000000e+000 0.000000000e+000 -3.434417262e-006 6.000000000e-001 6.000000000e-001 3.434417262e-006 
d 0.000000000e+000 0.000000000e+000 -7.236052464e-006 7.000000000e-001 7.000000000e-001 7.236052464e-006 
d 0.000000000e+000 0.000000000e+000 -1.263215143e-005 8.000000000e-001 8.000000000e-001 1.263215143e-005 
d 0.000000000e+000 0.000000000e+000 -1.992055758e-005 9.000000000e-001 9.000000000e-001 1.992055758e-005 
d 0.000000000e+000 0.000000000e+000 -2.927377056e-005 1.000000000e+000 1.000000000e+000 2.927377056e-005 
d 0.000000000e+000 0.000000000e+000 -4.073202305e-005 1.100000000e+000 1.100000000e+000 4.073202305e-005 
d 0.000000000e+000 0.000000000e+000 -5.424133601e-005 1.200000000e+000 1.200000000e+000 5.424133601e-005 
d 0.000000000e+000 0.000000000e+000 -6.969486416e-005 1.300000000e+000 1.300000000e+000 6.969486416e-005 
d 0.000000000e+000 0.000000000e+000 -8.696482904e-005 1.400000000e+000 1.400000000e+000 8.696482904e-005 
d 0.000000000e+000 0.000000000e+000 -1.059215092e-004 1.500000000e+000 1.500000000e+000 1.059215092e-004 
d 0.000000000e+000 0.000000000e+000 -1.264422405e-004 1.600000000e+000 1.600000000e+000 1.264422387e-004 
d 0.000000000e+000 0.000000000e+000 -1.484147185e-004 1.700000000e+000 1.700000000e+000 1.484147174e-004 
d 0.000000000e+000 0.000000000e+000 -1.717375956e-004 1.800000000e+000 1.800000000e+000 1.717375949e-004 
d 0.000000000e+000 0.000000000e+000 -1.963198844e-004 1.900000000e+000 1.900000000e+000 1.963198840e-004 
d 0.000000000e+000 0.000000000e+000 -2.220799566e-004 2.000000000e+000 2.000000000e+000 2.220799563e-004 
d 0.000000000e+000 0.000000000e+000 -2.489444539e-004 2.100000000e+000 2.100000000e+000 2.489444537e-004 
d 0.000000000e+000 0.000000000e+000 -2.768472551e-004 2.200000000e+000 2.200000000e+000 2.768472550e-004 
d 0.000000000e+000 0.000000000e+000 -3.057285515e-004 2.300000000e+000 2.300000000e+000 3.057285514e-004 
d 0.000000000e+000 0.000000000e+000 -3.355340399e-004 2.400000000e+000 2.400000000e+000 3.355340398e-004 
d 0.000000000e+000 0.000000000e+000 -3.662142293e-004 2.500000000e+000 2.500000000e+000 3.662142292e-004 
d 0.000000000e+000 0.000000000e+000 -3.977238469e-004 2.600000000e+000 2.600000000e+000 3.977238468e-004 
d 0.000000000e+000 0.000000000e+000 -4.300213309e-004 2.700000000e+000 2.700000000e+000 4.300213308e-004 
d 0.000000000e+000 0.000000000e+000 -4.630683968e-004 2.800000000e+000 2.800000000e+000 4.630683968e-004 
d 0.000000000e+000 0.000000000e+000 -4.968296657e-004 2.900000000e+000 2.900000000e+000 4.968296657e-004 
d 0.000000000e+000 0.000000000e+000 -5.312723446e-004 3.000000000e+000 3.000000000e+000 5.312723446e-004 
