v ATLAS
# This file was created by ATLAS version 5.28.1.R on Tue Apr 04 19:18:44 2023.
#SSF 2.0 generic
##############################################################################
#                    Copyright (c) 1984 - 2019                               #
#                    Silvaco Inc. All rights reserved                        #
#                                                                            #
# This file format and the following Key are copyright Silvaco Inc.          #
# You may not use, this format or key without reproducing this message in    #
# full and obtaining express written permission from Silvaco Inc.            #
#                                                                            #
# To obtain such permission please contact: Silvaco Inc.                     #
#                                           support@silvaco.com              #
#                                                                            #
# KEY=SVC86hn7562asdx                       PROD=345                         #
##############################################################################
y 3 700 711 15
z 1000 1e+041 300
f 2 "gate" "source" 
p 6 2 601 20 3 602 21 
d 0.000000000e+000 0.000000000e+000 1.932187234e-014 -3.000000000e+000 -3.000000000e+000 -1.932202854e-014 
d 0.000000000e+000 0.000000000e+000 1.930929814e-014 -2.900000000e+000 -2.900000000e+000 -3.960812338e-015 
d 0.000000000e+000 0.000000000e+000 1.929632117e-014 -2.800000000e+000 -2.800000000e+000 -1.929632737e-014 
d 0.000000000e+000 0.000000000e+000 1.928290999e-014 -2.700000000e+000 -2.700000000e+000 -1.928290851e-014 
d 0.000000000e+000 0.000000000e+000 1.926902651e-014 -2.600000000e+000 -2.600000000e+000 -1.926902396e-014 
d 0.000000000e+000 0.000000000e+000 1.925462899e-014 -2.500000000e+000 -2.500000000e+000 -1.925462378e-014 
d 0.000000000e+000 0.000000000e+000 1.923967061e-014 -2.400000000e+000 -2.400000000e+000 -1.923967101e-014 
d 0.000000000e+000 0.000000000e+000 1.922409877e-014 -2.300000000e+000 -2.300000000e+000 -1.922410176e-014 
d 0.000000000e+000 0.000000000e+000 1.920785409e-014 -2.200000000e+000 -2.200000000e+000 -1.920785425e-014 
d 0.000000000e+000 0.000000000e+000 1.919086933e-014 -2.100000000e+000 -2.100000000e+000 -1.919086722e-014 
d 0.000000000e+000 0.000000000e+000 1.917306802e-014 -2.000000000e+000 -2.000000000e+000 -1.917306696e-014 
d 0.000000000e+000 0.000000000e+000 1.915436285e-014 -1.900000000e+000 -1.900000000e+000 -1.915436342e-014 
d 0.000000000e+000 0.000000000e+000 1.913465363e-014 -1.800000000e+000 -1.800000000e+000 -1.913465003e-014 
d 0.000000000e+000 0.000000000e+000 1.911382487e-014 -1.700000000e+000 -1.700000000e+000 -1.911382399e-014 
d 0.000000000e+000 0.000000000e+000 1.909174272e-014 -1.600000000e+000 -1.600000000e+000 -1.909174363e-014 
d 0.000000000e+000 0.000000000e+000 1.906825117e-014 -1.500000000e+000 -1.500000000e+000 -1.906825096e-014 
d 0.000000000e+000 0.000000000e+000 1.904316727e-014 -1.400000000e+000 -1.400000000e+000 -1.904317145e-014 
d 0.000000000e+000 0.000000000e+000 1.901627507e-014 -1.300000000e+000 -1.300000000e+000 -1.901627764e-014 
d 0.000000000e+000 0.000000000e+000 1.898731779e-014 -1.200000000e+000 -1.200000000e+000 -1.898731364e-014 
d 0.000000000e+000 0.000000000e+000 1.895598772e-014 -1.100000000e+000 -1.100000000e+000 -1.895598700e-014 
d 0.000000000e+000 0.000000000e+000 1.892191293e-014 -1.000000000e+000 -1.000000000e+000 -1.892190888e-014 
d 0.000000000e+000 0.000000000e+000 1.888463957e-014 -9.000000000e-001 -9.000000000e-001 -1.888463989e-014 
d 0.000000000e+000 0.000000000e+000 1.884360806e-014 -8.000000000e-001 -8.000000000e-001 -1.884360657e-014 
d 0.000000000e+000 0.000000000e+000 1.879812031e-014 -7.000000000e-001 -7.000000000e-001 -1.879812157e-014 
d 0.000000000e+000 0.000000000e+000 1.874729410e-014 -6.000000000e-001 -6.000000000e-001 -1.874729457e-014 
d 0.000000000e+000 0.000000000e+000 1.868999803e-014 -5.000000000e-001 -5.000000000e-001 -1.868999803e-014 
d 0.000000000e+000 0.000000000e+000 1.862475364e-014 -4.000000000e-001 -4.000000000e-001 -1.862475316e-014 
d 0.000000000e+000 0.000000000e+000 1.854944192e-014 -3.000000000e-001 -3.000000000e-001 -1.854944363e-014 
d 0.000000000e+000 0.000000000e+000 1.845383596e-014 -2.000000000e-001 -2.000000000e-001 -1.845383580e-014 
d 0.000000000e+000 0.000000000e+000 1.797429322e-014 -1.000000000e-001 -1.000000000e-001 -1.797429176e-014 
d 0.000000000e+000 0.000000000e+000 3.084858342e-019 -8.495655502e-016 -8.495655502e-016 -3.091547648e-019 
d 0.000000000e+000 0.000000000e+000 -8.469792633e-013 1.000000000e-001 1.000000000e-001 8.469798752e-013 
d 0.000000000e+000 0.000000000e+000 -4.092296534e-011 2.000000000e-001 2.000000000e-001 4.092307920e-011 
d 0.000000000e+000 0.000000000e+000 -1.920581241e-009 3.000000000e-001 3.000000000e-001 1.920581241e-009 
d 0.000000000e+000 0.000000000e+000 -7.381004746e-008 4.000000000e-001 4.000000000e-001 7.381004746e-008 
d 0.000000000e+000 0.000000000e+000 -6.923911024e-007 5.000000000e-001 5.000000000e-001 6.923911024e-007 
d 0.000000000e+000 0.000000000e+000 -1.852271700e-006 6.000000000e-001 6.000000000e-001 1.852271700e-006 
d 0.000000000e+000 0.000000000e+000 -3.238665806e-006 7.000000000e-001 7.000000000e-001 3.238665806e-006 
d 0.000000000e+000 0.000000000e+000 -4.761619016e-006 8.000000000e-001 8.000000000e-001 4.761618978e-006 
d 0.000000000e+000 0.000000000e+000 -6.399891710e-006 9.000000000e-001 9.000000000e-001 6.399891710e-006 
d 0.000000000e+000 0.000000000e+000 -8.152092306e-006 1.000000000e+000 1.000000000e+000 8.152092306e-006 
d 0.000000000e+000 0.000000000e+000 -1.002402011e-005 1.100000000e+000 1.100000000e+000 1.002402011e-005 
d 0.000000000e+000 0.000000000e+000 -1.202422592e-005 1.200000000e+000 1.200000000e+000 1.202422592e-005 
d 0.000000000e+000 0.000000000e+000 -1.416219468e-005 1.300000000e+000 1.300000000e+000 1.416219468e-005 
d 0.000000000e+000 0.000000000e+000 -1.644757845e-005 1.400000000e+000 1.400000000e+000 1.644757830e-005 
d 0.000000000e+000 0.000000000e+000 -1.888987522e-005 1.500000000e+000 1.500000000e+000 1.888987517e-005 
d 0.000000000e+000 0.000000000e+000 -2.149829123e-005 1.600000000e+000 1.600000000e+000 2.149829121e-005 
d 0.000000000e+000 0.000000000e+000 -2.428166685e-005 1.700000000e+000 1.700000000e+000 2.428166685e-005 
d 0.000000000e+000 0.000000000e+000 -2.724842384e-005 1.800000000e+000 1.800000000e+000 2.724842383e-005 
d 0.000000000e+000 0.000000000e+000 -3.040651674e-005 1.900000000e+000 1.900000000e+000 3.040651674e-005 
d 0.000000000e+000 0.000000000e+000 -3.376338587e-005 2.000000000e+000 2.000000000e+000 3.376338587e-005 
d 0.000000000e+000 0.000000000e+000 -3.732591232e-005 2.100000000e+000 2.100000000e+000 3.732591232e-005 
d 0.000000000e+000 0.000000000e+000 -4.110037693e-005 2.200000000e+000 2.200000000e+000 4.110037694e-005 
d 0.000000000e+000 0.000000000e+000 -4.509242432e-005 2.300000000e+000 2.300000000e+000 4.509242432e-005 
d 0.000000000e+000 0.000000000e+000 -4.930703340e-005 2.400000000e+000 2.400000000e+000 4.930703340e-005 
d 0.000000000e+000 0.000000000e+000 -5.374849521e-005 2.500000000e+000 2.500000000e+000 5.374849521e-005 
d 0.000000000e+000 0.000000000e+000 -5.842039884e-005 2.600000000e+000 2.600000000e+000 5.842039884e-005 
d 0.000000000e+000 0.000000000e+000 -6.332562580e-005 2.700000000e+000 2.700000000e+000 6.332562580e-005 
d 0.000000000e+000 0.000000000e+000 -6.846635308e-005 2.800000000e+000 2.800000000e+000 6.846635308e-005 
d 0.000000000e+000 0.000000000e+000 -7.384406471e-005 2.900000000e+000 2.900000000e+000 7.384406471e-005 
d 0.000000000e+000 0.000000000e+000 -7.945957140e-005 3.000000000e+000 3.000000000e+000 7.945957140e-005 
