v ATLAS
# This file was created by ATLAS version 5.28.1.R on Tue Apr 04 19:25:06 2023.
#SSF 2.0 generic
##############################################################################
#                    Copyright (c) 1984 - 2019                               #
#                    Silvaco Inc. All rights reserved                        #
#                                                                            #
# This file format and the following Key are copyright Silvaco Inc.          #
# You may not use, this format or key without reproducing this message in    #
# full and obtaining express written permission from Silvaco Inc.            #
#                                                                            #
# To obtain such permission please contact: Silvaco Inc.                     #
#                                           support@silvaco.com              #
#                                                                            #
# KEY=SVC86hn7562asdx                       PROD=345                         #
##############################################################################
y 3 700 711 15
z 1000 1e+041 300
f 2 "gate" "source" 
p 6 2 601 20 3 602 21 
d 0.000000000e+000 0.000000000e+000 1.932187234e-014 -3.000000000e+000 -3.000000000e+000 -1.932202032e-014 
d 0.000000000e+000 0.000000000e+000 1.930929815e-014 -2.900000000e+000 -2.900000000e+000 -3.994339180e-015 
d 0.000000000e+000 0.000000000e+000 1.929632117e-014 -2.800000000e+000 -2.800000000e+000 -1.929632520e-014 
d 0.000000000e+000 0.000000000e+000 1.928290999e-014 -2.700000000e+000 -2.700000000e+000 -1.928291472e-014 
d 0.000000000e+000 0.000000000e+000 1.926902652e-014 -2.600000000e+000 -2.600000000e+000 -1.926902474e-014 
d 0.000000000e+000 0.000000000e+000 1.925462899e-014 -2.500000000e+000 -2.500000000e+000 -1.925463823e-014 
d 0.000000000e+000 0.000000000e+000 1.923967062e-014 -2.400000000e+000 -2.400000000e+000 -1.923967266e-014 
d 0.000000000e+000 0.000000000e+000 1.922409878e-014 -2.300000000e+000 -2.300000000e+000 -1.922410133e-014 
d 0.000000000e+000 0.000000000e+000 1.920785410e-014 -2.200000000e+000 -2.200000000e+000 -1.920785129e-014 
d 0.000000000e+000 0.000000000e+000 1.919086933e-014 -2.100000000e+000 -2.100000000e+000 -1.919086984e-014 
d 0.000000000e+000 0.000000000e+000 1.917306803e-014 -2.000000000e+000 -2.000000000e+000 -1.917306791e-014 
d 0.000000000e+000 0.000000000e+000 1.915436285e-014 -1.900000000e+000 -1.900000000e+000 -1.915436012e-014 
d 0.000000000e+000 0.000000000e+000 1.913465363e-014 -1.800000000e+000 -1.800000000e+000 -1.913465577e-014 
d 0.000000000e+000 0.000000000e+000 1.911382487e-014 -1.700000000e+000 -1.700000000e+000 -1.911382342e-014 
d 0.000000000e+000 0.000000000e+000 1.909174272e-014 -1.600000000e+000 -1.600000000e+000 -1.909174022e-014 
d 0.000000000e+000 0.000000000e+000 1.906825117e-014 -1.500000000e+000 -1.500000000e+000 -1.906825041e-014 
d 0.000000000e+000 0.000000000e+000 1.904316727e-014 -1.400000000e+000 -1.400000000e+000 -1.904316491e-014 
d 0.000000000e+000 0.000000000e+000 1.901627507e-014 -1.300000000e+000 -1.300000000e+000 -1.901627179e-014 
d 0.000000000e+000 0.000000000e+000 1.898731779e-014 -1.200000000e+000 -1.200000000e+000 -1.898731584e-014 
d 0.000000000e+000 0.000000000e+000 1.895598772e-014 -1.100000000e+000 -1.100000000e+000 -1.895599051e-014 
d 0.000000000e+000 0.000000000e+000 1.892191293e-014 -1.000000000e+000 -1.000000000e+000 -1.892191252e-014 
d 0.000000000e+000 0.000000000e+000 1.888463958e-014 -9.000000000e-001 -9.000000000e-001 -1.888463921e-014 
d 0.000000000e+000 0.000000000e+000 1.884360806e-014 -8.000000000e-001 -8.000000000e-001 -1.884360903e-014 
d 0.000000000e+000 0.000000000e+000 1.879812031e-014 -7.000000000e-001 -7.000000000e-001 -1.879812195e-014 
d 0.000000000e+000 0.000000000e+000 1.874729411e-014 -6.000000000e-001 -6.000000000e-001 -1.874729350e-014 
d 0.000000000e+000 0.000000000e+000 1.868999803e-014 -5.000000000e-001 -5.000000000e-001 -1.868999820e-014 
d 0.000000000e+000 0.000000000e+000 1.862475364e-014 -4.000000000e-001 -4.000000000e-001 -1.862475483e-014 
d 0.000000000e+000 0.000000000e+000 1.854944192e-014 -3.000000000e-001 -3.000000000e-001 -1.854944223e-014 
d 0.000000000e+000 0.000000000e+000 1.845383596e-014 -2.000000000e-001 -2.000000000e-001 -1.845383410e-014 
d 0.000000000e+000 0.000000000e+000 1.797429321e-014 -1.000000000e-001 -1.000000000e-001 -1.797429342e-014 
d 0.000000000e+000 0.000000000e+000 3.086069994e-019 -8.495655502e-016 -8.495655502e-016 -3.090919335e-019 
d 0.000000000e+000 0.000000000e+000 -8.469784494e-013 1.000000000e-001 1.000000000e-001 8.469792566e-013 
d 0.000000000e+000 0.000000000e+000 -4.092149003e-011 2.000000000e-001 2.000000000e-001 4.092163756e-011 
d 0.000000000e+000 0.000000000e+000 -1.917425962e-009 3.000000000e-001 3.000000000e-001 1.917425962e-009 
d 0.000000000e+000 0.000000000e+000 -7.006380807e-008 4.000000000e-001 4.000000000e-001 7.006380807e-008 
d 0.000000000e+000 0.000000000e+000 -5.595848915e-007 5.000000000e-001 5.000000000e-001 5.595848915e-007 
d 0.000000000e+000 0.000000000e+000 -1.386239558e-006 6.000000000e-001 6.000000000e-001 1.386239558e-006 
d 0.000000000e+000 0.000000000e+000 -2.334490721e-006 7.000000000e-001 7.000000000e-001 2.334490721e-006 
d 0.000000000e+000 0.000000000e+000 -3.342937359e-006 8.000000000e-001 8.000000000e-001 3.342937340e-006 
d 0.000000000e+000 0.000000000e+000 -4.391370241e-006 9.000000000e-001 9.000000000e-001 4.391370240e-006 
d 0.000000000e+000 0.000000000e+000 -5.471465800e-006 1.000000000e+000 1.000000000e+000 5.471465800e-006 
d 0.000000000e+000 0.000000000e+000 -6.579448480e-006 1.100000000e+000 1.100000000e+000 6.579448480e-006 
d 0.000000000e+000 0.000000000e+000 -7.713668828e-006 1.200000000e+000 1.200000000e+000 7.713668828e-006 
d 0.000000000e+000 0.000000000e+000 -8.873616540e-006 1.300000000e+000 1.300000000e+000 8.873616540e-006 
d 0.000000000e+000 0.000000000e+000 -1.005944739e-005 1.400000000e+000 1.400000000e+000 1.005944739e-005 
d 0.000000000e+000 0.000000000e+000 -1.127172566e-005 1.500000000e+000 1.500000000e+000 1.127172556e-005 
d 0.000000000e+000 0.000000000e+000 -1.251126979e-005 1.600000000e+000 1.600000000e+000 1.251126974e-005 
d 0.000000000e+000 0.000000000e+000 -1.377905556e-005 1.700000000e+000 1.700000000e+000 1.377905554e-005 
d 0.000000000e+000 0.000000000e+000 -1.507615194e-005 1.800000000e+000 1.800000000e+000 1.507615193e-005 
d 0.000000000e+000 0.000000000e+000 -1.640367936e-005 1.900000000e+000 1.900000000e+000 1.640367935e-005 
d 0.000000000e+000 0.000000000e+000 -1.776278224e-005 2.000000000e+000 2.000000000e+000 1.776278224e-005 
d 0.000000000e+000 0.000000000e+000 -1.915461109e-005 2.100000000e+000 2.100000000e+000 1.915461108e-005 
d 0.000000000e+000 0.000000000e+000 -2.058031097e-005 2.200000000e+000 2.200000000e+000 2.058031097e-005 
d 0.000000000e+000 0.000000000e+000 -2.204101437e-005 2.300000000e+000 2.300000000e+000 2.204101436e-005 
d 0.000000000e+000 0.000000000e+000 -2.353783666e-005 2.400000000e+000 2.400000000e+000 2.353783666e-005 
d 0.000000000e+000 0.000000000e+000 -2.507187359e-005 2.500000000e+000 2.500000000e+000 2.507187359e-005 
d 0.000000000e+000 0.000000000e+000 -2.664419978e-005 2.600000000e+000 2.600000000e+000 2.664419978e-005 
d 0.000000000e+000 0.000000000e+000 -2.825586801e-005 2.700000000e+000 2.700000000e+000 2.825586801e-005 
d 0.000000000e+000 0.000000000e+000 -2.990790899e-005 2.800000000e+000 2.800000000e+000 2.990790899e-005 
d 0.000000000e+000 0.000000000e+000 -3.160133136e-005 2.900000000e+000 2.900000000e+000 3.160133136e-005 
d 0.000000000e+000 0.000000000e+000 -3.333712178e-005 3.000000000e+000 3.000000000e+000 3.333712178e-005 
