v ATLAS
# This file was created by ATLAS version 5.28.1.R on Tue Apr 04 19:28:52 2023.
#SSF 2.0 generic
##############################################################################
#                    Copyright (c) 1984 - 2019                               #
#                    Silvaco Inc. All rights reserved                        #
#                                                                            #
# This file format and the following Key are copyright Silvaco Inc.          #
# You may not use, this format or key without reproducing this message in    #
# full and obtaining express written permission from Silvaco Inc.            #
#                                                                            #
# To obtain such permission please contact: Silvaco Inc.                     #
#                                           support@silvaco.com              #
#                                                                            #
# KEY=SVC86hn7562asdx                       PROD=345                         #
##############################################################################
y 3 700 711 15
z 1000 1e+041 300
f 2 "gate" "source" 
p 6 2 601 20 3 602 21 
d 0.000000000e+000 0.000000000e+000 1.932187234e-014 -3.000000000e+000 -3.000000000e+000 -1.932203511e-014 
d 0.000000000e+000 0.000000000e+000 1.930929815e-014 -2.900000000e+000 -2.900000000e+000 -4.004157768e-015 
d 0.000000000e+000 0.000000000e+000 1.929632117e-014 -2.800000000e+000 -2.800000000e+000 -1.929632744e-014 
d 0.000000000e+000 0.000000000e+000 1.928290999e-014 -2.700000000e+000 -2.700000000e+000 -1.928291764e-014 
d 0.000000000e+000 0.000000000e+000 1.926902652e-014 -2.600000000e+000 -2.600000000e+000 -1.926903180e-014 
d 0.000000000e+000 0.000000000e+000 1.925462899e-014 -2.500000000e+000 -2.500000000e+000 -1.925462529e-014 
d 0.000000000e+000 0.000000000e+000 1.923967062e-014 -2.400000000e+000 -2.400000000e+000 -1.923967387e-014 
d 0.000000000e+000 0.000000000e+000 1.922409878e-014 -2.300000000e+000 -2.300000000e+000 -1.922409497e-014 
d 0.000000000e+000 0.000000000e+000 1.920785410e-014 -2.200000000e+000 -2.200000000e+000 -1.920785534e-014 
d 0.000000000e+000 0.000000000e+000 1.919086933e-014 -2.100000000e+000 -2.100000000e+000 -1.919087127e-014 
d 0.000000000e+000 0.000000000e+000 1.917306803e-014 -2.000000000e+000 -2.000000000e+000 -1.917306535e-014 
d 0.000000000e+000 0.000000000e+000 1.915436285e-014 -1.900000000e+000 -1.900000000e+000 -1.915436514e-014 
d 0.000000000e+000 0.000000000e+000 1.913465363e-014 -1.800000000e+000 -1.800000000e+000 -1.913465688e-014 
d 0.000000000e+000 0.000000000e+000 1.911382487e-014 -1.700000000e+000 -1.700000000e+000 -1.911382956e-014 
d 0.000000000e+000 0.000000000e+000 1.909174272e-014 -1.600000000e+000 -1.600000000e+000 -1.909174166e-014 
d 0.000000000e+000 0.000000000e+000 1.906825117e-014 -1.500000000e+000 -1.500000000e+000 -1.906824856e-014 
d 0.000000000e+000 0.000000000e+000 1.904316727e-014 -1.400000000e+000 -1.400000000e+000 -1.904317097e-014 
d 0.000000000e+000 0.000000000e+000 1.901627507e-014 -1.300000000e+000 -1.300000000e+000 -1.901627289e-014 
d 0.000000000e+000 0.000000000e+000 1.898731779e-014 -1.200000000e+000 -1.200000000e+000 -1.898731759e-014 
d 0.000000000e+000 0.000000000e+000 1.895598772e-014 -1.100000000e+000 -1.100000000e+000 -1.895598774e-014 
d 0.000000000e+000 0.000000000e+000 1.892191293e-014 -1.000000000e+000 -1.000000000e+000 -1.892191218e-014 
d 0.000000000e+000 0.000000000e+000 1.888463958e-014 -9.000000000e-001 -9.000000000e-001 -1.888463982e-014 
d 0.000000000e+000 0.000000000e+000 1.884360806e-014 -8.000000000e-001 -8.000000000e-001 -1.884360890e-014 
d 0.000000000e+000 0.000000000e+000 1.879812031e-014 -7.000000000e-001 -7.000000000e-001 -1.879812032e-014 
d 0.000000000e+000 0.000000000e+000 1.874729411e-014 -6.000000000e-001 -6.000000000e-001 -1.874729478e-014 
d 0.000000000e+000 0.000000000e+000 1.868999803e-014 -5.000000000e-001 -5.000000000e-001 -1.868999872e-014 
d 0.000000000e+000 0.000000000e+000 1.862475364e-014 -4.000000000e-001 -4.000000000e-001 -1.862475331e-014 
d 0.000000000e+000 0.000000000e+000 1.854944192e-014 -3.000000000e-001 -3.000000000e-001 -1.854944173e-014 
d 0.000000000e+000 0.000000000e+000 1.845383596e-014 -2.000000000e-001 -2.000000000e-001 -1.845383603e-014 
d 0.000000000e+000 0.000000000e+000 1.797429321e-014 -1.000000000e-001 -1.000000000e-001 -1.797429372e-014 
d 0.000000000e+000 0.000000000e+000 3.087325573e-019 -8.495655502e-016 -8.495655502e-016 -3.078872192e-019 
d 0.000000000e+000 0.000000000e+000 -8.469775663e-013 1.000000000e-001 1.000000000e-001 8.469785860e-013 
d 0.000000000e+000 0.000000000e+000 -4.091988926e-011 2.000000000e-001 2.000000000e-001 4.092007332e-011 
d 0.000000000e+000 0.000000000e+000 -1.914022226e-009 3.000000000e-001 3.000000000e-001 1.914022226e-009 
d 0.000000000e+000 0.000000000e+000 -6.663611863e-008 4.000000000e-001 4.000000000e-001 6.663611862e-008 
d 0.000000000e+000 0.000000000e+000 -4.763792591e-007 5.000000000e-001 5.000000000e-001 4.763792590e-007 
d 0.000000000e+000 0.000000000e+000 -1.131103890e-006 6.000000000e-001 6.000000000e-001 1.131103890e-006 
d 0.000000000e+000 0.000000000e+000 -1.870587944e-006 7.000000000e-001 7.000000000e-001 1.870587944e-006 
d 0.000000000e+000 0.000000000e+000 -2.650011587e-006 8.000000000e-001 8.000000000e-001 2.650011576e-006 
d 0.000000000e+000 0.000000000e+000 -3.453990562e-006 9.000000000e-001 9.000000000e-001 3.453990562e-006 
d 0.000000000e+000 0.000000000e+000 -4.275740702e-006 1.000000000e+000 1.000000000e+000 4.275740702e-006 
d 0.000000000e+000 0.000000000e+000 -5.111766083e-006 1.100000000e+000 1.100000000e+000 5.111766083e-006 
d 0.000000000e+000 0.000000000e+000 -5.960084167e-006 1.200000000e+000 1.200000000e+000 5.960084167e-006 
d 0.000000000e+000 0.000000000e+000 -6.819506116e-006 1.300000000e+000 1.300000000e+000 6.819506116e-006 
d 0.000000000e+000 0.000000000e+000 -7.689301994e-006 1.400000000e+000 1.400000000e+000 7.689301994e-006 
d 0.000000000e+000 0.000000000e+000 -8.569028303e-006 1.500000000e+000 1.500000000e+000 8.569028215e-006 
d 0.000000000e+000 0.000000000e+000 -9.458431192e-006 1.600000000e+000 1.600000000e+000 9.458431150e-006 
d 0.000000000e+000 0.000000000e+000 -1.035738951e-005 1.700000000e+000 1.700000000e+000 1.035738949e-005 
d 0.000000000e+000 0.000000000e+000 -1.126587769e-005 1.800000000e+000 1.800000000e+000 1.126587767e-005 
d 0.000000000e+000 0.000000000e+000 -1.218394138e-005 1.900000000e+000 1.900000000e+000 1.218394137e-005 
d 0.000000000e+000 0.000000000e+000 -1.311168024e-005 2.000000000e+000 2.000000000e+000 1.311168024e-005 
d 0.000000000e+000 0.000000000e+000 -1.404923530e-005 2.100000000e+000 2.100000000e+000 1.404923530e-005 
d 0.000000000e+000 0.000000000e+000 -1.499677937e-005 2.200000000e+000 2.200000000e+000 1.499677937e-005 
d 0.000000000e+000 0.000000000e+000 -1.595450965e-005 2.300000000e+000 2.300000000e+000 1.595450965e-005 
d 0.000000000e+000 0.000000000e+000 -1.692264186e-005 2.400000000e+000 2.400000000e+000 1.692264186e-005 
d 0.000000000e+000 0.000000000e+000 -1.790140558e-005 2.500000000e+000 2.500000000e+000 1.790140558e-005 
d 0.000000000e+000 0.000000000e+000 -1.889104056e-005 2.600000000e+000 2.600000000e+000 1.889104056e-005 
d 0.000000000e+000 0.000000000e+000 -1.989179370e-005 2.700000000e+000 2.700000000e+000 1.989179370e-005 
d 0.000000000e+000 0.000000000e+000 -2.090391667e-005 2.800000000e+000 2.800000000e+000 2.090391667e-005 
d 0.000000000e+000 0.000000000e+000 -2.192766400e-005 2.900000000e+000 2.900000000e+000 2.192766400e-005 
d 0.000000000e+000 0.000000000e+000 -2.296329159e-005 3.000000000e+000 3.000000000e+000 2.296329159e-005 
