v ATLAS
# This file was created by ATLAS version 5.28.1.R on Tue Apr 04 19:32:31 2023.
#SSF 2.0 generic
##############################################################################
#                    Copyright (c) 1984 - 2019                               #
#                    Silvaco Inc. All rights reserved                        #
#                                                                            #
# This file format and the following Key are copyright Silvaco Inc.          #
# You may not use, this format or key without reproducing this message in    #
# full and obtaining express written permission from Silvaco Inc.            #
#                                                                            #
# To obtain such permission please contact: Silvaco Inc.                     #
#                                           support@silvaco.com              #
#                                                                            #
# KEY=SVC86hn7562asdx                       PROD=345                         #
##############################################################################
y 3 700 711 15
z 1000 1e+041 300
f 2 "gate" "source" 
p 6 2 601 20 3 602 21 
d 0.000000000e+000 0.000000000e+000 1.932187234e-014 -3.000000000e+000 -3.000000000e+000 -1.932203065e-014 
d 0.000000000e+000 0.000000000e+000 1.930929815e-014 -2.900000000e+000 -2.900000000e+000 -4.007951567e-015 
d 0.000000000e+000 0.000000000e+000 1.929632117e-014 -2.800000000e+000 -2.800000000e+000 -1.929631614e-014 
d 0.000000000e+000 0.000000000e+000 1.928290999e-014 -2.700000000e+000 -2.700000000e+000 -1.928291791e-014 
d 0.000000000e+000 0.000000000e+000 1.926902652e-014 -2.600000000e+000 -2.600000000e+000 -1.926902247e-014 
d 0.000000000e+000 0.000000000e+000 1.925462899e-014 -2.500000000e+000 -2.500000000e+000 -1.925464017e-014 
d 0.000000000e+000 0.000000000e+000 1.923967062e-014 -2.400000000e+000 -2.400000000e+000 -1.923967378e-014 
d 0.000000000e+000 0.000000000e+000 1.922409878e-014 -2.300000000e+000 -2.300000000e+000 -1.922410117e-014 
d 0.000000000e+000 0.000000000e+000 1.920785410e-014 -2.200000000e+000 -2.200000000e+000 -1.920786002e-014 
d 0.000000000e+000 0.000000000e+000 1.919086933e-014 -2.100000000e+000 -2.100000000e+000 -1.919086816e-014 
d 0.000000000e+000 0.000000000e+000 1.917306803e-014 -2.000000000e+000 -2.000000000e+000 -1.917306960e-014 
d 0.000000000e+000 0.000000000e+000 1.915436285e-014 -1.900000000e+000 -1.900000000e+000 -1.915436121e-014 
d 0.000000000e+000 0.000000000e+000 1.913465363e-014 -1.800000000e+000 -1.800000000e+000 -1.913464951e-014 
d 0.000000000e+000 0.000000000e+000 1.911382487e-014 -1.700000000e+000 -1.700000000e+000 -1.911382162e-014 
d 0.000000000e+000 0.000000000e+000 1.909174272e-014 -1.600000000e+000 -1.600000000e+000 -1.909174090e-014 
d 0.000000000e+000 0.000000000e+000 1.906825117e-014 -1.500000000e+000 -1.500000000e+000 -1.906825308e-014 
d 0.000000000e+000 0.000000000e+000 1.904316727e-014 -1.400000000e+000 -1.400000000e+000 -1.904316693e-014 
d 0.000000000e+000 0.000000000e+000 1.901627507e-014 -1.300000000e+000 -1.300000000e+000 -1.901627042e-014 
d 0.000000000e+000 0.000000000e+000 1.898731779e-014 -1.200000000e+000 -1.200000000e+000 -1.898731600e-014 
d 0.000000000e+000 0.000000000e+000 1.895598772e-014 -1.100000000e+000 -1.100000000e+000 -1.895599279e-014 
d 0.000000000e+000 0.000000000e+000 1.892191293e-014 -1.000000000e+000 -1.000000000e+000 -1.892191368e-014 
d 0.000000000e+000 0.000000000e+000 1.888463958e-014 -9.000000000e-001 -9.000000000e-001 -1.888464130e-014 
d 0.000000000e+000 0.000000000e+000 1.884360806e-014 -8.000000000e-001 -8.000000000e-001 -1.884360858e-014 
d 0.000000000e+000 0.000000000e+000 1.879812031e-014 -7.000000000e-001 -7.000000000e-001 -1.879812146e-014 
d 0.000000000e+000 0.000000000e+000 1.874729411e-014 -6.000000000e-001 -6.000000000e-001 -1.874729422e-014 
d 0.000000000e+000 0.000000000e+000 1.868999803e-014 -5.000000000e-001 -5.000000000e-001 -1.868999786e-014 
d 0.000000000e+000 0.000000000e+000 1.862475364e-014 -4.000000000e-001 -4.000000000e-001 -1.862475282e-014 
d 0.000000000e+000 0.000000000e+000 1.854944192e-014 -3.000000000e-001 -3.000000000e-001 -1.854944254e-014 
d 0.000000000e+000 0.000000000e+000 1.845383596e-014 -2.000000000e-001 -2.000000000e-001 -1.845383580e-014 
d 0.000000000e+000 0.000000000e+000 1.797429320e-014 -1.000000000e-001 -1.000000000e-001 -1.797429418e-014 
d 0.000000000e+000 0.000000000e+000 3.088607026e-019 -8.495655502e-016 -8.495655502e-016 -3.078011693e-019 
d 0.000000000e+000 0.000000000e+000 -8.469766648e-013 1.000000000e-001 1.000000000e-001 8.469778999e-013 
d 0.000000000e+000 0.000000000e+000 -4.091825638e-011 2.000000000e-001 2.000000000e-001 4.091847676e-011 
d 0.000000000e+000 0.000000000e+000 -1.910567171e-009 3.000000000e-001 3.000000000e-001 1.910567171e-009 
d 0.000000000e+000 0.000000000e+000 -6.359507171e-008 4.000000000e-001 4.000000000e-001 6.359507163e-008 
d 0.000000000e+000 0.000000000e+000 -4.175016500e-007 5.000000000e-001 5.000000000e-001 4.175016499e-007 
d 0.000000000e+000 0.000000000e+000 -9.622867314e-007 6.000000000e-001 6.000000000e-001 9.622867314e-007 
d 0.000000000e+000 0.000000000e+000 -1.572164799e-006 7.000000000e-001 7.000000000e-001 1.572164799e-006 
d 0.000000000e+000 0.000000000e+000 -2.212237678e-006 8.000000000e-001 8.000000000e-001 2.212237670e-006 
d 0.000000000e+000 0.000000000e+000 -2.870300406e-006 9.000000000e-001 9.000000000e-001 2.870300406e-006 
d 0.000000000e+000 0.000000000e+000 -3.540873607e-006 1.000000000e+000 1.000000000e+000 3.540873607e-006 
d 0.000000000e+000 0.000000000e+000 -4.221072345e-006 1.100000000e+000 1.100000000e+000 4.221072345e-006 
d 0.000000000e+000 0.000000000e+000 -4.909209071e-006 1.200000000e+000 1.200000000e+000 4.909209071e-006 
d 0.000000000e+000 0.000000000e+000 -5.604222352e-006 1.300000000e+000 1.300000000e+000 5.604222352e-006 
d 0.000000000e+000 0.000000000e+000 -6.305409557e-006 1.400000000e+000 1.400000000e+000 6.305409557e-006 
d 0.000000000e+000 0.000000000e+000 -7.012288690e-006 1.500000000e+000 1.500000000e+000 7.012288616e-006 
d 0.000000000e+000 0.000000000e+000 -7.724520856e-006 1.600000000e+000 1.600000000e+000 7.724520820e-006 
d 0.000000000e+000 0.000000000e+000 -8.441865038e-006 1.700000000e+000 1.700000000e+000 8.441865019e-006 
d 0.000000000e+000 0.000000000e+000 -9.164149086e-006 1.800000000e+000 1.800000000e+000 9.164149076e-006 
d 0.000000000e+000 0.000000000e+000 -9.891251348e-006 1.900000000e+000 1.900000000e+000 9.891251342e-006 
d 0.000000000e+000 0.000000000e+000 -1.062308821e-005 2.000000000e+000 2.000000000e+000 1.062308821e-005 
d 0.000000000e+000 0.000000000e+000 -1.135960548e-005 2.100000000e+000 2.100000000e+000 1.135960548e-005 
d 0.000000000e+000 0.000000000e+000 -1.210077223e-005 2.200000000e+000 2.200000000e+000 1.210077222e-005 
d 0.000000000e+000 0.000000000e+000 -1.284657630e-005 2.300000000e+000 2.300000000e+000 1.284657629e-005 
d 0.000000000e+000 0.000000000e+000 -1.359702093e-005 2.400000000e+000 2.400000000e+000 1.359702093e-005 
d 0.000000000e+000 0.000000000e+000 -1.435212219e-005 2.500000000e+000 2.500000000e+000 1.435212219e-005 
d 0.000000000e+000 0.000000000e+000 -1.511190688e-005 2.600000000e+000 2.600000000e+000 1.511190688e-005 
d 0.000000000e+000 0.000000000e+000 -1.587641092e-005 2.700000000e+000 2.700000000e+000 1.587641092e-005 
d 0.000000000e+000 0.000000000e+000 -1.664567796e-005 2.800000000e+000 2.800000000e+000 1.664567796e-005 
d 0.000000000e+000 0.000000000e+000 -1.741975829e-005 2.900000000e+000 2.900000000e+000 1.741975829e-005 
d 0.000000000e+000 0.000000000e+000 -1.819870785e-005 3.000000000e+000 3.000000000e+000 1.819870785e-005 
