v ATLAS
# This file was created by ATLAS version 5.28.1.R on Tue Apr 04 19:01:28 2023.
#SSF 2.0 generic
##############################################################################
#                    Copyright (c) 1984 - 2019                               #
#                    Silvaco Inc. All rights reserved                        #
#                                                                            #
# This file format and the following Key are copyright Silvaco Inc.          #
# You may not use, this format or key without reproducing this message in    #
# full and obtaining express written permission from Silvaco Inc.            #
#                                                                            #
# To obtain such permission please contact: Silvaco Inc.                     #
#                                           support@silvaco.com              #
#                                                                            #
# KEY=SVC86hn7562asdx                       PROD=345                         #
##############################################################################
y 3 700 711 15
z 1000 1e+041 300
f 2 "gate" "source" 
p 17 91 4000 4010 4020 85 86 87 308 354 355 356 2 601 20 3 602 21 
d 5.000000000e-001 9.750000000e-001 3.931920596e-006 1.048220416e-006 1.048220416e-006 3.931920596e-006 9.750000000e-001 9.000000000e+001 0.000000000e+000 1.000000000e+000 0.000000000e+000 0.000000000e+000 0.000000000e+000 3.109562307e-007 0.000000000e+000 0.000000000e+000 -3.109562306e-007 
d 5.000000000e-001 9.750000000e-001 3.931920596e-006 1.048220416e-006 1.048220416e-006 3.931920596e-006 9.750000000e-001 9.000000000e+001 0.000000000e+000 1.000000000e+000 0.000000000e+000 0.000000000e+000 0.000000000e+000 3.284816322e-007 -3.000000000e+000 -3.000000000e+000 -3.284816322e-007 
d 5.000000000e-001 9.750000000e-001 3.931920596e-006 1.048220416e-006 1.048220416e-006 3.931920596e-006 9.750000000e-001 9.000000000e+001 0.000000000e+000 1.000000000e+000 0.000000000e+000 0.000000000e+000 0.000000000e+000 3.283403157e-007 -2.900000000e+000 -2.900000000e+000 -3.283403156e-007 
d 5.000000000e-001 9.750000000e-001 3.931920596e-006 1.048220416e-006 1.048220416e-006 3.931920596e-006 9.750000000e-001 9.000000000e+001 0.000000000e+000 1.000000000e+000 0.000000000e+000 0.000000000e+000 0.000000000e+000 3.281917898e-007 -2.800000000e+000 -2.800000000e+000 -3.281917897e-007 
d 5.000000000e-001 9.750000000e-001 3.931920596e-006 1.048220416e-006 1.048220416e-006 3.931920596e-006 9.750000000e-001 9.000000000e+001 0.000000000e+000 1.000000000e+000 0.000000000e+000 0.000000000e+000 0.000000000e+000 3.280354465e-007 -2.700000000e+000 -2.700000000e+000 -3.280354464e-007 
d 5.000000000e-001 9.750000000e-001 3.931920596e-006 1.048220416e-006 1.048220416e-006 3.931920596e-006 9.750000000e-001 9.000000000e+001 0.000000000e+000 1.000000000e+000 0.000000000e+000 0.000000000e+000 0.000000000e+000 3.278706082e-007 -2.600000000e+000 -2.600000000e+000 -3.278706081e-007 
d 5.000000000e-001 9.750000000e-001 3.931920596e-006 1.048220416e-006 1.048220416e-006 3.931920596e-006 9.750000000e-001 9.000000000e+001 0.000000000e+000 1.000000000e+000 0.000000000e+000 0.000000000e+000 0.000000000e+000 3.276965166e-007 -2.500000000e+000 -2.500000000e+000 -3.276965165e-007 
d 5.000000000e-001 9.750000000e-001 3.931920596e-006 1.048220416e-006 1.048220416e-006 3.931920596e-006 9.750000000e-001 9.000000000e+001 0.000000000e+000 1.000000000e+000 0.000000000e+000 0.000000000e+000 0.000000000e+000 3.275123203e-007 -2.400000000e+000 -2.400000000e+000 -3.275123201e-007 
d 5.000000000e-001 9.750000000e-001 3.931920596e-006 1.048220416e-006 1.048220416e-006 3.931920596e-006 9.750000000e-001 9.000000000e+001 0.000000000e+000 1.000000000e+000 0.000000000e+000 0.000000000e+000 0.000000000e+000 3.273170605e-007 -2.300000000e+000 -2.300000000e+000 -3.273170603e-007 
d 5.000000000e-001 9.750000000e-001 3.931920596e-006 1.048220416e-006 1.048220416e-006 3.931920596e-006 9.750000000e-001 9.000000000e+001 0.000000000e+000 1.000000000e+000 0.000000000e+000 0.000000000e+000 0.000000000e+000 3.271096532e-007 -2.200000000e+000 -2.200000000e+000 -3.271096530e-007 
d 5.000000000e-001 9.750000000e-001 3.931920596e-006 1.048220416e-006 1.048220416e-006 3.931920596e-006 9.750000000e-001 9.000000000e+001 0.000000000e+000 1.000000000e+000 0.000000000e+000 0.000000000e+000 0.000000000e+000 3.268888682e-007 -2.100000000e+000 -2.100000000e+000 -3.268888679e-007 
d 5.000000000e-001 9.750000000e-001 3.931920596e-006 1.048220416e-006 1.048220416e-006 3.931920596e-006 9.750000000e-001 9.000000000e+001 0.000000000e+000 1.000000000e+000 0.000000000e+000 0.000000000e+000 0.000000000e+000 3.266533034e-007 -2.000000000e+000 -2.000000000e+000 -3.266533031e-007 
d 5.000000000e-001 9.750000000e-001 3.931920596e-006 1.048220416e-006 1.048220416e-006 3.931920596e-006 9.750000000e-001 9.000000000e+001 0.000000000e+000 1.000000000e+000 0.000000000e+000 0.000000000e+000 0.000000000e+000 3.264013541e-007 -1.900000000e+000 -1.900000000e+000 -3.264013537e-007 
d 5.000000000e-001 9.750000000e-001 3.931920596e-006 1.048220416e-006 1.048220416e-006 3.931920596e-006 9.750000000e-001 9.000000000e+001 0.000000000e+000 1.000000000e+000 0.000000000e+000 0.000000000e+000 0.000000000e+000 3.261311742e-007 -1.800000000e+000 -1.800000000e+000 -3.261311742e-007 
d 5.000000000e-001 9.750000000e-001 3.931920596e-006 1.048220416e-006 1.048220416e-006 3.931920596e-006 9.750000000e-001 9.000000000e+001 0.000000000e+000 1.000000000e+000 0.000000000e+000 0.000000000e+000 0.000000000e+000 3.258406311e-007 -1.700000000e+000 -1.700000000e+000 -3.258406311e-007 
d 5.000000000e-001 9.750000000e-001 3.931920596e-006 1.048220416e-006 1.048220416e-006 3.931920596e-006 9.750000000e-001 9.000000000e+001 0.000000000e+000 1.000000000e+000 0.000000000e+000 0.000000000e+000 0.000000000e+000 3.255272451e-007 -1.600000000e+000 -1.600000000e+000 -3.255272451e-007 
d 5.000000000e-001 9.750000000e-001 3.931920596e-006 1.048220416e-006 1.048220416e-006 3.931920596e-006 9.750000000e-001 9.000000000e+001 0.000000000e+000 1.000000000e+000 0.000000000e+000 0.000000000e+000 0.000000000e+000 3.251881176e-007 -1.500000000e+000 -1.500000000e+000 -3.251881176e-007 
d 5.000000000e-001 9.750000000e-001 3.931920596e-006 1.048220416e-006 1.048220416e-006 3.931920596e-006 9.750000000e-001 9.000000000e+001 0.000000000e+000 1.000000000e+000 0.000000000e+000 0.000000000e+000 0.000000000e+000 3.248198384e-007 -1.400000000e+000 -1.400000000e+000 -3.248198384e-007 
d 5.000000000e-001 9.750000000e-001 3.931920596e-006 1.048220416e-006 1.048220416e-006 3.931920596e-006 9.750000000e-001 9.000000000e+001 0.000000000e+000 1.000000000e+000 0.000000000e+000 0.000000000e+000 0.000000000e+000 3.244183678e-007 -1.300000000e+000 -1.300000000e+000 -3.244183678e-007 
d 5.000000000e-001 9.750000000e-001 3.931920596e-006 1.048220416e-006 1.048220416e-006 3.931920596e-006 9.750000000e-001 9.000000000e+001 0.000000000e+000 1.000000000e+000 0.000000000e+000 0.000000000e+000 0.000000000e+000 3.239788842e-007 -1.200000000e+000 -1.200000000e+000 -3.239788842e-007 
d 5.000000000e-001 9.750000000e-001 3.931920596e-006 1.048220416e-006 1.048220416e-006 3.931920596e-006 9.750000000e-001 9.000000000e+001 0.000000000e+000 1.000000000e+000 0.000000000e+000 0.000000000e+000 0.000000000e+000 3.234955856e-007 -1.100000000e+000 -1.100000000e+000 -3.234955856e-007 
d 5.000000000e-001 9.750000000e-001 3.931920596e-006 1.048220416e-006 1.048220416e-006 3.931920596e-006 9.750000000e-001 9.000000000e+001 0.000000000e+000 1.000000000e+000 0.000000000e+000 0.000000000e+000 0.000000000e+000 3.229614273e-007 -1.000000000e+000 -1.000000000e+000 -3.229614273e-007 
d 5.000000000e-001 9.750000000e-001 3.931920596e-006 1.048220416e-006 1.048220416e-006 3.931920596e-006 9.750000000e-001 9.000000000e+001 0.000000000e+000 1.000000000e+000 0.000000000e+000 0.000000000e+000 0.000000000e+000 3.223677708e-007 -9.000000000e-001 -9.000000000e-001 -3.223677708e-007 
d 5.000000000e-001 9.750000000e-001 3.931920596e-006 1.048220416e-006 1.048220416e-006 3.931920596e-006 9.750000000e-001 9.000000000e+001 0.000000000e+000 1.000000000e+000 0.000000000e+000 0.000000000e+000 0.000000000e+000 3.217039064e-007 -8.000000000e-001 -8.000000000e-001 -3.217039064e-007 
d 5.000000000e-001 9.750000000e-001 3.931920596e-006 1.048220416e-006 1.048220416e-006 3.931920596e-006 9.750000000e-001 9.000000000e+001 0.000000000e+000 1.000000000e+000 0.000000000e+000 0.000000000e+000 0.000000000e+000 3.209563937e-007 -7.000000000e-001 -7.000000000e-001 -3.209563937e-007 
d 5.000000000e-001 9.750000000e-001 3.931920596e-006 1.048220416e-006 1.048220416e-006 3.931920596e-006 9.750000000e-001 9.000000000e+001 0.000000000e+000 1.000000000e+000 0.000000000e+000 0.000000000e+000 0.000000000e+000 3.201081337e-007 -6.000000000e-001 -6.000000000e-001 -3.201081337e-007 
d 5.000000000e-001 9.750000000e-001 3.931920596e-006 1.048220416e-006 1.048220416e-006 3.931920596e-006 9.750000000e-001 9.000000000e+001 0.000000000e+000 1.000000000e+000 0.000000000e+000 0.000000000e+000 0.000000000e+000 3.191370350e-007 -5.000000000e-001 -5.000000000e-001 -3.191370350e-007 
d 5.000000000e-001 9.750000000e-001 3.931920596e-006 1.048220416e-006 1.048220416e-006 3.931920596e-006 9.750000000e-001 9.000000000e+001 0.000000000e+000 1.000000000e+000 0.000000000e+000 0.000000000e+000 0.000000000e+000 3.180140521e-007 -4.000000000e-001 -4.000000000e-001 -3.180140521e-007 
d 5.000000000e-001 9.750000000e-001 3.931920596e-006 1.048220416e-006 1.048220416e-006 3.931920596e-006 9.750000000e-001 9.000000000e+001 0.000000000e+000 1.000000000e+000 0.000000000e+000 0.000000000e+000 0.000000000e+000 3.167002229e-007 -3.000000000e-001 -3.000000000e-001 -3.167002229e-007 
d 5.000000000e-001 9.750000000e-001 3.931920596e-006 1.048220416e-006 1.048220416e-006 3.931920596e-006 9.750000000e-001 9.000000000e+001 0.000000000e+000 1.000000000e+000 0.000000000e+000 0.000000000e+000 0.000000000e+000 3.151420538e-007 -2.000000000e-001 -2.000000000e-001 -3.151420538e-007 
d 5.000000000e-001 9.750000000e-001 3.931920596e-006 1.048220416e-006 1.048220416e-006 3.931920596e-006 9.750000000e-001 9.000000000e+001 0.000000000e+000 1.000000000e+000 0.000000000e+000 0.000000000e+000 0.000000000e+000 3.132640737e-007 -1.000000000e-001 -1.000000000e-001 -3.132640737e-007 
d 5.000000000e-001 9.750000000e-001 3.931920596e-006 1.048220416e-006 1.048220416e-006 3.931920596e-006 9.750000000e-001 9.000000000e+001 0.000000000e+000 1.000000000e+000 0.000000000e+000 0.000000000e+000 0.000000000e+000 3.109562306e-007 -8.495655502e-016 -8.495655502e-016 -3.109562306e-007 
d 5.000000000e-001 9.750000000e-001 3.931920596e-006 1.048220416e-006 1.048220416e-006 3.931920596e-006 9.750000000e-001 9.000000000e+001 0.000000000e+000 1.000000000e+000 0.000000000e+000 0.000000000e+000 0.000000000e+000 3.080480219e-007 1.000000000e-001 1.000000000e-001 -3.080480219e-007 
d 5.000000000e-001 9.750000000e-001 3.931920596e-006 1.048220416e-006 1.048220416e-006 3.931920596e-006 9.750000000e-001 9.000000000e+001 0.000000000e+000 1.000000000e+000 0.000000000e+000 0.000000000e+000 0.000000000e+000 3.040953846e-007 2.000000000e-001 2.000000000e-001 -3.040953846e-007 
d 5.000000000e-001 9.750000000e-001 3.931920596e-006 1.048220416e-006 1.048220416e-006 3.931920596e-006 9.750000000e-001 9.000000000e+001 0.000000000e+000 1.000000000e+000 0.000000000e+000 0.000000000e+000 0.000000000e+000 2.909568123e-007 3.000000000e-001 3.000000000e-001 -2.909568123e-007 
d 5.000000000e-001 9.750000000e-001 3.931920596e-006 1.048220416e-006 1.048220416e-006 3.931920596e-006 9.750000000e-001 9.000000000e+001 0.000000000e+000 1.000000000e+000 0.000000000e+000 0.000000000e+000 0.000000000e+000 1.198222536e-007 4.000000000e-001 4.000000000e-001 -1.198222537e-007 
d 5.000000000e-001 9.750000000e-001 3.931920596e-006 1.048220416e-006 1.048220416e-006 3.931920596e-006 9.750000000e-001 9.000000000e+001 0.000000000e+000 1.000000000e+000 0.000000000e+000 0.000000000e+000 0.000000000e+000 -9.291035658e-007 5.000000000e-001 5.000000000e-001 9.291035641e-007 
d 5.000000000e-001 9.750000000e-001 3.931920596e-006 1.048220416e-006 1.048220416e-006 3.931920596e-006 9.750000000e-001 9.000000000e+001 0.000000000e+000 1.000000000e+000 0.000000000e+000 0.000000000e+000 0.000000000e+000 -3.438117168e-006 6.000000000e-001 6.000000000e-001 3.438117168e-006 
d 5.000000000e-001 9.750000000e-001 3.931920596e-006 1.048220416e-006 1.048220416e-006 3.931920596e-006 9.750000000e-001 9.000000000e+001 0.000000000e+000 1.000000000e+000 0.000000000e+000 0.000000000e+000 0.000000000e+000 -7.288540503e-006 7.000000000e-001 7.000000000e-001 7.288540503e-006 
d 5.000000000e-001 9.750000000e-001 3.931920596e-006 1.048220416e-006 1.048220416e-006 3.931920596e-006 9.750000000e-001 9.000000000e+001 0.000000000e+000 1.000000000e+000 0.000000000e+000 0.000000000e+000 0.000000000e+000 -1.273010868e-005 8.000000000e-001 8.000000000e-001 1.273010867e-005 
d 5.000000000e-001 9.750000000e-001 3.931920596e-006 1.048220416e-006 1.048220416e-006 3.931920596e-006 9.750000000e-001 9.000000000e+001 0.000000000e+000 1.000000000e+000 0.000000000e+000 0.000000000e+000 0.000000000e+000 -2.006199955e-005 9.000000000e-001 9.000000000e-001 2.006199955e-005 
d 5.000000000e-001 9.750000000e-001 3.931920596e-006 1.048220416e-006 1.048220416e-006 3.931920596e-006 9.750000000e-001 9.000000000e+001 0.000000000e+000 1.000000000e+000 0.000000000e+000 0.000000000e+000 0.000000000e+000 -2.945611958e-005 1.000000000e+000 1.000000000e+000 2.945611958e-005 
d 5.000000000e-001 9.750000000e-001 3.931920596e-006 1.048220416e-006 1.048220416e-006 3.931920596e-006 9.750000000e-001 9.000000000e+001 0.000000000e+000 1.000000000e+000 0.000000000e+000 0.000000000e+000 0.000000000e+000 -4.095198947e-005 1.100000000e+000 1.100000000e+000 4.095198947e-005 
d 5.000000000e-001 9.750000000e-001 3.931920596e-006 1.048220416e-006 1.048220416e-006 3.931920596e-006 9.750000000e-001 9.000000000e+001 0.000000000e+000 1.000000000e+000 0.000000000e+000 0.000000000e+000 0.000000000e+000 -5.449521034e-005 1.200000000e+000 1.200000000e+000 5.449521034e-005 
d 5.000000000e-001 9.750000000e-001 3.931920596e-006 1.048220416e-006 1.048220416e-006 3.931920596e-006 9.750000000e-001 9.000000000e+001 0.000000000e+000 1.000000000e+000 0.000000000e+000 0.000000000e+000 0.000000000e+000 -6.997885113e-005 1.300000000e+000 1.300000000e+000 6.997885113e-005 
d 5.000000000e-001 9.750000000e-001 3.931920596e-006 1.048220416e-006 1.048220416e-006 3.931920596e-006 9.750000000e-001 9.000000000e+001 0.000000000e+000 1.000000000e+000 0.000000000e+000 0.000000000e+000 0.000000000e+000 -8.727528761e-005 1.400000000e+000 1.400000000e+000 8.727528761e-005 
d 5.000000000e-001 9.750000000e-001 3.931920596e-006 1.048220416e-006 1.048220416e-006 3.931920596e-006 9.750000000e-001 9.000000000e+001 0.000000000e+000 1.000000000e+000 0.000000000e+000 0.000000000e+000 0.000000000e+000 -1.062550823e-004 1.500000000e+000 1.500000000e+000 1.062550823e-004 
d 5.000000000e-001 9.750000000e-001 3.931920596e-006 1.048220416e-006 1.048220416e-006 3.931920596e-006 9.750000000e-001 9.000000000e+001 0.000000000e+000 1.000000000e+000 0.000000000e+000 0.000000000e+000 0.000000000e+000 -1.267959057e-004 1.600000000e+000 1.600000000e+000 1.267959040e-004 
d 5.000000000e-001 9.750000000e-001 3.931920596e-006 1.048220416e-006 1.048220416e-006 3.931920596e-006 9.750000000e-001 9.000000000e+001 0.000000000e+000 1.000000000e+000 0.000000000e+000 0.000000000e+000 0.000000000e+000 -1.487857940e-004 1.700000000e+000 1.700000000e+000 1.487857929e-004 
d 5.000000000e-001 9.750000000e-001 3.931920596e-006 1.048220416e-006 1.048220416e-006 3.931920596e-006 9.750000000e-001 9.000000000e+001 0.000000000e+000 1.000000000e+000 0.000000000e+000 0.000000000e+000 0.000000000e+000 -1.721237222e-004 1.800000000e+000 1.800000000e+000 1.721237215e-004 
d 5.000000000e-001 9.750000000e-001 3.931920596e-006 1.048220416e-006 1.048220416e-006 3.931920596e-006 9.750000000e-001 9.000000000e+001 0.000000000e+000 1.000000000e+000 0.000000000e+000 0.000000000e+000 0.000000000e+000 -1.967189985e-004 1.900000000e+000 1.900000000e+000 1.967189980e-004 
d 5.000000000e-001 9.750000000e-001 3.931920596e-006 1.048220416e-006 1.048220416e-006 3.931920596e-006 9.750000000e-001 9.000000000e+001 0.000000000e+000 1.000000000e+000 0.000000000e+000 0.000000000e+000 0.000000000e+000 -2.224902595e-004 2.000000000e+000 2.000000000e+000 2.224902592e-004 
d 5.000000000e-001 9.750000000e-001 3.931920596e-006 1.048220416e-006 1.048220416e-006 3.931920596e-006 9.750000000e-001 9.000000000e+001 0.000000000e+000 1.000000000e+000 0.000000000e+000 0.000000000e+000 0.000000000e+000 -2.493643815e-004 2.100000000e+000 2.100000000e+000 2.493643813e-004 
d 5.000000000e-001 9.750000000e-001 3.931920596e-006 1.048220416e-006 1.048220416e-006 3.931920596e-006 9.750000000e-001 9.000000000e+001 0.000000000e+000 1.000000000e+000 0.000000000e+000 0.000000000e+000 0.000000000e+000 -2.772754493e-004 2.200000000e+000 2.200000000e+000 2.772754492e-004 
d 5.000000000e-001 9.750000000e-001 3.931920596e-006 1.048220416e-006 1.048220416e-006 3.931920596e-006 9.750000000e-001 9.000000000e+001 0.000000000e+000 1.000000000e+000 0.000000000e+000 0.000000000e+000 0.000000000e+000 -3.061638342e-004 2.300000000e+000 2.300000000e+000 3.061638341e-004 
d 5.000000000e-001 9.750000000e-001 3.931920596e-006 1.048220416e-006 1.048220416e-006 3.931920596e-006 9.750000000e-001 9.000000000e+001 0.000000000e+000 1.000000000e+000 0.000000000e+000 0.000000000e+000 0.000000000e+000 -3.359753898e-004 2.400000000e+000 2.400000000e+000 3.359753898e-004 
d 5.000000000e-001 9.750000000e-001 3.931920596e-006 1.048220416e-006 1.048220416e-006 3.931920596e-006 9.750000000e-001 9.000000000e+001 0.000000000e+000 1.000000000e+000 0.000000000e+000 0.000000000e+000 0.000000000e+000 -3.666607615e-004 2.500000000e+000 2.500000000e+000 3.666607614e-004 
d 5.000000000e-001 9.750000000e-001 3.931920596e-006 1.048220416e-006 1.048220416e-006 3.931920596e-006 9.750000000e-001 9.000000000e+001 0.000000000e+000 1.000000000e+000 0.000000000e+000 0.000000000e+000 0.000000000e+000 -3.981747946e-004 2.600000000e+000 2.600000000e+000 3.981747946e-004 
d 5.000000000e-001 9.750000000e-001 3.931920596e-006 1.048220416e-006 1.048220416e-006 3.931920596e-006 9.750000000e-001 9.000000000e+001 0.000000000e+000 1.000000000e+000 0.000000000e+000 0.000000000e+000 0.000000000e+000 -4.304760302e-004 2.700000000e+000 2.700000000e+000 4.304760302e-004 
d 5.000000000e-001 9.750000000e-001 3.931920596e-006 1.048220416e-006 1.048220416e-006 3.931920596e-006 9.750000000e-001 9.000000000e+001 0.000000000e+000 1.000000000e+000 0.000000000e+000 0.000000000e+000 0.000000000e+000 -4.635262727e-004 2.800000000e+000 2.800000000e+000 4.635262727e-004 
d 5.000000000e-001 9.750000000e-001 3.931920596e-006 1.048220416e-006 1.048220416e-006 3.931920596e-006 9.750000000e-001 9.000000000e+001 0.000000000e+000 1.000000000e+000 0.000000000e+000 0.000000000e+000 0.000000000e+000 -4.972902204e-004 2.900000000e+000 2.900000000e+000 4.972902204e-004 
d 5.000000000e-001 9.750000000e-001 3.931920596e-006 1.048220416e-006 1.048220416e-006 3.931920596e-006 9.750000000e-001 9.000000000e+001 0.000000000e+000 1.000000000e+000 0.000000000e+000 0.000000000e+000 0.000000000e+000 -5.317351472e-004 3.000000000e+000 3.000000000e+000 5.317351472e-004 
