v ATLAS
# This file was created by ATLAS version 5.28.1.R on Tue Apr 04 19:22:10 2023.
#SSF 2.0 generic
##############################################################################
#                    Copyright (c) 1984 - 2019                               #
#                    Silvaco Inc. All rights reserved                        #
#                                                                            #
# This file format and the following Key are copyright Silvaco Inc.          #
# You may not use, this format or key without reproducing this message in    #
# full and obtaining express written permission from Silvaco Inc.            #
#                                                                            #
# To obtain such permission please contact: Silvaco Inc.                     #
#                                           support@silvaco.com              #
#                                                                            #
# KEY=SVC86hn7562asdx                       PROD=345                         #
##############################################################################
y 3 700 711 15
z 1000 1e+041 300
f 2 "gate" "source" 
p 17 91 4000 4010 4020 85 86 87 308 354 355 356 2 601 20 3 602 21 
d 1.000000000e+000 9.750000000e-001 7.863841192e-006 3.075090993e-006 3.075090993e-006 7.863841192e-006 9.750000000e-001 9.000000000e+001 0.000000000e+000 1.000000000e+000 0.000000000e+000 0.000000000e+000 0.000000000e+000 2.921367939e-007 0.000000000e+000 0.000000000e+000 -2.921367936e-007 
d 1.000000000e+000 9.750000000e-001 7.863841192e-006 3.075090993e-006 3.075090993e-006 7.863841192e-006 9.750000000e-001 9.000000000e+001 0.000000000e+000 1.000000000e+000 0.000000000e+000 0.000000000e+000 0.000000000e+000 3.083059921e-007 -3.000000000e+000 -3.000000000e+000 -3.083059921e-007 
d 1.000000000e+000 9.750000000e-001 7.863841192e-006 3.075090993e-006 3.075090993e-006 7.863841192e-006 9.750000000e-001 9.000000000e+001 0.000000000e+000 1.000000000e+000 0.000000000e+000 0.000000000e+000 0.000000000e+000 3.081739062e-007 -2.900000000e+000 -2.900000000e+000 -3.081739053e-007 
d 1.000000000e+000 9.750000000e-001 7.863841192e-006 3.075090993e-006 3.075090993e-006 7.863841192e-006 9.750000000e-001 9.000000000e+001 0.000000000e+000 1.000000000e+000 0.000000000e+000 0.000000000e+000 0.000000000e+000 3.080351158e-007 -2.800000000e+000 -2.800000000e+000 -3.080351158e-007 
d 1.000000000e+000 9.750000000e-001 7.863841192e-006 3.075090993e-006 3.075090993e-006 7.863841192e-006 9.750000000e-001 9.000000000e+001 0.000000000e+000 1.000000000e+000 0.000000000e+000 0.000000000e+000 0.000000000e+000 3.078890579e-007 -2.700000000e+000 -2.700000000e+000 -3.078890579e-007 
d 1.000000000e+000 9.750000000e-001 7.863841192e-006 3.075090993e-006 3.075090993e-006 7.863841192e-006 9.750000000e-001 9.000000000e+001 0.000000000e+000 1.000000000e+000 0.000000000e+000 0.000000000e+000 0.000000000e+000 3.077351052e-007 -2.600000000e+000 -2.600000000e+000 -3.077351051e-007 
d 1.000000000e+000 9.750000000e-001 7.863841192e-006 3.075090993e-006 3.075090993e-006 7.863841192e-006 9.750000000e-001 9.000000000e+001 0.000000000e+000 1.000000000e+000 0.000000000e+000 0.000000000e+000 0.000000000e+000 3.075725558e-007 -2.500000000e+000 -2.500000000e+000 -3.075725557e-007 
d 1.000000000e+000 9.750000000e-001 7.863841192e-006 3.075090993e-006 3.075090993e-006 7.863841192e-006 9.750000000e-001 9.000000000e+001 0.000000000e+000 1.000000000e+000 0.000000000e+000 0.000000000e+000 0.000000000e+000 3.074006224e-007 -2.400000000e+000 -2.400000000e+000 -3.074006223e-007 
d 1.000000000e+000 9.750000000e-001 7.863841192e-006 3.075090993e-006 3.075090993e-006 7.863841192e-006 9.750000000e-001 9.000000000e+001 0.000000000e+000 1.000000000e+000 0.000000000e+000 0.000000000e+000 0.000000000e+000 3.072184186e-007 -2.300000000e+000 -2.300000000e+000 -3.072184185e-007 
d 1.000000000e+000 9.750000000e-001 7.863841192e-006 3.075090993e-006 3.075090993e-006 7.863841192e-006 9.750000000e-001 9.000000000e+001 0.000000000e+000 1.000000000e+000 0.000000000e+000 0.000000000e+000 0.000000000e+000 3.070249428e-007 -2.200000000e+000 -2.200000000e+000 -3.070249427e-007 
d 1.000000000e+000 9.750000000e-001 7.863841192e-006 3.075090993e-006 3.075090993e-006 7.863841192e-006 9.750000000e-001 9.000000000e+001 0.000000000e+000 1.000000000e+000 0.000000000e+000 0.000000000e+000 0.000000000e+000 3.068190590e-007 -2.100000000e+000 -2.100000000e+000 -3.068190588e-007 
d 1.000000000e+000 9.750000000e-001 7.863841192e-006 3.075090993e-006 3.075090993e-006 7.863841192e-006 9.750000000e-001 9.000000000e+001 0.000000000e+000 1.000000000e+000 0.000000000e+000 0.000000000e+000 0.000000000e+000 3.065994732e-007 -2.000000000e+000 -2.000000000e+000 -3.065994730e-007 
d 1.000000000e+000 9.750000000e-001 7.863841192e-006 3.075090993e-006 3.075090993e-006 7.863841192e-006 9.750000000e-001 9.000000000e+001 0.000000000e+000 1.000000000e+000 0.000000000e+000 0.000000000e+000 0.000000000e+000 3.063647055e-007 -1.900000000e+000 -1.900000000e+000 -3.063647052e-007 
d 1.000000000e+000 9.750000000e-001 7.863841192e-006 3.075090993e-006 3.075090993e-006 7.863841192e-006 9.750000000e-001 9.000000000e+001 0.000000000e+000 1.000000000e+000 0.000000000e+000 0.000000000e+000 0.000000000e+000 3.061130546e-007 -1.800000000e+000 -1.800000000e+000 -3.061130543e-007 
d 1.000000000e+000 9.750000000e-001 7.863841192e-006 3.075090993e-006 3.075090993e-006 7.863841192e-006 9.750000000e-001 9.000000000e+001 0.000000000e+000 1.000000000e+000 0.000000000e+000 0.000000000e+000 0.000000000e+000 3.058425556e-007 -1.700000000e+000 -1.700000000e+000 -3.058425556e-007 
d 1.000000000e+000 9.750000000e-001 7.863841192e-006 3.075090993e-006 3.075090993e-006 7.863841192e-006 9.750000000e-001 9.000000000e+001 0.000000000e+000 1.000000000e+000 0.000000000e+000 0.000000000e+000 0.000000000e+000 3.055509273e-007 -1.600000000e+000 -1.600000000e+000 -3.055509273e-007 
d 1.000000000e+000 9.750000000e-001 7.863841192e-006 3.075090993e-006 3.075090993e-006 7.863841192e-006 9.750000000e-001 9.000000000e+001 0.000000000e+000 1.000000000e+000 0.000000000e+000 0.000000000e+000 0.000000000e+000 3.052355043e-007 -1.500000000e+000 -1.500000000e+000 -3.052355043e-007 
d 1.000000000e+000 9.750000000e-001 7.863841192e-006 3.075090993e-006 3.075090993e-006 7.863841192e-006 9.750000000e-001 9.000000000e+001 0.000000000e+000 1.000000000e+000 0.000000000e+000 0.000000000e+000 0.000000000e+000 3.048931539e-007 -1.400000000e+000 -1.400000000e+000 -3.048931539e-007 
d 1.000000000e+000 9.750000000e-001 7.863841192e-006 3.075090993e-006 3.075090993e-006 7.863841192e-006 9.750000000e-001 9.000000000e+001 0.000000000e+000 1.000000000e+000 0.000000000e+000 0.000000000e+000 0.000000000e+000 3.045201686e-007 -1.300000000e+000 -1.300000000e+000 -3.045201686e-007 
d 1.000000000e+000 9.750000000e-001 7.863841192e-006 3.075090993e-006 3.075090993e-006 7.863841192e-006 9.750000000e-001 9.000000000e+001 0.000000000e+000 1.000000000e+000 0.000000000e+000 0.000000000e+000 0.000000000e+000 3.041121281e-007 -1.200000000e+000 -1.200000000e+000 -3.041121281e-007 
d 1.000000000e+000 9.750000000e-001 7.863841192e-006 3.075090993e-006 3.075090993e-006 7.863841192e-006 9.750000000e-001 9.000000000e+001 0.000000000e+000 1.000000000e+000 0.000000000e+000 0.000000000e+000 0.000000000e+000 3.036637197e-007 -1.100000000e+000 -1.100000000e+000 -3.036637197e-007 
d 1.000000000e+000 9.750000000e-001 7.863841192e-006 3.075090993e-006 3.075090993e-006 7.863841192e-006 9.750000000e-001 9.000000000e+001 0.000000000e+000 1.000000000e+000 0.000000000e+000 0.000000000e+000 0.000000000e+000 3.031685008e-007 -1.000000000e+000 -1.000000000e+000 -3.031685008e-007 
d 1.000000000e+000 9.750000000e-001 7.863841192e-006 3.075090993e-006 3.075090993e-006 7.863841192e-006 9.750000000e-001 9.000000000e+001 0.000000000e+000 1.000000000e+000 0.000000000e+000 0.000000000e+000 0.000000000e+000 3.026185820e-007 -9.000000000e-001 -9.000000000e-001 -3.026185820e-007 
d 1.000000000e+000 9.750000000e-001 7.863841192e-006 3.075090993e-006 3.075090993e-006 7.863841192e-006 9.750000000e-001 9.000000000e+001 0.000000000e+000 1.000000000e+000 0.000000000e+000 0.000000000e+000 0.000000000e+000 3.020041975e-007 -8.000000000e-001 -8.000000000e-001 -3.020041975e-007 
d 1.000000000e+000 9.750000000e-001 7.863841192e-006 3.075090993e-006 3.075090993e-006 7.863841192e-006 9.750000000e-001 9.000000000e+001 0.000000000e+000 1.000000000e+000 0.000000000e+000 0.000000000e+000 0.000000000e+000 3.013131122e-007 -7.000000000e-001 -7.000000000e-001 -3.013131122e-007 
d 1.000000000e+000 9.750000000e-001 7.863841192e-006 3.075090993e-006 3.075090993e-006 7.863841192e-006 9.750000000e-001 9.000000000e+001 0.000000000e+000 1.000000000e+000 0.000000000e+000 0.000000000e+000 0.000000000e+000 3.005297896e-007 -6.000000000e-001 -6.000000000e-001 -3.005297896e-007 
d 1.000000000e+000 9.750000000e-001 7.863841192e-006 3.075090993e-006 3.075090993e-006 7.863841192e-006 9.750000000e-001 9.000000000e+001 0.000000000e+000 1.000000000e+000 0.000000000e+000 0.000000000e+000 0.000000000e+000 2.996341992e-007 -5.000000000e-001 -5.000000000e-001 -2.996341992e-007 
d 1.000000000e+000 9.750000000e-001 7.863841192e-006 3.075090993e-006 3.075090993e-006 7.863841192e-006 9.750000000e-001 9.000000000e+001 0.000000000e+000 1.000000000e+000 0.000000000e+000 0.000000000e+000 0.000000000e+000 2.986000671e-007 -4.000000000e-001 -4.000000000e-001 -2.986000671e-007 
d 1.000000000e+000 9.750000000e-001 7.863841192e-006 3.075090993e-006 3.075090993e-006 7.863841192e-006 9.750000000e-001 9.000000000e+001 0.000000000e+000 1.000000000e+000 0.000000000e+000 0.000000000e+000 0.000000000e+000 2.973922432e-007 -3.000000000e-001 -3.000000000e-001 -2.973922432e-007 
d 1.000000000e+000 9.750000000e-001 7.863841192e-006 3.075090993e-006 3.075090993e-006 7.863841192e-006 9.750000000e-001 9.000000000e+001 0.000000000e+000 1.000000000e+000 0.000000000e+000 0.000000000e+000 0.000000000e+000 2.959626142e-007 -2.000000000e-001 -2.000000000e-001 -2.959626142e-007 
d 1.000000000e+000 9.750000000e-001 7.863841192e-006 3.075090993e-006 3.075090993e-006 7.863841192e-006 9.750000000e-001 9.000000000e+001 0.000000000e+000 1.000000000e+000 0.000000000e+000 0.000000000e+000 0.000000000e+000 2.942435368e-007 -1.000000000e-001 -1.000000000e-001 -2.942435368e-007 
d 1.000000000e+000 9.750000000e-001 7.863841192e-006 3.075090993e-006 3.075090993e-006 7.863841192e-006 9.750000000e-001 9.000000000e+001 0.000000000e+000 1.000000000e+000 0.000000000e+000 0.000000000e+000 0.000000000e+000 2.921367936e-007 -8.495655502e-016 -8.495655502e-016 -2.921367936e-007 
d 1.000000000e+000 9.750000000e-001 7.863841192e-006 3.075090993e-006 3.075090993e-006 7.863841192e-006 9.750000000e-001 9.000000000e+001 0.000000000e+000 1.000000000e+000 0.000000000e+000 0.000000000e+000 0.000000000e+000 2.894919442e-007 1.000000000e-001 1.000000000e-001 -2.894919442e-007 
d 1.000000000e+000 9.750000000e-001 7.863841192e-006 3.075090993e-006 3.075090993e-006 7.863841192e-006 9.750000000e-001 9.000000000e+001 0.000000000e+000 1.000000000e+000 0.000000000e+000 0.000000000e+000 0.000000000e+000 2.859624263e-007 2.000000000e-001 2.000000000e-001 -2.859624263e-007 
d 1.000000000e+000 9.750000000e-001 7.863841192e-006 3.075090993e-006 3.075090993e-006 7.863841192e-006 9.750000000e-001 9.000000000e+001 0.000000000e+000 1.000000000e+000 0.000000000e+000 0.000000000e+000 0.000000000e+000 2.760735784e-007 3.000000000e-001 3.000000000e-001 -2.760735784e-007 
d 1.000000000e+000 9.750000000e-001 7.863841192e-006 3.075090993e-006 3.075090993e-006 7.863841192e-006 9.750000000e-001 9.000000000e+001 0.000000000e+000 1.000000000e+000 0.000000000e+000 0.000000000e+000 0.000000000e+000 1.237415562e-007 4.000000000e-001 4.000000000e-001 -1.237415562e-007 
d 1.000000000e+000 9.750000000e-001 7.863841192e-006 3.075090993e-006 3.075090993e-006 7.863841192e-006 9.750000000e-001 9.000000000e+001 0.000000000e+000 1.000000000e+000 0.000000000e+000 0.000000000e+000 0.000000000e+000 -6.352007201e-007 5.000000000e-001 5.000000000e-001 6.352007176e-007 
d 1.000000000e+000 9.750000000e-001 7.863841192e-006 3.075090993e-006 3.075090993e-006 7.863841192e-006 9.750000000e-001 9.000000000e+001 0.000000000e+000 1.000000000e+000 0.000000000e+000 0.000000000e+000 0.000000000e+000 -1.868548942e-006 6.000000000e-001 6.000000000e-001 1.868548942e-006 
d 1.000000000e+000 9.750000000e-001 7.863841192e-006 3.075090993e-006 3.075090993e-006 7.863841192e-006 9.750000000e-001 9.000000000e+001 0.000000000e+000 1.000000000e+000 0.000000000e+000 0.000000000e+000 0.000000000e+000 -3.312831486e-006 7.000000000e-001 7.000000000e-001 3.312831486e-006 
d 1.000000000e+000 9.750000000e-001 7.863841192e-006 3.075090993e-006 3.075090993e-006 7.863841192e-006 9.750000000e-001 9.000000000e+001 0.000000000e+000 1.000000000e+000 0.000000000e+000 0.000000000e+000 0.000000000e+000 -4.890719118e-006 8.000000000e-001 8.000000000e-001 4.890719094e-006 
d 1.000000000e+000 9.750000000e-001 7.863841192e-006 3.075090993e-006 3.075090993e-006 7.863841192e-006 9.750000000e-001 9.000000000e+001 0.000000000e+000 1.000000000e+000 0.000000000e+000 0.000000000e+000 0.000000000e+000 -6.583124800e-006 9.000000000e-001 9.000000000e-001 6.583124800e-006 
d 1.000000000e+000 9.750000000e-001 7.863841192e-006 3.075090993e-006 3.075090993e-006 7.863841192e-006 9.750000000e-001 9.000000000e+001 0.000000000e+000 1.000000000e+000 0.000000000e+000 0.000000000e+000 0.000000000e+000 -8.389113634e-006 1.000000000e+000 1.000000000e+000 8.389113634e-006 
d 1.000000000e+000 9.750000000e-001 7.863841192e-006 3.075090993e-006 3.075090993e-006 7.863841192e-006 9.750000000e-001 9.000000000e+001 0.000000000e+000 1.000000000e+000 0.000000000e+000 0.000000000e+000 0.000000000e+000 -1.031464417e-005 1.100000000e+000 1.100000000e+000 1.031464417e-005 
d 1.000000000e+000 9.750000000e-001 7.863841192e-006 3.075090993e-006 3.075090993e-006 7.863841192e-006 9.750000000e-001 9.000000000e+001 0.000000000e+000 1.000000000e+000 0.000000000e+000 0.000000000e+000 0.000000000e+000 -1.236836817e-005 1.200000000e+000 1.200000000e+000 1.236836817e-005 
d 1.000000000e+000 9.750000000e-001 7.863841192e-006 3.075090993e-006 3.075090993e-006 7.863841192e-006 9.750000000e-001 9.000000000e+001 0.000000000e+000 1.000000000e+000 0.000000000e+000 0.000000000e+000 0.000000000e+000 -1.455985109e-005 1.300000000e+000 1.300000000e+000 1.455985109e-005 
d 1.000000000e+000 9.750000000e-001 7.863841192e-006 3.075090993e-006 3.075090993e-006 7.863841192e-006 9.750000000e-001 9.000000000e+001 0.000000000e+000 1.000000000e+000 0.000000000e+000 0.000000000e+000 0.000000000e+000 -1.689880877e-005 1.400000000e+000 1.400000000e+000 1.689880863e-005 
d 1.000000000e+000 9.750000000e-001 7.863841192e-006 3.075090993e-006 3.075090993e-006 7.863841192e-006 9.750000000e-001 9.000000000e+001 0.000000000e+000 1.000000000e+000 0.000000000e+000 0.000000000e+000 0.000000000e+000 -1.939478576e-005 1.500000000e+000 1.500000000e+000 1.939478571e-005 
d 1.000000000e+000 9.750000000e-001 7.863841192e-006 3.075090993e-006 3.075090993e-006 7.863841192e-006 9.750000000e-001 9.000000000e+001 0.000000000e+000 1.000000000e+000 0.000000000e+000 0.000000000e+000 0.000000000e+000 -2.205701745e-005 1.600000000e+000 1.600000000e+000 2.205701743e-005 
d 1.000000000e+000 9.750000000e-001 7.863841192e-006 3.075090993e-006 3.075090993e-006 7.863841192e-006 9.750000000e-001 9.000000000e+001 0.000000000e+000 1.000000000e+000 0.000000000e+000 0.000000000e+000 0.000000000e+000 -2.489435692e-005 1.700000000e+000 1.700000000e+000 2.489435692e-005 
d 1.000000000e+000 9.750000000e-001 7.863841192e-006 3.075090993e-006 3.075090993e-006 7.863841192e-006 9.750000000e-001 9.000000000e+001 0.000000000e+000 1.000000000e+000 0.000000000e+000 0.000000000e+000 0.000000000e+000 -2.791522350e-005 1.800000000e+000 1.800000000e+000 2.791522350e-005 
d 1.000000000e+000 9.750000000e-001 7.863841192e-006 3.075090993e-006 3.075090993e-006 7.863841192e-006 9.750000000e-001 9.000000000e+001 0.000000000e+000 1.000000000e+000 0.000000000e+000 0.000000000e+000 0.000000000e+000 -3.112755577e-005 1.900000000e+000 1.900000000e+000 3.112755577e-005 
d 1.000000000e+000 9.750000000e-001 7.863841192e-006 3.075090993e-006 3.075090993e-006 7.863841192e-006 9.750000000e-001 9.000000000e+001 0.000000000e+000 1.000000000e+000 0.000000000e+000 0.000000000e+000 0.000000000e+000 -3.453876619e-005 2.000000000e+000 2.000000000e+000 3.453876619e-005 
d 1.000000000e+000 9.750000000e-001 7.863841192e-006 3.075090993e-006 3.075090993e-006 7.863841192e-006 9.750000000e-001 9.000000000e+001 0.000000000e+000 1.000000000e+000 0.000000000e+000 0.000000000e+000 0.000000000e+000 -3.815569781e-005 2.100000000e+000 2.100000000e+000 3.815569781e-005 
d 1.000000000e+000 9.750000000e-001 7.863841192e-006 3.075090993e-006 3.075090993e-006 7.863841192e-006 9.750000000e-001 9.000000000e+001 0.000000000e+000 1.000000000e+000 0.000000000e+000 0.000000000e+000 0.000000000e+000 -4.198458485e-005 2.200000000e+000 2.200000000e+000 4.198458485e-005 
d 1.000000000e+000 9.750000000e-001 7.863841192e-006 3.075090993e-006 3.075090993e-006 7.863841192e-006 9.750000000e-001 9.000000000e+001 0.000000000e+000 1.000000000e+000 0.000000000e+000 0.000000000e+000 0.000000000e+000 -4.603101832e-005 2.300000000e+000 2.300000000e+000 4.603101832e-005 
d 1.000000000e+000 9.750000000e-001 7.863841192e-006 3.075090993e-006 3.075090993e-006 7.863841192e-006 9.750000000e-001 9.000000000e+001 0.000000000e+000 1.000000000e+000 0.000000000e+000 0.000000000e+000 0.000000000e+000 -5.029991804e-005 2.400000000e+000 2.400000000e+000 5.029991804e-005 
d 1.000000000e+000 9.750000000e-001 7.863841192e-006 3.075090993e-006 3.075090993e-006 7.863841192e-006 9.750000000e-001 9.000000000e+001 0.000000000e+000 1.000000000e+000 0.000000000e+000 0.000000000e+000 0.000000000e+000 -5.479551197e-005 2.500000000e+000 2.500000000e+000 5.479551197e-005 
d 1.000000000e+000 9.750000000e-001 7.863841192e-006 3.075090993e-006 3.075090993e-006 7.863841192e-006 9.750000000e-001 9.000000000e+001 0.000000000e+000 1.000000000e+000 0.000000000e+000 0.000000000e+000 0.000000000e+000 -5.952132343e-005 2.600000000e+000 2.600000000e+000 5.952132343e-005 
d 1.000000000e+000 9.750000000e-001 7.863841192e-006 3.075090993e-006 3.075090993e-006 7.863841192e-006 9.750000000e-001 9.000000000e+001 0.000000000e+000 1.000000000e+000 0.000000000e+000 0.000000000e+000 0.000000000e+000 -6.448016681e-005 2.700000000e+000 2.700000000e+000 6.448016681e-005 
d 1.000000000e+000 9.750000000e-001 7.863841192e-006 3.075090993e-006 3.075090993e-006 7.863841192e-006 9.750000000e-001 9.000000000e+001 0.000000000e+000 1.000000000e+000 0.000000000e+000 0.000000000e+000 0.000000000e+000 -6.967415180e-005 2.800000000e+000 2.800000000e+000 6.967415180e-005 
d 1.000000000e+000 9.750000000e-001 7.863841192e-006 3.075090993e-006 3.075090993e-006 7.863841192e-006 9.750000000e-001 9.000000000e+001 0.000000000e+000 1.000000000e+000 0.000000000e+000 0.000000000e+000 0.000000000e+000 -7.510469599e-005 2.900000000e+000 2.900000000e+000 7.510469599e-005 
d 1.000000000e+000 9.750000000e-001 7.863841192e-006 3.075090993e-006 3.075090993e-006 7.863841192e-006 9.750000000e-001 9.000000000e+001 0.000000000e+000 1.000000000e+000 0.000000000e+000 0.000000000e+000 0.000000000e+000 -8.077254545e-005 3.000000000e+000 3.000000000e+000 8.077254545e-005 
d 0.000000000e+000 0.000000000e+000 0.000000000e+000 0.000000000e+000 0.000000000e+000 0.000000000e+000 9.750000000e-001 9.000000000e+001 0.000000000e+000 1.000000000e+000 0.000000000e+000 0.000000000e+000 0.000000000e+000 -8.443804655e-013 1.000000000e-001 1.000000000e-001 8.625274861e-013 
