v ATLAS
# This file was created by ATLAS version 5.28.1.R on Tue Apr 04 19:29:08 2023.
#SSF 2.0 generic
##############################################################################
#                    Copyright (c) 1984 - 2019                               #
#                    Silvaco Inc. All rights reserved                        #
#                                                                            #
# This file format and the following Key are copyright Silvaco Inc.          #
# You may not use, this format or key without reproducing this message in    #
# full and obtaining express written permission from Silvaco Inc.            #
#                                                                            #
# To obtain such permission please contact: Silvaco Inc.                     #
#                                           support@silvaco.com              #
#                                                                            #
# KEY=SVC86hn7562asdx                       PROD=345                         #
##############################################################################
y 3 700 711 15
z 1000 1e+041 300
f 2 "gate" "source" 
p 17 91 4000 4010 4020 85 86 87 308 354 355 356 2 601 20 3 602 21 
d 1.000000000e+000 9.750000000e-001 7.863841192e-006 3.745203456e-006 3.745203456e-006 7.863841192e-006 9.750000000e-001 9.000000000e+001 0.000000000e+000 1.000000000e+000 0.000000000e+000 0.000000000e+000 0.000000000e+000 6.268068227e-008 0.000000000e+000 0.000000000e+000 -6.268068227e-008 
d 1.000000000e+000 9.750000000e-001 7.863841192e-006 3.745203456e-006 3.745203456e-006 7.863841192e-006 9.750000000e-001 9.000000000e+001 0.000000000e+000 1.000000000e+000 0.000000000e+000 0.000000000e+000 0.000000000e+000 6.601160749e-008 -3.000000000e+000 -3.000000000e+000 -6.601160743e-008 
d 1.000000000e+000 9.750000000e-001 7.863841192e-006 3.745203456e-006 3.745203456e-006 7.863841192e-006 9.750000000e-001 9.000000000e+001 0.000000000e+000 1.000000000e+000 0.000000000e+000 0.000000000e+000 0.000000000e+000 6.598383243e-008 -2.900000000e+000 -2.900000000e+000 -6.598383156e-008 
d 1.000000000e+000 9.750000000e-001 7.863841192e-006 3.745203456e-006 3.745203456e-006 7.863841192e-006 9.750000000e-001 9.000000000e+001 0.000000000e+000 1.000000000e+000 0.000000000e+000 0.000000000e+000 0.000000000e+000 6.595465349e-008 -2.800000000e+000 -2.800000000e+000 -6.595465349e-008 
d 1.000000000e+000 9.750000000e-001 7.863841192e-006 3.745203456e-006 3.745203456e-006 7.863841192e-006 9.750000000e-001 9.000000000e+001 0.000000000e+000 1.000000000e+000 0.000000000e+000 0.000000000e+000 0.000000000e+000 6.592395377e-008 -2.700000000e+000 -2.700000000e+000 -6.592395376e-008 
d 1.000000000e+000 9.750000000e-001 7.863841192e-006 3.745203456e-006 3.745203456e-006 7.863841192e-006 9.750000000e-001 9.000000000e+001 0.000000000e+000 1.000000000e+000 0.000000000e+000 0.000000000e+000 0.000000000e+000 6.589160302e-008 -2.600000000e+000 -2.600000000e+000 -6.589160302e-008 
d 1.000000000e+000 9.750000000e-001 7.863841192e-006 3.745203456e-006 3.745203456e-006 7.863841192e-006 9.750000000e-001 9.000000000e+001 0.000000000e+000 1.000000000e+000 0.000000000e+000 0.000000000e+000 0.000000000e+000 6.585745573e-008 -2.500000000e+000 -2.500000000e+000 -6.585745573e-008 
d 1.000000000e+000 9.750000000e-001 7.863841192e-006 3.745203456e-006 3.745203456e-006 7.863841192e-006 9.750000000e-001 9.000000000e+001 0.000000000e+000 1.000000000e+000 0.000000000e+000 0.000000000e+000 0.000000000e+000 6.582134877e-008 -2.400000000e+000 -2.400000000e+000 -6.582134876e-008 
d 1.000000000e+000 9.750000000e-001 7.863841192e-006 3.745203456e-006 3.745203456e-006 7.863841192e-006 9.750000000e-001 9.000000000e+001 0.000000000e+000 1.000000000e+000 0.000000000e+000 0.000000000e+000 0.000000000e+000 6.578309866e-008 -2.300000000e+000 -2.300000000e+000 -6.578309866e-008 
d 1.000000000e+000 9.750000000e-001 7.863841192e-006 3.745203456e-006 3.745203456e-006 7.863841192e-006 9.750000000e-001 9.000000000e+001 0.000000000e+000 1.000000000e+000 0.000000000e+000 0.000000000e+000 0.000000000e+000 6.574249833e-008 -2.200000000e+000 -2.200000000e+000 -6.574249832e-008 
d 1.000000000e+000 9.750000000e-001 7.863841192e-006 3.745203456e-006 3.745203456e-006 7.863841192e-006 9.750000000e-001 9.000000000e+001 0.000000000e+000 1.000000000e+000 0.000000000e+000 0.000000000e+000 0.000000000e+000 6.569931312e-008 -2.100000000e+000 -2.100000000e+000 -6.569931311e-008 
d 1.000000000e+000 9.750000000e-001 7.863841192e-006 3.745203456e-006 3.745203456e-006 7.863841192e-006 9.750000000e-001 9.000000000e+001 0.000000000e+000 1.000000000e+000 0.000000000e+000 0.000000000e+000 0.000000000e+000 6.565327611e-008 -2.000000000e+000 -2.000000000e+000 -6.565327610e-008 
d 1.000000000e+000 9.750000000e-001 7.863841192e-006 3.745203456e-006 3.745203456e-006 7.863841192e-006 9.750000000e-001 9.000000000e+001 0.000000000e+000 1.000000000e+000 0.000000000e+000 0.000000000e+000 0.000000000e+000 6.560408235e-008 -1.900000000e+000 -1.900000000e+000 -6.560408234e-008 
d 1.000000000e+000 9.750000000e-001 7.863841192e-006 3.745203456e-006 3.745203456e-006 7.863841192e-006 9.750000000e-001 9.000000000e+001 0.000000000e+000 1.000000000e+000 0.000000000e+000 0.000000000e+000 0.000000000e+000 6.555138182e-008 -1.800000000e+000 -1.800000000e+000 -6.555138180e-008 
d 1.000000000e+000 9.750000000e-001 7.863841192e-006 3.745203456e-006 3.745203456e-006 7.863841192e-006 9.750000000e-001 9.000000000e+001 0.000000000e+000 1.000000000e+000 0.000000000e+000 0.000000000e+000 0.000000000e+000 6.549477078e-008 -1.700000000e+000 -1.700000000e+000 -6.549477076e-008 
d 1.000000000e+000 9.750000000e-001 7.863841192e-006 3.745203456e-006 3.745203456e-006 7.863841192e-006 9.750000000e-001 9.000000000e+001 0.000000000e+000 1.000000000e+000 0.000000000e+000 0.000000000e+000 0.000000000e+000 6.543378112e-008 -1.600000000e+000 -1.600000000e+000 -6.543378109e-008 
d 1.000000000e+000 9.750000000e-001 7.863841192e-006 3.745203456e-006 3.745203456e-006 7.863841192e-006 9.750000000e-001 9.000000000e+001 0.000000000e+000 1.000000000e+000 0.000000000e+000 0.000000000e+000 0.000000000e+000 6.536786689e-008 -1.500000000e+000 -1.500000000e+000 -6.536786686e-008 
d 1.000000000e+000 9.750000000e-001 7.863841192e-006 3.745203456e-006 3.745203456e-006 7.863841192e-006 9.750000000e-001 9.000000000e+001 0.000000000e+000 1.000000000e+000 0.000000000e+000 0.000000000e+000 0.000000000e+000 6.529638754e-008 -1.400000000e+000 -1.400000000e+000 -6.529638750e-008 
d 1.000000000e+000 9.750000000e-001 7.863841192e-006 3.745203456e-006 3.745203456e-006 7.863841192e-006 9.750000000e-001 9.000000000e+001 0.000000000e+000 1.000000000e+000 0.000000000e+000 0.000000000e+000 0.000000000e+000 6.521858641e-008 -1.300000000e+000 -1.300000000e+000 -6.521858635e-008 
d 1.000000000e+000 9.750000000e-001 7.863841192e-006 3.745203456e-006 3.745203456e-006 7.863841192e-006 9.750000000e-001 9.000000000e+001 0.000000000e+000 1.000000000e+000 0.000000000e+000 0.000000000e+000 0.000000000e+000 6.513356321e-008 -1.200000000e+000 -1.200000000e+000 -6.513356313e-008 
d 1.000000000e+000 9.750000000e-001 7.863841192e-006 3.745203456e-006 3.745203456e-006 7.863841192e-006 9.750000000e-001 9.000000000e+001 0.000000000e+000 1.000000000e+000 0.000000000e+000 0.000000000e+000 0.000000000e+000 6.504023825e-008 -1.100000000e+000 -1.100000000e+000 -6.504023816e-008 
d 1.000000000e+000 9.750000000e-001 7.863841192e-006 3.745203456e-006 3.745203456e-006 7.863841192e-006 9.750000000e-001 9.000000000e+001 0.000000000e+000 1.000000000e+000 0.000000000e+000 0.000000000e+000 0.000000000e+000 6.493730545e-008 -1.000000000e+000 -1.000000000e+000 -6.493730532e-008 
d 1.000000000e+000 9.750000000e-001 7.863841192e-006 3.745203456e-006 3.745203456e-006 7.863841192e-006 9.750000000e-001 9.000000000e+001 0.000000000e+000 1.000000000e+000 0.000000000e+000 0.000000000e+000 0.000000000e+000 6.482316965e-008 -9.000000000e-001 -9.000000000e-001 -6.482316947e-008 
d 1.000000000e+000 9.750000000e-001 7.863841192e-006 3.745203456e-006 3.745203456e-006 7.863841192e-006 9.750000000e-001 9.000000000e+001 0.000000000e+000 1.000000000e+000 0.000000000e+000 0.000000000e+000 0.000000000e+000 6.469586202e-008 -8.000000000e-001 -8.000000000e-001 -6.469586178e-008 
d 1.000000000e+000 9.750000000e-001 7.863841192e-006 3.745203456e-006 3.745203456e-006 7.863841192e-006 9.750000000e-001 9.000000000e+001 0.000000000e+000 1.000000000e+000 0.000000000e+000 0.000000000e+000 0.000000000e+000 6.455292389e-008 -7.000000000e-001 -7.000000000e-001 -6.455292355e-008 
d 1.000000000e+000 9.750000000e-001 7.863841192e-006 3.745203456e-006 3.745203456e-006 7.863841192e-006 9.750000000e-001 9.000000000e+001 0.000000000e+000 1.000000000e+000 0.000000000e+000 0.000000000e+000 0.000000000e+000 6.439124379e-008 -6.000000000e-001 -6.000000000e-001 -6.439124379e-008 
d 1.000000000e+000 9.750000000e-001 7.863841192e-006 3.745203456e-006 3.745203456e-006 7.863841192e-006 9.750000000e-001 9.000000000e+001 0.000000000e+000 1.000000000e+000 0.000000000e+000 0.000000000e+000 0.000000000e+000 6.420682757e-008 -5.000000000e-001 -5.000000000e-001 -6.420682757e-008 
d 1.000000000e+000 9.750000000e-001 7.863841192e-006 3.745203456e-006 3.745203456e-006 7.863841192e-006 9.750000000e-001 9.000000000e+001 0.000000000e+000 1.000000000e+000 0.000000000e+000 0.000000000e+000 0.000000000e+000 6.399445825e-008 -4.000000000e-001 -4.000000000e-001 -6.399445825e-008 
d 1.000000000e+000 9.750000000e-001 7.863841192e-006 3.745203456e-006 3.745203456e-006 7.863841192e-006 9.750000000e-001 9.000000000e+001 0.000000000e+000 1.000000000e+000 0.000000000e+000 0.000000000e+000 0.000000000e+000 6.374719195e-008 -3.000000000e-001 -3.000000000e-001 -6.374719195e-008 
d 1.000000000e+000 9.750000000e-001 7.863841192e-006 3.745203456e-006 3.745203456e-006 7.863841192e-006 9.750000000e-001 9.000000000e+001 0.000000000e+000 1.000000000e+000 0.000000000e+000 0.000000000e+000 0.000000000e+000 6.345557854e-008 -2.000000000e-001 -2.000000000e-001 -6.345557854e-008 
d 1.000000000e+000 9.750000000e-001 7.863841192e-006 3.745203456e-006 3.745203456e-006 7.863841192e-006 9.750000000e-001 9.000000000e+001 0.000000000e+000 1.000000000e+000 0.000000000e+000 0.000000000e+000 0.000000000e+000 6.310641909e-008 -1.000000000e-001 -1.000000000e-001 -6.310641909e-008 
d 1.000000000e+000 9.750000000e-001 7.863841192e-006 3.745203456e-006 3.745203456e-006 7.863841192e-006 9.750000000e-001 9.000000000e+001 0.000000000e+000 1.000000000e+000 0.000000000e+000 0.000000000e+000 0.000000000e+000 6.268068227e-008 -8.495655502e-016 -8.495655502e-016 -6.268068227e-008 
d 1.000000000e+000 9.750000000e-001 7.863841192e-006 3.745203456e-006 3.745203456e-006 7.863841192e-006 9.750000000e-001 9.000000000e+001 0.000000000e+000 1.000000000e+000 0.000000000e+000 0.000000000e+000 0.000000000e+000 6.214887252e-008 1.000000000e-001 1.000000000e-001 -6.214887252e-008 
d 1.000000000e+000 9.750000000e-001 7.863841192e-006 3.745203456e-006 3.745203456e-006 7.863841192e-006 9.750000000e-001 9.000000000e+001 0.000000000e+000 1.000000000e+000 0.000000000e+000 0.000000000e+000 0.000000000e+000 6.141525327e-008 2.000000000e-001 2.000000000e-001 -6.141525327e-008 
d 1.000000000e+000 9.750000000e-001 7.863841192e-006 3.745203456e-006 3.745203456e-006 7.863841192e-006 9.750000000e-001 9.000000000e+001 0.000000000e+000 1.000000000e+000 0.000000000e+000 0.000000000e+000 0.000000000e+000 5.802788526e-008 3.000000000e-001 3.000000000e-001 -5.802788526e-008 
d 1.000000000e+000 9.750000000e-001 7.863841192e-006 3.745203456e-006 3.745203456e-006 7.863841192e-006 9.750000000e-001 9.000000000e+001 0.000000000e+000 1.000000000e+000 0.000000000e+000 0.000000000e+000 0.000000000e+000 -2.316078692e-008 4.000000000e-001 4.000000000e-001 2.316078683e-008 
d 1.000000000e+000 9.750000000e-001 7.863841192e-006 3.745203456e-006 3.745203456e-006 7.863841192e-006 9.750000000e-001 9.000000000e+001 0.000000000e+000 1.000000000e+000 0.000000000e+000 0.000000000e+000 0.000000000e+000 -4.684024533e-007 5.000000000e-001 5.000000000e-001 4.684024530e-007 
d 1.000000000e+000 9.750000000e-001 7.863841192e-006 3.745203456e-006 3.745203456e-006 7.863841192e-006 9.750000000e-001 9.000000000e+001 0.000000000e+000 1.000000000e+000 0.000000000e+000 0.000000000e+000 0.000000000e+000 -1.149134193e-006 6.000000000e-001 6.000000000e-001 1.149134193e-006 
d 1.000000000e+000 9.750000000e-001 7.863841192e-006 3.745203456e-006 3.745203456e-006 7.863841192e-006 9.750000000e-001 9.000000000e+001 0.000000000e+000 1.000000000e+000 0.000000000e+000 0.000000000e+000 0.000000000e+000 -1.912816344e-006 7.000000000e-001 7.000000000e-001 1.912816344e-006 
d 1.000000000e+000 9.750000000e-001 7.863841192e-006 3.745203456e-006 3.745203456e-006 7.863841192e-006 9.750000000e-001 9.000000000e+001 0.000000000e+000 1.000000000e+000 0.000000000e+000 0.000000000e+000 0.000000000e+000 -2.716674811e-006 8.000000000e-001 8.000000000e-001 2.716674802e-006 
d 1.000000000e+000 9.750000000e-001 7.863841192e-006 3.745203456e-006 3.745203456e-006 7.863841192e-006 9.750000000e-001 9.000000000e+001 0.000000000e+000 1.000000000e+000 0.000000000e+000 0.000000000e+000 0.000000000e+000 -3.545587563e-006 9.000000000e-001 9.000000000e-001 3.545587563e-006 
d 1.000000000e+000 9.750000000e-001 7.863841192e-006 3.745203456e-006 3.745203456e-006 7.863841192e-006 9.750000000e-001 9.000000000e+001 0.000000000e+000 1.000000000e+000 0.000000000e+000 0.000000000e+000 0.000000000e+000 -4.392723084e-006 1.000000000e+000 1.000000000e+000 4.392723084e-006 
d 1.000000000e+000 9.750000000e-001 7.863841192e-006 3.745203456e-006 3.745203456e-006 7.863841192e-006 9.750000000e-001 9.000000000e+001 0.000000000e+000 1.000000000e+000 0.000000000e+000 0.000000000e+000 0.000000000e+000 -5.254497265e-006 1.100000000e+000 1.100000000e+000 5.254497265e-006 
d 1.000000000e+000 9.750000000e-001 7.863841192e-006 3.745203456e-006 3.745203456e-006 7.863841192e-006 9.750000000e-001 9.000000000e+001 0.000000000e+000 1.000000000e+000 0.000000000e+000 0.000000000e+000 0.000000000e+000 -6.128852498e-006 1.200000000e+000 1.200000000e+000 6.128852498e-006 
d 1.000000000e+000 9.750000000e-001 7.863841192e-006 3.745203456e-006 3.745203456e-006 7.863841192e-006 9.750000000e-001 9.000000000e+001 0.000000000e+000 1.000000000e+000 0.000000000e+000 0.000000000e+000 0.000000000e+000 -7.014543946e-006 1.300000000e+000 1.300000000e+000 7.014543946e-006 
d 1.000000000e+000 9.750000000e-001 7.863841192e-006 3.745203456e-006 3.745203456e-006 7.863841192e-006 9.750000000e-001 9.000000000e+001 0.000000000e+000 1.000000000e+000 0.000000000e+000 0.000000000e+000 0.000000000e+000 -7.910800589e-006 1.400000000e+000 1.400000000e+000 7.910800589e-006 
d 1.000000000e+000 9.750000000e-001 7.863841192e-006 3.745203456e-006 3.745203456e-006 7.863841192e-006 9.750000000e-001 9.000000000e+001 0.000000000e+000 1.000000000e+000 0.000000000e+000 0.000000000e+000 0.000000000e+000 -8.817148061e-006 1.500000000e+000 1.500000000e+000 8.817147973e-006 
d 1.000000000e+000 9.750000000e-001 7.863841192e-006 3.745203456e-006 3.745203456e-006 7.863841192e-006 9.750000000e-001 9.000000000e+001 0.000000000e+000 1.000000000e+000 0.000000000e+000 0.000000000e+000 0.000000000e+000 -9.733308498e-006 1.600000000e+000 1.600000000e+000 9.733308456e-006 
d 1.000000000e+000 9.750000000e-001 7.863841192e-006 3.745203456e-006 3.745203456e-006 7.863841192e-006 9.750000000e-001 9.000000000e+001 0.000000000e+000 1.000000000e+000 0.000000000e+000 0.000000000e+000 0.000000000e+000 -1.065914150e-005 1.700000000e+000 1.700000000e+000 1.065914148e-005 
d 1.000000000e+000 9.750000000e-001 7.863841192e-006 3.745203456e-006 3.745203456e-006 7.863841192e-006 9.750000000e-001 9.000000000e+001 0.000000000e+000 1.000000000e+000 0.000000000e+000 0.000000000e+000 0.000000000e+000 -1.159460573e-005 1.800000000e+000 1.800000000e+000 1.159460572e-005 
d 1.000000000e+000 9.750000000e-001 7.863841192e-006 3.745203456e-006 3.745203456e-006 7.863841192e-006 9.750000000e-001 9.000000000e+001 0.000000000e+000 1.000000000e+000 0.000000000e+000 0.000000000e+000 0.000000000e+000 -1.253973387e-005 1.900000000e+000 1.900000000e+000 1.253973386e-005 
d 1.000000000e+000 9.750000000e-001 7.863841192e-006 3.745203456e-006 3.745203456e-006 7.863841192e-006 9.750000000e-001 9.000000000e+001 0.000000000e+000 1.000000000e+000 0.000000000e+000 0.000000000e+000 0.000000000e+000 -1.349461481e-005 2.000000000e+000 2.000000000e+000 1.349461481e-005 
d 1.000000000e+000 9.750000000e-001 7.863841192e-006 3.745203456e-006 3.745203456e-006 7.863841192e-006 9.750000000e-001 9.000000000e+001 0.000000000e+000 1.000000000e+000 0.000000000e+000 0.000000000e+000 0.000000000e+000 -1.445938077e-005 2.100000000e+000 2.100000000e+000 1.445938077e-005 
d 1.000000000e+000 9.750000000e-001 7.863841192e-006 3.745203456e-006 3.745203456e-006 7.863841192e-006 9.750000000e-001 9.000000000e+001 0.000000000e+000 1.000000000e+000 0.000000000e+000 0.000000000e+000 0.000000000e+000 -1.543419742e-005 2.200000000e+000 2.200000000e+000 1.543419742e-005 
d 1.000000000e+000 9.750000000e-001 7.863841192e-006 3.745203456e-006 3.745203456e-006 7.863841192e-006 9.750000000e-001 9.000000000e+001 0.000000000e+000 1.000000000e+000 0.000000000e+000 0.000000000e+000 0.000000000e+000 -1.641925626e-005 2.300000000e+000 2.300000000e+000 1.641925626e-005 
d 1.000000000e+000 9.750000000e-001 7.863841192e-006 3.745203456e-006 3.745203456e-006 7.863841192e-006 9.750000000e-001 9.000000000e+001 0.000000000e+000 1.000000000e+000 0.000000000e+000 0.000000000e+000 0.000000000e+000 -1.741476863e-005 2.400000000e+000 2.400000000e+000 1.741476863e-005 
d 1.000000000e+000 9.750000000e-001 7.863841192e-006 3.745203456e-006 3.745203456e-006 7.863841192e-006 9.750000000e-001 9.000000000e+001 0.000000000e+000 1.000000000e+000 0.000000000e+000 0.000000000e+000 0.000000000e+000 -1.842096084e-005 2.500000000e+000 2.500000000e+000 1.842096084e-005 
d 1.000000000e+000 9.750000000e-001 7.863841192e-006 3.745203456e-006 3.745203456e-006 7.863841192e-006 9.750000000e-001 9.000000000e+001 0.000000000e+000 1.000000000e+000 0.000000000e+000 0.000000000e+000 0.000000000e+000 -1.943807032e-005 2.600000000e+000 2.600000000e+000 1.943807032e-005 
d 1.000000000e+000 9.750000000e-001 7.863841192e-006 3.745203456e-006 3.745203456e-006 7.863841192e-006 9.750000000e-001 9.000000000e+001 0.000000000e+000 1.000000000e+000 0.000000000e+000 0.000000000e+000 0.000000000e+000 -2.046634252e-005 2.700000000e+000 2.700000000e+000 2.046634252e-005 
d 1.000000000e+000 9.750000000e-001 7.863841192e-006 3.745203456e-006 3.745203456e-006 7.863841192e-006 9.750000000e-001 9.000000000e+001 0.000000000e+000 1.000000000e+000 0.000000000e+000 0.000000000e+000 0.000000000e+000 -2.150602836e-005 2.800000000e+000 2.800000000e+000 2.150602836e-005 
d 1.000000000e+000 9.750000000e-001 7.863841192e-006 3.745203456e-006 3.745203456e-006 7.863841192e-006 9.750000000e-001 9.000000000e+001 0.000000000e+000 1.000000000e+000 0.000000000e+000 0.000000000e+000 0.000000000e+000 -2.255738221e-005 2.900000000e+000 2.900000000e+000 2.255738221e-005 
d 1.000000000e+000 9.750000000e-001 7.863841192e-006 3.745203456e-006 3.745203456e-006 7.863841192e-006 9.750000000e-001 9.000000000e+001 0.000000000e+000 1.000000000e+000 0.000000000e+000 0.000000000e+000 0.000000000e+000 -2.362066032e-005 3.000000000e+000 3.000000000e+000 2.362066032e-005 
d 0.000000000e+000 0.000000000e+000 0.000000000e+000 0.000000000e+000 0.000000000e+000 0.000000000e+000 9.750000000e-001 9.000000000e+001 0.000000000e+000 1.000000000e+000 0.000000000e+000 0.000000000e+000 0.000000000e+000 -8.443859964e-013 1.000000000e-001 1.000000000e-001 8.624822817e-013 
