v ATLAS
# This file was created by ATLAS version 5.28.1.R on Tue Apr 04 19:25:16 2023.
#SSF 2.0 generic
##############################################################################
#                    Copyright (c) 1984 - 2019                               #
#                    Silvaco Inc. All rights reserved                        #
#                                                                            #
# This file format and the following Key are copyright Silvaco Inc.          #
# You may not use, this format or key without reproducing this message in    #
# full and obtaining express written permission from Silvaco Inc.            #
#                                                                            #
# To obtain such permission please contact: Silvaco Inc.                     #
#                                           support@silvaco.com              #
#                                                                            #
# KEY=SVC86hn7562asdx                       PROD=345                         #
##############################################################################
y 3 700 711 15
z 1000 1e+041 300
f 2 "gate" "source" 
p 17 91 4000 4010 4020 85 86 87 308 354 355 356 2 601 20 3 602 21 
d 1.000000000e+000 9.750000000e-001 7.863841192e-006 3.531939630e-006 3.531939630e-006 7.863841192e-006 9.750000000e-001 9.000000000e+001 0.000000000e+000 1.000000000e+000 0.000000000e+000 0.000000000e+000 0.000000000e+000 1.350242890e-007 0.000000000e+000 0.000000000e+000 -1.350242890e-007 
d 1.000000000e+000 9.750000000e-001 7.863841192e-006 3.531939630e-006 3.531939630e-006 7.863841192e-006 9.750000000e-001 9.000000000e+001 0.000000000e+000 1.000000000e+000 0.000000000e+000 0.000000000e+000 0.000000000e+000 1.422901790e-007 -3.000000000e+000 -3.000000000e+000 -1.422901789e-007 
d 1.000000000e+000 9.750000000e-001 7.863841192e-006 3.531939630e-006 3.531939630e-006 7.863841192e-006 9.750000000e-001 9.000000000e+001 0.000000000e+000 1.000000000e+000 0.000000000e+000 0.000000000e+000 0.000000000e+000 1.422299735e-007 -2.900000000e+000 -2.900000000e+000 -1.422299726e-007 
d 1.000000000e+000 9.750000000e-001 7.863841192e-006 3.531939630e-006 3.531939630e-006 7.863841192e-006 9.750000000e-001 9.000000000e+001 0.000000000e+000 1.000000000e+000 0.000000000e+000 0.000000000e+000 0.000000000e+000 1.421667211e-007 -2.800000000e+000 -2.800000000e+000 -1.421667211e-007 
d 1.000000000e+000 9.750000000e-001 7.863841192e-006 3.531939630e-006 3.531939630e-006 7.863841192e-006 9.750000000e-001 9.000000000e+001 0.000000000e+000 1.000000000e+000 0.000000000e+000 0.000000000e+000 0.000000000e+000 1.421001674e-007 -2.700000000e+000 -2.700000000e+000 -1.421001674e-007 
d 1.000000000e+000 9.750000000e-001 7.863841192e-006 3.531939630e-006 3.531939630e-006 7.863841192e-006 9.750000000e-001 9.000000000e+001 0.000000000e+000 1.000000000e+000 0.000000000e+000 0.000000000e+000 0.000000000e+000 1.420300290e-007 -2.600000000e+000 -2.600000000e+000 -1.420300290e-007 
d 1.000000000e+000 9.750000000e-001 7.863841192e-006 3.531939630e-006 3.531939630e-006 7.863841192e-006 9.750000000e-001 9.000000000e+001 0.000000000e+000 1.000000000e+000 0.000000000e+000 0.000000000e+000 0.000000000e+000 1.419559890e-007 -2.500000000e+000 -2.500000000e+000 -1.419559890e-007 
d 1.000000000e+000 9.750000000e-001 7.863841192e-006 3.531939630e-006 3.531939630e-006 7.863841192e-006 9.750000000e-001 9.000000000e+001 0.000000000e+000 1.000000000e+000 0.000000000e+000 0.000000000e+000 0.000000000e+000 1.418776923e-007 -2.400000000e+000 -2.400000000e+000 -1.418776922e-007 
d 1.000000000e+000 9.750000000e-001 7.863841192e-006 3.531939630e-006 3.531939630e-006 7.863841192e-006 9.750000000e-001 9.000000000e+001 0.000000000e+000 1.000000000e+000 0.000000000e+000 0.000000000e+000 0.000000000e+000 1.417947391e-007 -2.300000000e+000 -2.300000000e+000 -1.417947391e-007 
d 1.000000000e+000 9.750000000e-001 7.863841192e-006 3.531939630e-006 3.531939630e-006 7.863841192e-006 9.750000000e-001 9.000000000e+001 0.000000000e+000 1.000000000e+000 0.000000000e+000 0.000000000e+000 0.000000000e+000 1.417066784e-007 -2.200000000e+000 -2.200000000e+000 -1.417066783e-007 
d 1.000000000e+000 9.750000000e-001 7.863841192e-006 3.531939630e-006 3.531939630e-006 7.863841192e-006 9.750000000e-001 9.000000000e+001 0.000000000e+000 1.000000000e+000 0.000000000e+000 0.000000000e+000 0.000000000e+000 1.416129985e-007 -2.100000000e+000 -2.100000000e+000 -1.416129985e-007 
d 1.000000000e+000 9.750000000e-001 7.863841192e-006 3.531939630e-006 3.531939630e-006 7.863841192e-006 9.750000000e-001 9.000000000e+001 0.000000000e+000 1.000000000e+000 0.000000000e+000 0.000000000e+000 0.000000000e+000 1.415131176e-007 -2.000000000e+000 -2.000000000e+000 -1.415131175e-007 
d 1.000000000e+000 9.750000000e-001 7.863841192e-006 3.531939630e-006 3.531939630e-006 7.863841192e-006 9.750000000e-001 9.000000000e+001 0.000000000e+000 1.000000000e+000 0.000000000e+000 0.000000000e+000 0.000000000e+000 1.414063703e-007 -1.900000000e+000 -1.900000000e+000 -1.414063702e-007 
d 1.000000000e+000 9.750000000e-001 7.863841192e-006 3.531939630e-006 3.531939630e-006 7.863841192e-006 9.750000000e-001 9.000000000e+001 0.000000000e+000 1.000000000e+000 0.000000000e+000 0.000000000e+000 0.000000000e+000 1.412919929e-007 -1.800000000e+000 -1.800000000e+000 -1.412919928e-007 
d 1.000000000e+000 9.750000000e-001 7.863841192e-006 3.531939630e-006 3.531939630e-006 7.863841192e-006 9.750000000e-001 9.000000000e+001 0.000000000e+000 1.000000000e+000 0.000000000e+000 0.000000000e+000 0.000000000e+000 1.411691040e-007 -1.700000000e+000 -1.700000000e+000 -1.411691039e-007 
d 1.000000000e+000 9.750000000e-001 7.863841192e-006 3.531939630e-006 3.531939630e-006 7.863841192e-006 9.750000000e-001 9.000000000e+001 0.000000000e+000 1.000000000e+000 0.000000000e+000 0.000000000e+000 0.000000000e+000 1.410366810e-007 -1.600000000e+000 -1.600000000e+000 -1.410366809e-007 
d 1.000000000e+000 9.750000000e-001 7.863841192e-006 3.531939630e-006 3.531939630e-006 7.863841192e-006 9.750000000e-001 9.000000000e+001 0.000000000e+000 1.000000000e+000 0.000000000e+000 0.000000000e+000 0.000000000e+000 1.408935311e-007 -1.500000000e+000 -1.500000000e+000 -1.408935309e-007 
d 1.000000000e+000 9.750000000e-001 7.863841192e-006 3.531939630e-006 3.531939630e-006 7.863841192e-006 9.750000000e-001 9.000000000e+001 0.000000000e+000 1.000000000e+000 0.000000000e+000 0.000000000e+000 0.000000000e+000 1.407382534e-007 -1.400000000e+000 -1.400000000e+000 -1.407382533e-007 
d 1.000000000e+000 9.750000000e-001 7.863841192e-006 3.531939630e-006 3.531939630e-006 7.863841192e-006 9.750000000e-001 9.000000000e+001 0.000000000e+000 1.000000000e+000 0.000000000e+000 0.000000000e+000 0.000000000e+000 1.405691928e-007 -1.300000000e+000 -1.300000000e+000 -1.405691925e-007 
d 1.000000000e+000 9.750000000e-001 7.863841192e-006 3.531939630e-006 3.531939630e-006 7.863841192e-006 9.750000000e-001 9.000000000e+001 0.000000000e+000 1.000000000e+000 0.000000000e+000 0.000000000e+000 0.000000000e+000 1.403843782e-007 -1.200000000e+000 -1.200000000e+000 -1.403843779e-007 
d 1.000000000e+000 9.750000000e-001 7.863841192e-006 3.531939630e-006 3.531939630e-006 7.863841192e-006 9.750000000e-001 9.000000000e+001 0.000000000e+000 1.000000000e+000 0.000000000e+000 0.000000000e+000 0.000000000e+000 1.401814440e-007 -1.100000000e+000 -1.100000000e+000 -1.401814440e-007 
d 1.000000000e+000 9.750000000e-001 7.863841192e-006 3.531939630e-006 3.531939630e-006 7.863841192e-006 9.750000000e-001 9.000000000e+001 0.000000000e+000 1.000000000e+000 0.000000000e+000 0.000000000e+000 0.000000000e+000 1.399575275e-007 -1.000000000e+000 -1.000000000e+000 -1.399575275e-007 
d 1.000000000e+000 9.750000000e-001 7.863841192e-006 3.531939630e-006 3.531939630e-006 7.863841192e-006 9.750000000e-001 9.000000000e+001 0.000000000e+000 1.000000000e+000 0.000000000e+000 0.000000000e+000 0.000000000e+000 1.397091284e-007 -9.000000000e-001 -9.000000000e-001 -1.397091284e-007 
d 1.000000000e+000 9.750000000e-001 7.863841192e-006 3.531939630e-006 3.531939630e-006 7.863841192e-006 9.750000000e-001 9.000000000e+001 0.000000000e+000 1.000000000e+000 0.000000000e+000 0.000000000e+000 0.000000000e+000 1.394319229e-007 -8.000000000e-001 -8.000000000e-001 -1.394319229e-007 
d 1.000000000e+000 9.750000000e-001 7.863841192e-006 3.531939630e-006 3.531939630e-006 7.863841192e-006 9.750000000e-001 9.000000000e+001 0.000000000e+000 1.000000000e+000 0.000000000e+000 0.000000000e+000 0.000000000e+000 1.391205058e-007 -7.000000000e-001 -7.000000000e-001 -1.391205058e-007 
d 1.000000000e+000 9.750000000e-001 7.863841192e-006 3.531939630e-006 3.531939630e-006 7.863841192e-006 9.750000000e-001 9.000000000e+001 0.000000000e+000 1.000000000e+000 0.000000000e+000 0.000000000e+000 0.000000000e+000 1.387680305e-007 -6.000000000e-001 -6.000000000e-001 -1.387680305e-007 
d 1.000000000e+000 9.750000000e-001 7.863841192e-006 3.531939630e-006 3.531939630e-006 7.863841192e-006 9.750000000e-001 9.000000000e+001 0.000000000e+000 1.000000000e+000 0.000000000e+000 0.000000000e+000 0.000000000e+000 1.383656943e-007 -5.000000000e-001 -5.000000000e-001 -1.383656943e-007 
d 1.000000000e+000 9.750000000e-001 7.863841192e-006 3.531939630e-006 3.531939630e-006 7.863841192e-006 9.750000000e-001 9.000000000e+001 0.000000000e+000 1.000000000e+000 0.000000000e+000 0.000000000e+000 0.000000000e+000 1.379019861e-007 -4.000000000e-001 -4.000000000e-001 -1.379019861e-007 
d 1.000000000e+000 9.750000000e-001 7.863841192e-006 3.531939630e-006 3.531939630e-006 7.863841192e-006 9.750000000e-001 9.000000000e+001 0.000000000e+000 1.000000000e+000 0.000000000e+000 0.000000000e+000 0.000000000e+000 1.373615597e-007 -3.000000000e-001 -3.000000000e-001 -1.373615597e-007 
d 1.000000000e+000 9.750000000e-001 7.863841192e-006 3.531939630e-006 3.531939630e-006 7.863841192e-006 9.750000000e-001 9.000000000e+001 0.000000000e+000 1.000000000e+000 0.000000000e+000 0.000000000e+000 0.000000000e+000 1.367234925e-007 -2.000000000e-001 -2.000000000e-001 -1.367234925e-007 
d 1.000000000e+000 9.750000000e-001 7.863841192e-006 3.531939630e-006 3.531939630e-006 7.863841192e-006 9.750000000e-001 9.000000000e+001 0.000000000e+000 1.000000000e+000 0.000000000e+000 0.000000000e+000 0.000000000e+000 1.359585025e-007 -1.000000000e-001 -1.000000000e-001 -1.359585025e-007 
d 1.000000000e+000 9.750000000e-001 7.863841192e-006 3.531939630e-006 3.531939630e-006 7.863841192e-006 9.750000000e-001 9.000000000e+001 0.000000000e+000 1.000000000e+000 0.000000000e+000 0.000000000e+000 0.000000000e+000 1.350242890e-007 -8.495655502e-016 -8.495655502e-016 -1.350242890e-007 
d 1.000000000e+000 9.750000000e-001 7.863841192e-006 3.531939630e-006 3.531939630e-006 7.863841192e-006 9.750000000e-001 9.000000000e+001 0.000000000e+000 1.000000000e+000 0.000000000e+000 0.000000000e+000 0.000000000e+000 1.338561134e-007 1.000000000e-001 1.000000000e-001 -1.338561134e-007 
d 1.000000000e+000 9.750000000e-001 7.863841192e-006 3.531939630e-006 3.531939630e-006 7.863841192e-006 9.750000000e-001 9.000000000e+001 0.000000000e+000 1.000000000e+000 0.000000000e+000 0.000000000e+000 0.000000000e+000 1.322892602e-007 2.000000000e-001 2.000000000e-001 -1.322892602e-007 
d 1.000000000e+000 9.750000000e-001 7.863841192e-006 3.531939630e-006 3.531939630e-006 7.863841192e-006 9.750000000e-001 9.000000000e+001 0.000000000e+000 1.000000000e+000 0.000000000e+000 0.000000000e+000 0.000000000e+000 1.271466880e-007 3.000000000e-001 3.000000000e-001 -1.271466880e-007 
d 1.000000000e+000 9.750000000e-001 7.863841192e-006 3.531939630e-006 3.531939630e-006 7.863841192e-006 9.750000000e-001 9.000000000e+001 0.000000000e+000 1.000000000e+000 0.000000000e+000 0.000000000e+000 0.000000000e+000 2.451335873e-008 4.000000000e-001 4.000000000e-001 -2.451335892e-008 
d 1.000000000e+000 9.750000000e-001 7.863841192e-006 3.531939630e-006 3.531939630e-006 7.863841192e-006 9.750000000e-001 9.000000000e+001 0.000000000e+000 1.000000000e+000 0.000000000e+000 0.000000000e+000 0.000000000e+000 -5.355287106e-007 5.000000000e-001 5.000000000e-001 5.355287101e-007 
d 1.000000000e+000 9.750000000e-001 7.863841192e-006 3.531939630e-006 3.531939630e-006 7.863841192e-006 9.750000000e-001 9.000000000e+001 0.000000000e+000 1.000000000e+000 0.000000000e+000 0.000000000e+000 0.000000000e+000 -1.405548039e-006 6.000000000e-001 6.000000000e-001 1.405548039e-006 
d 1.000000000e+000 9.750000000e-001 7.863841192e-006 3.531939630e-006 3.531939630e-006 7.863841192e-006 9.750000000e-001 9.000000000e+001 0.000000000e+000 1.000000000e+000 0.000000000e+000 0.000000000e+000 0.000000000e+000 -2.391002302e-006 7.000000000e-001 7.000000000e-001 2.391002302e-006 
d 1.000000000e+000 9.750000000e-001 7.863841192e-006 3.531939630e-006 3.531939630e-006 7.863841192e-006 9.750000000e-001 9.000000000e+001 0.000000000e+000 1.000000000e+000 0.000000000e+000 0.000000000e+000 0.000000000e+000 -3.436026587e-006 8.000000000e-001 8.000000000e-001 3.436026575e-006 
d 1.000000000e+000 9.750000000e-001 7.863841192e-006 3.531939630e-006 3.531939630e-006 7.863841192e-006 9.750000000e-001 9.000000000e+001 0.000000000e+000 1.000000000e+000 0.000000000e+000 0.000000000e+000 0.000000000e+000 -4.521309326e-006 9.000000000e-001 9.000000000e-001 4.521309325e-006 
d 1.000000000e+000 9.750000000e-001 7.863841192e-006 3.531939630e-006 3.531939630e-006 7.863841192e-006 9.750000000e-001 9.000000000e+001 0.000000000e+000 1.000000000e+000 0.000000000e+000 0.000000000e+000 0.000000000e+000 -5.638610747e-006 1.000000000e+000 1.000000000e+000 5.638610747e-006 
d 1.000000000e+000 9.750000000e-001 7.863841192e-006 3.531939630e-006 3.531939630e-006 7.863841192e-006 9.750000000e-001 9.000000000e+001 0.000000000e+000 1.000000000e+000 0.000000000e+000 0.000000000e+000 0.000000000e+000 -6.784098189e-006 1.100000000e+000 1.100000000e+000 6.784098189e-006 
d 1.000000000e+000 9.750000000e-001 7.863841192e-006 3.531939630e-006 3.531939630e-006 7.863841192e-006 9.750000000e-001 9.000000000e+001 0.000000000e+000 1.000000000e+000 0.000000000e+000 0.000000000e+000 0.000000000e+000 -7.956055696e-006 1.200000000e+000 1.200000000e+000 7.956055696e-006 
d 1.000000000e+000 9.750000000e-001 7.863841192e-006 3.531939630e-006 3.531939630e-006 7.863841192e-006 9.750000000e-001 9.000000000e+001 0.000000000e+000 1.000000000e+000 0.000000000e+000 0.000000000e+000 0.000000000e+000 -9.153918927e-006 1.300000000e+000 1.300000000e+000 9.153918927e-006 
d 1.000000000e+000 9.750000000e-001 7.863841192e-006 3.531939630e-006 3.531939630e-006 7.863841192e-006 9.750000000e-001 9.000000000e+001 0.000000000e+000 1.000000000e+000 0.000000000e+000 0.000000000e+000 0.000000000e+000 -1.037780284e-005 1.400000000e+000 1.400000000e+000 1.037780284e-005 
d 1.000000000e+000 9.750000000e-001 7.863841192e-006 3.531939630e-006 3.531939630e-006 7.863841192e-006 9.750000000e-001 9.000000000e+001 0.000000000e+000 1.000000000e+000 0.000000000e+000 0.000000000e+000 0.000000000e+000 -1.162824203e-005 1.500000000e+000 1.500000000e+000 1.162824194e-005 
d 1.000000000e+000 9.750000000e-001 7.863841192e-006 3.531939630e-006 3.531939630e-006 7.863841192e-006 9.750000000e-001 9.000000000e+001 0.000000000e+000 1.000000000e+000 0.000000000e+000 0.000000000e+000 0.000000000e+000 -1.290603435e-005 1.600000000e+000 1.600000000e+000 1.290603431e-005 
d 1.000000000e+000 9.750000000e-001 7.863841192e-006 3.531939630e-006 3.531939630e-006 7.863841192e-006 9.750000000e-001 9.000000000e+001 0.000000000e+000 1.000000000e+000 0.000000000e+000 0.000000000e+000 0.000000000e+000 -1.421214239e-005 1.700000000e+000 1.700000000e+000 1.421214237e-005 
d 1.000000000e+000 9.750000000e-001 7.863841192e-006 3.531939630e-006 3.531939630e-006 7.863841192e-006 9.750000000e-001 9.000000000e+001 0.000000000e+000 1.000000000e+000 0.000000000e+000 0.000000000e+000 0.000000000e+000 -1.554762779e-005 1.800000000e+000 1.800000000e+000 1.554762778e-005 
d 1.000000000e+000 9.750000000e-001 7.863841192e-006 3.531939630e-006 3.531939630e-006 7.863841192e-006 9.750000000e-001 9.000000000e+001 0.000000000e+000 1.000000000e+000 0.000000000e+000 0.000000000e+000 0.000000000e+000 -1.691360826e-005 1.900000000e+000 1.900000000e+000 1.691360826e-005 
d 1.000000000e+000 9.750000000e-001 7.863841192e-006 3.531939630e-006 3.531939630e-006 7.863841192e-006 9.750000000e-001 9.000000000e+001 0.000000000e+000 1.000000000e+000 0.000000000e+000 0.000000000e+000 0.000000000e+000 -1.831122889e-005 2.000000000e+000 2.000000000e+000 1.831122889e-005 
d 1.000000000e+000 9.750000000e-001 7.863841192e-006 3.531939630e-006 3.531939630e-006 7.863841192e-006 9.750000000e-001 9.000000000e+001 0.000000000e+000 1.000000000e+000 0.000000000e+000 0.000000000e+000 0.000000000e+000 -1.974164330e-005 2.100000000e+000 2.100000000e+000 1.974164330e-005 
d 1.000000000e+000 9.750000000e-001 7.863841192e-006 3.531939630e-006 3.531939630e-006 7.863841192e-006 9.750000000e-001 9.000000000e+001 0.000000000e+000 1.000000000e+000 0.000000000e+000 0.000000000e+000 0.000000000e+000 -2.120600139e-005 2.200000000e+000 2.200000000e+000 2.120600139e-005 
d 1.000000000e+000 9.750000000e-001 7.863841192e-006 3.531939630e-006 3.531939630e-006 7.863841192e-006 9.750000000e-001 9.000000000e+001 0.000000000e+000 1.000000000e+000 0.000000000e+000 0.000000000e+000 0.000000000e+000 -2.270544146e-005 2.300000000e+000 2.300000000e+000 2.270544146e-005 
d 1.000000000e+000 9.750000000e-001 7.863841192e-006 3.531939630e-006 3.531939630e-006 7.863841192e-006 9.750000000e-001 9.000000000e+001 0.000000000e+000 1.000000000e+000 0.000000000e+000 0.000000000e+000 0.000000000e+000 -2.424108532e-005 2.400000000e+000 2.400000000e+000 2.424108532e-005 
d 1.000000000e+000 9.750000000e-001 7.863841192e-006 3.531939630e-006 3.531939630e-006 7.863841192e-006 9.750000000e-001 9.000000000e+001 0.000000000e+000 1.000000000e+000 0.000000000e+000 0.000000000e+000 0.000000000e+000 -2.581403531e-005 2.500000000e+000 2.500000000e+000 2.581403531e-005 
d 1.000000000e+000 9.750000000e-001 7.863841192e-006 3.531939630e-006 3.531939630e-006 7.863841192e-006 9.750000000e-001 9.000000000e+001 0.000000000e+000 1.000000000e+000 0.000000000e+000 0.000000000e+000 0.000000000e+000 -2.742537255e-005 2.600000000e+000 2.600000000e+000 2.742537255e-005 
d 1.000000000e+000 9.750000000e-001 7.863841192e-006 3.531939630e-006 3.531939630e-006 7.863841192e-006 9.750000000e-001 9.000000000e+001 0.000000000e+000 1.000000000e+000 0.000000000e+000 0.000000000e+000 0.000000000e+000 -2.907615605e-005 2.700000000e+000 2.700000000e+000 2.907615605e-005 
d 1.000000000e+000 9.750000000e-001 7.863841192e-006 3.531939630e-006 3.531939630e-006 7.863841192e-006 9.750000000e-001 9.000000000e+001 0.000000000e+000 1.000000000e+000 0.000000000e+000 0.000000000e+000 0.000000000e+000 -3.076742226e-005 2.800000000e+000 2.800000000e+000 3.076742226e-005 
d 1.000000000e+000 9.750000000e-001 7.863841192e-006 3.531939630e-006 3.531939630e-006 7.863841192e-006 9.750000000e-001 9.000000000e+001 0.000000000e+000 1.000000000e+000 0.000000000e+000 0.000000000e+000 0.000000000e+000 -3.250018499e-005 2.900000000e+000 2.900000000e+000 3.250018499e-005 
d 1.000000000e+000 9.750000000e-001 7.863841192e-006 3.531939630e-006 3.531939630e-006 7.863841192e-006 9.750000000e-001 9.000000000e+001 0.000000000e+000 1.000000000e+000 0.000000000e+000 0.000000000e+000 0.000000000e+000 -3.427543551e-005 3.000000000e+000 3.000000000e+000 3.427543551e-005 
d 0.000000000e+000 0.000000000e+000 0.000000000e+000 0.000000000e+000 0.000000000e+000 0.000000000e+000 9.750000000e-001 9.000000000e+001 0.000000000e+000 1.000000000e+000 0.000000000e+000 0.000000000e+000 0.000000000e+000 -8.443852829e-013 1.000000000e-001 1.000000000e-001 8.624928827e-013 
