v ATLAS
# This file was created by ATLAS version 5.28.1.R on Wed Apr 05 00:18:16 2023.
#SSF 2.0 generic
##############################################################################
#                    Copyright (c) 1984 - 2019                               #
#                    Silvaco Inc. All rights reserved                        #
#                                                                            #
# This file format and the following Key are copyright Silvaco Inc.          #
# You may not use, this format or key without reproducing this message in    #
# full and obtaining express written permission from Silvaco Inc.            #
#                                                                            #
# To obtain such permission please contact: Silvaco Inc.                     #
#                                           support@silvaco.com              #
#                                                                            #
# KEY=SVC86hn7562asdx                       PROD=345                         #
##############################################################################
y 3 700 711 15
z 1000 1e+041 300
f 2 "gate" "source" 
p 17 91 4000 4010 4020 85 86 87 308 354 355 356 2 601 20 3 602 21 
d 1.000000000e+000 9.750000000e-001 7.863841192e-006 3.844758222e-006 3.844758222e-006 7.863841192e-006 9.750000000e-001 9.000000000e+001 0.000000000e+000 1.000000000e+000 0.000000000e+000 0.000000000e+000 0.000000000e+000 2.921042003e-008 0.000000000e+000 0.000000000e+000 -2.921042003e-008 
d 1.000000000e+000 9.750000000e-001 7.863841192e-006 3.844758222e-006 3.844758222e-006 7.863841192e-006 9.750000000e-001 9.000000000e+001 0.000000000e+000 1.000000000e+000 0.000000000e+000 0.000000000e+000 0.000000000e+000 3.075284101e-008 -3.000000000e+000 -3.000000000e+000 -3.075284095e-008 
d 1.000000000e+000 9.750000000e-001 7.863841192e-006 3.844758222e-006 3.844758222e-006 7.863841192e-006 9.750000000e-001 9.000000000e+001 0.000000000e+000 1.000000000e+000 0.000000000e+000 0.000000000e+000 0.000000000e+000 3.073993737e-008 -2.900000000e+000 -2.900000000e+000 -3.073993650e-008 
d 1.000000000e+000 9.750000000e-001 7.863841192e-006 3.844758222e-006 3.844758222e-006 7.863841192e-006 9.750000000e-001 9.000000000e+001 0.000000000e+000 1.000000000e+000 0.000000000e+000 0.000000000e+000 0.000000000e+000 3.072638198e-008 -2.800000000e+000 -2.800000000e+000 -3.072638198e-008 
d 1.000000000e+000 9.750000000e-001 7.863841192e-006 3.844758222e-006 3.844758222e-006 7.863841192e-006 9.750000000e-001 9.000000000e+001 0.000000000e+000 1.000000000e+000 0.000000000e+000 0.000000000e+000 0.000000000e+000 3.071212065e-008 -2.700000000e+000 -2.700000000e+000 -3.071212065e-008 
d 1.000000000e+000 9.750000000e-001 7.863841192e-006 3.844758222e-006 3.844758222e-006 7.863841192e-006 9.750000000e-001 9.000000000e+001 0.000000000e+000 1.000000000e+000 0.000000000e+000 0.000000000e+000 0.000000000e+000 3.069709300e-008 -2.600000000e+000 -2.600000000e+000 -3.069709300e-008 
d 1.000000000e+000 9.750000000e-001 7.863841192e-006 3.844758222e-006 3.844758222e-006 7.863841192e-006 9.750000000e-001 9.000000000e+001 0.000000000e+000 1.000000000e+000 0.000000000e+000 0.000000000e+000 0.000000000e+000 3.068123157e-008 -2.500000000e+000 -2.500000000e+000 -3.068123157e-008 
d 1.000000000e+000 9.750000000e-001 7.863841192e-006 3.844758222e-006 3.844758222e-006 7.863841192e-006 9.750000000e-001 9.000000000e+001 0.000000000e+000 1.000000000e+000 0.000000000e+000 0.000000000e+000 0.000000000e+000 3.066446078e-008 -2.400000000e+000 -2.400000000e+000 -3.066446078e-008 
d 1.000000000e+000 9.750000000e-001 7.863841192e-006 3.844758222e-006 3.844758222e-006 7.863841192e-006 9.750000000e-001 9.000000000e+001 0.000000000e+000 1.000000000e+000 0.000000000e+000 0.000000000e+000 0.000000000e+000 3.064669560e-008 -2.300000000e+000 -2.300000000e+000 -3.064669559e-008 
d 1.000000000e+000 9.750000000e-001 7.863841192e-006 3.844758222e-006 3.844758222e-006 7.863841192e-006 9.750000000e-001 9.000000000e+001 0.000000000e+000 1.000000000e+000 0.000000000e+000 0.000000000e+000 0.000000000e+000 3.062784007e-008 -2.200000000e+000 -2.200000000e+000 -3.062784007e-008 
d 1.000000000e+000 9.750000000e-001 7.863841192e-006 3.844758222e-006 3.844758222e-006 7.863841192e-006 9.750000000e-001 9.000000000e+001 0.000000000e+000 1.000000000e+000 0.000000000e+000 0.000000000e+000 0.000000000e+000 3.060778553e-008 -2.100000000e+000 -2.100000000e+000 -3.060778553e-008 
d 1.000000000e+000 9.750000000e-001 7.863841192e-006 3.844758222e-006 3.844758222e-006 7.863841192e-006 9.750000000e-001 9.000000000e+001 0.000000000e+000 1.000000000e+000 0.000000000e+000 0.000000000e+000 0.000000000e+000 3.058640833e-008 -2.000000000e+000 -2.000000000e+000 -3.058640833e-008 
d 1.000000000e+000 9.750000000e-001 7.863841192e-006 3.844758222e-006 3.844758222e-006 7.863841192e-006 9.750000000e-001 9.000000000e+001 0.000000000e+000 1.000000000e+000 0.000000000e+000 0.000000000e+000 0.000000000e+000 3.056356728e-008 -1.900000000e+000 -1.900000000e+000 -3.056356728e-008 
d 1.000000000e+000 9.750000000e-001 7.863841192e-006 3.844758222e-006 3.844758222e-006 7.863841192e-006 9.750000000e-001 9.000000000e+001 0.000000000e+000 1.000000000e+000 0.000000000e+000 0.000000000e+000 0.000000000e+000 3.053910033e-008 -1.800000000e+000 -1.800000000e+000 -3.053910032e-008 
d 1.000000000e+000 9.750000000e-001 7.863841192e-006 3.844758222e-006 3.844758222e-006 7.863841192e-006 9.750000000e-001 9.000000000e+001 0.000000000e+000 1.000000000e+000 0.000000000e+000 0.000000000e+000 0.000000000e+000 3.051282062e-008 -1.700000000e+000 -1.700000000e+000 -3.051282061e-008 
d 1.000000000e+000 9.750000000e-001 7.863841192e-006 3.844758222e-006 3.844758222e-006 7.863841192e-006 9.750000000e-001 9.000000000e+001 0.000000000e+000 1.000000000e+000 0.000000000e+000 0.000000000e+000 0.000000000e+000 3.048451153e-008 -1.600000000e+000 -1.600000000e+000 -3.048451152e-008 
d 1.000000000e+000 9.750000000e-001 7.863841192e-006 3.844758222e-006 3.844758222e-006 7.863841192e-006 9.750000000e-001 9.000000000e+001 0.000000000e+000 1.000000000e+000 0.000000000e+000 0.000000000e+000 0.000000000e+000 3.045392050e-008 -1.500000000e+000 -1.500000000e+000 -3.045392050e-008 
d 1.000000000e+000 9.750000000e-001 7.863841192e-006 3.844758222e-006 3.844758222e-006 7.863841192e-006 9.750000000e-001 9.000000000e+001 0.000000000e+000 1.000000000e+000 0.000000000e+000 0.000000000e+000 0.000000000e+000 3.042075130e-008 -1.400000000e+000 -1.400000000e+000 -3.042075129e-008 
d 1.000000000e+000 9.750000000e-001 7.863841192e-006 3.844758222e-006 3.844758222e-006 7.863841192e-006 9.750000000e-001 9.000000000e+001 0.000000000e+000 1.000000000e+000 0.000000000e+000 0.000000000e+000 0.000000000e+000 3.038465408e-008 -1.300000000e+000 -1.300000000e+000 -3.038465407e-008 
d 1.000000000e+000 9.750000000e-001 7.863841192e-006 3.844758222e-006 3.844758222e-006 7.863841192e-006 9.750000000e-001 9.000000000e+001 0.000000000e+000 1.000000000e+000 0.000000000e+000 0.000000000e+000 0.000000000e+000 3.034521274e-008 -1.200000000e+000 -1.200000000e+000 -3.034521272e-008 
d 1.000000000e+000 9.750000000e-001 7.863841192e-006 3.844758222e-006 3.844758222e-006 7.863841192e-006 9.750000000e-001 9.000000000e+001 0.000000000e+000 1.000000000e+000 0.000000000e+000 0.000000000e+000 0.000000000e+000 3.030192843e-008 -1.100000000e+000 -1.100000000e+000 -3.030192840e-008 
d 1.000000000e+000 9.750000000e-001 7.863841192e-006 3.844758222e-006 3.844758222e-006 7.863841192e-006 9.750000000e-001 9.000000000e+001 0.000000000e+000 1.000000000e+000 0.000000000e+000 0.000000000e+000 0.000000000e+000 3.025419793e-008 -1.000000000e+000 -1.000000000e+000 -3.025419789e-008 
d 1.000000000e+000 9.750000000e-001 7.863841192e-006 3.844758222e-006 3.844758222e-006 7.863841192e-006 9.750000000e-001 9.000000000e+001 0.000000000e+000 1.000000000e+000 0.000000000e+000 0.000000000e+000 0.000000000e+000 3.020128483e-008 -9.000000000e-001 -9.000000000e-001 -3.020128478e-008 
d 1.000000000e+000 9.750000000e-001 7.863841192e-006 3.844758222e-006 3.844758222e-006 7.863841192e-006 9.750000000e-001 9.000000000e+001 0.000000000e+000 1.000000000e+000 0.000000000e+000 0.000000000e+000 0.000000000e+000 3.014228063e-008 -8.000000000e-001 -8.000000000e-001 -3.014228057e-008 
d 1.000000000e+000 9.750000000e-001 7.863841192e-006 3.844758222e-006 3.844758222e-006 7.863841192e-006 9.750000000e-001 9.000000000e+001 0.000000000e+000 1.000000000e+000 0.000000000e+000 0.000000000e+000 0.000000000e+000 3.007605139e-008 -7.000000000e-001 -7.000000000e-001 -3.007605130e-008 
d 1.000000000e+000 9.750000000e-001 7.863841192e-006 3.844758222e-006 3.844758222e-006 7.863841192e-006 9.750000000e-001 9.000000000e+001 0.000000000e+000 1.000000000e+000 0.000000000e+000 0.000000000e+000 0.000000000e+000 3.000116310e-008 -6.000000000e-001 -6.000000000e-001 -3.000116298e-008 
d 1.000000000e+000 9.750000000e-001 7.863841192e-006 3.844758222e-006 3.844758222e-006 7.863841192e-006 9.750000000e-001 9.000000000e+001 0.000000000e+000 1.000000000e+000 0.000000000e+000 0.000000000e+000 0.000000000e+000 2.991577552e-008 -5.000000000e-001 -5.000000000e-001 -2.991577534e-008 
d 1.000000000e+000 9.750000000e-001 7.863841192e-006 3.844758222e-006 3.844758222e-006 7.863841192e-006 9.750000000e-001 9.000000000e+001 0.000000000e+000 1.000000000e+000 0.000000000e+000 0.000000000e+000 0.000000000e+000 2.981748731e-008 -4.000000000e-001 -4.000000000e-001 -2.981748704e-008 
d 1.000000000e+000 9.750000000e-001 7.863841192e-006 3.844758222e-006 3.844758222e-006 7.863841192e-006 9.750000000e-001 9.000000000e+001 0.000000000e+000 1.000000000e+000 0.000000000e+000 0.000000000e+000 0.000000000e+000 2.970310465e-008 -3.000000000e-001 -3.000000000e-001 -2.970310422e-008 
d 1.000000000e+000 9.750000000e-001 7.863841192e-006 3.844758222e-006 3.844758222e-006 7.863841192e-006 9.750000000e-001 9.000000000e+001 0.000000000e+000 1.000000000e+000 0.000000000e+000 0.000000000e+000 0.000000000e+000 2.956828427e-008 -2.000000000e-001 -2.000000000e-001 -2.956828427e-008 
d 1.000000000e+000 9.750000000e-001 7.863841192e-006 3.844758222e-006 3.844758222e-006 7.863841192e-006 9.750000000e-001 9.000000000e+001 0.000000000e+000 1.000000000e+000 0.000000000e+000 0.000000000e+000 0.000000000e+000 2.940696796e-008 -1.000000000e-001 -1.000000000e-001 -2.940696796e-008 
d 1.000000000e+000 9.750000000e-001 7.863841192e-006 3.844758222e-006 3.844758222e-006 7.863841192e-006 9.750000000e-001 9.000000000e+001 0.000000000e+000 1.000000000e+000 0.000000000e+000 0.000000000e+000 0.000000000e+000 2.921042003e-008 -8.495655502e-016 -8.495655502e-016 -2.921042003e-008 
d 1.000000000e+000 9.750000000e-001 7.863841192e-006 3.844758222e-006 3.844758222e-006 7.863841192e-006 9.750000000e-001 9.000000000e+001 0.000000000e+000 1.000000000e+000 0.000000000e+000 0.000000000e+000 0.000000000e+000 2.896468085e-008 1.000000000e-001 1.000000000e-001 -2.896468085e-008 
d 1.000000000e+000 9.750000000e-001 7.863841192e-006 3.844758222e-006 3.844758222e-006 7.863841192e-006 9.750000000e-001 9.000000000e+001 0.000000000e+000 1.000000000e+000 0.000000000e+000 0.000000000e+000 0.000000000e+000 2.860441179e-008 2.000000000e-001 2.000000000e-001 -2.860441179e-008 
d 1.000000000e+000 9.750000000e-001 7.863841192e-006 3.844758222e-006 3.844758222e-006 7.863841192e-006 9.750000000e-001 9.000000000e+001 0.000000000e+000 1.000000000e+000 0.000000000e+000 0.000000000e+000 0.000000000e+000 2.600524660e-008 3.000000000e-001 3.000000000e-001 -2.600524660e-008 
d 1.000000000e+000 9.750000000e-001 7.863841192e-006 3.844758222e-006 3.844758222e-006 7.863841192e-006 9.750000000e-001 9.000000000e+001 0.000000000e+000 1.000000000e+000 0.000000000e+000 0.000000000e+000 0.000000000e+000 -4.387756144e-008 4.000000000e-001 4.000000000e-001 4.387756127e-008 
d 1.000000000e+000 9.750000000e-001 7.863841192e-006 3.844758222e-006 3.844758222e-006 7.863841192e-006 9.750000000e-001 9.000000000e+001 0.000000000e+000 1.000000000e+000 0.000000000e+000 0.000000000e+000 0.000000000e+000 -4.165013240e-007 5.000000000e-001 5.000000000e-001 4.165013236e-007 
d 1.000000000e+000 9.750000000e-001 7.863841192e-006 3.844758222e-006 3.844758222e-006 7.863841192e-006 9.750000000e-001 9.000000000e+001 0.000000000e+000 1.000000000e+000 0.000000000e+000 0.000000000e+000 0.000000000e+000 -9.776836200e-007 6.000000000e-001 6.000000000e-001 9.776836200e-007 
d 1.000000000e+000 9.750000000e-001 7.863841192e-006 3.844758222e-006 3.844758222e-006 7.863841192e-006 9.750000000e-001 9.000000000e+001 0.000000000e+000 1.000000000e+000 0.000000000e+000 0.000000000e+000 0.000000000e+000 -1.603884139e-006 7.000000000e-001 7.000000000e-001 1.603884139e-006 
d 1.000000000e+000 9.750000000e-001 7.863841192e-006 3.844758222e-006 3.844758222e-006 7.863841192e-006 9.750000000e-001 9.000000000e+001 0.000000000e+000 1.000000000e+000 0.000000000e+000 0.000000000e+000 0.000000000e+000 -2.260759711e-006 8.000000000e-001 8.000000000e-001 2.260759705e-006 
d 1.000000000e+000 9.750000000e-001 7.863841192e-006 3.844758222e-006 3.844758222e-006 7.863841192e-006 9.750000000e-001 9.000000000e+001 0.000000000e+000 1.000000000e+000 0.000000000e+000 0.000000000e+000 0.000000000e+000 -2.936099380e-006 9.000000000e-001 9.000000000e-001 2.936099380e-006 
d 1.000000000e+000 9.750000000e-001 7.863841192e-006 3.844758222e-006 3.844758222e-006 7.863841192e-006 9.750000000e-001 9.000000000e+001 0.000000000e+000 1.000000000e+000 0.000000000e+000 0.000000000e+000 0.000000000e+000 -3.624336626e-006 1.000000000e+000 1.000000000e+000 3.624336626e-006 
d 1.000000000e+000 9.750000000e-001 7.863841192e-006 3.844758222e-006 3.844758222e-006 7.863841192e-006 9.750000000e-001 9.000000000e+001 0.000000000e+000 1.000000000e+000 0.000000000e+000 0.000000000e+000 0.000000000e+000 -4.322502017e-006 1.100000000e+000 1.100000000e+000 4.322502017e-006 
d 1.000000000e+000 9.750000000e-001 7.863841192e-006 3.844758222e-006 3.844758222e-006 7.863841192e-006 9.750000000e-001 9.000000000e+001 0.000000000e+000 1.000000000e+000 0.000000000e+000 0.000000000e+000 0.000000000e+000 -5.028841489e-006 1.200000000e+000 1.200000000e+000 5.028841489e-006 
d 1.000000000e+000 9.750000000e-001 7.863841192e-006 3.844758222e-006 3.844758222e-006 7.863841192e-006 9.750000000e-001 9.000000000e+001 0.000000000e+000 1.000000000e+000 0.000000000e+000 0.000000000e+000 0.000000000e+000 -5.742244713e-006 1.300000000e+000 1.300000000e+000 5.742244713e-006 
d 1.000000000e+000 9.750000000e-001 7.863841192e-006 3.844758222e-006 3.844758222e-006 7.863841192e-006 9.750000000e-001 9.000000000e+001 0.000000000e+000 1.000000000e+000 0.000000000e+000 0.000000000e+000 0.000000000e+000 -6.461973845e-006 1.400000000e+000 1.400000000e+000 6.461973845e-006 
d 1.000000000e+000 9.750000000e-001 7.863841192e-006 3.844758222e-006 3.844758222e-006 7.863841192e-006 9.750000000e-001 9.000000000e+001 0.000000000e+000 1.000000000e+000 0.000000000e+000 0.000000000e+000 0.000000000e+000 -7.187521366e-006 1.500000000e+000 1.500000000e+000 7.187521292e-006 
d 1.000000000e+000 9.750000000e-001 7.863841192e-006 3.844758222e-006 3.844758222e-006 7.863841192e-006 9.750000000e-001 9.000000000e+001 0.000000000e+000 1.000000000e+000 0.000000000e+000 0.000000000e+000 0.000000000e+000 -7.918529474e-006 1.600000000e+000 1.600000000e+000 7.918529437e-006 
d 1.000000000e+000 9.750000000e-001 7.863841192e-006 3.844758222e-006 3.844758222e-006 7.863841192e-006 9.750000000e-001 9.000000000e+001 0.000000000e+000 1.000000000e+000 0.000000000e+000 0.000000000e+000 0.000000000e+000 -8.654742705e-006 1.700000000e+000 1.700000000e+000 8.654742685e-006 
d 1.000000000e+000 9.750000000e-001 7.863841192e-006 3.844758222e-006 3.844758222e-006 7.863841192e-006 9.750000000e-001 9.000000000e+001 0.000000000e+000 1.000000000e+000 0.000000000e+000 0.000000000e+000 0.000000000e+000 -9.395977519e-006 1.800000000e+000 1.800000000e+000 9.395977508e-006 
d 1.000000000e+000 9.750000000e-001 7.863841192e-006 3.844758222e-006 3.844758222e-006 7.863841192e-006 9.750000000e-001 9.000000000e+001 0.000000000e+000 1.000000000e+000 0.000000000e+000 0.000000000e+000 0.000000000e+000 -1.014210301e-005 1.900000000e+000 1.900000000e+000 1.014210301e-005 
d 1.000000000e+000 9.750000000e-001 7.863841192e-006 3.844758222e-006 3.844758222e-006 7.863841192e-006 9.750000000e-001 9.000000000e+001 0.000000000e+000 1.000000000e+000 0.000000000e+000 0.000000000e+000 0.000000000e+000 -1.089302787e-005 2.000000000e+000 2.000000000e+000 1.089302787e-005 
d 1.000000000e+000 9.750000000e-001 7.863841192e-006 3.844758222e-006 3.844758222e-006 7.863841192e-006 9.750000000e-001 9.000000000e+001 0.000000000e+000 1.000000000e+000 0.000000000e+000 0.000000000e+000 0.000000000e+000 -1.164869138e-005 2.100000000e+000 2.100000000e+000 1.164869138e-005 
d 1.000000000e+000 9.750000000e-001 7.863841192e-006 3.844758222e-006 3.844758222e-006 7.863841192e-006 9.750000000e-001 9.000000000e+001 0.000000000e+000 1.000000000e+000 0.000000000e+000 0.000000000e+000 0.000000000e+000 -1.240905701e-005 2.200000000e+000 2.200000000e+000 1.240905701e-005 
d 1.000000000e+000 9.750000000e-001 7.863841192e-006 3.844758222e-006 3.844758222e-006 7.863841192e-006 9.750000000e-001 9.000000000e+001 0.000000000e+000 1.000000000e+000 0.000000000e+000 0.000000000e+000 0.000000000e+000 -1.317410775e-005 2.300000000e+000 2.300000000e+000 1.317410775e-005 
d 1.000000000e+000 9.750000000e-001 7.863841192e-006 3.844758222e-006 3.844758222e-006 7.863841192e-006 9.750000000e-001 9.000000000e+001 0.000000000e+000 1.000000000e+000 0.000000000e+000 0.000000000e+000 0.000000000e+000 -1.394384263e-005 2.400000000e+000 2.400000000e+000 1.394384263e-005 
d 1.000000000e+000 9.750000000e-001 7.863841192e-006 3.844758222e-006 3.844758222e-006 7.863841192e-006 9.750000000e-001 9.000000000e+001 0.000000000e+000 1.000000000e+000 0.000000000e+000 0.000000000e+000 0.000000000e+000 -1.471827401e-005 2.500000000e+000 2.500000000e+000 1.471827401e-005 
d 1.000000000e+000 9.750000000e-001 7.863841192e-006 3.844758222e-006 3.844758222e-006 7.863841192e-006 9.750000000e-001 9.000000000e+001 0.000000000e+000 1.000000000e+000 0.000000000e+000 0.000000000e+000 0.000000000e+000 -1.549742550e-005 2.600000000e+000 2.600000000e+000 1.549742550e-005 
d 1.000000000e+000 9.750000000e-001 7.863841192e-006 3.844758222e-006 3.844758222e-006 7.863841192e-006 9.750000000e-001 9.000000000e+001 0.000000000e+000 1.000000000e+000 0.000000000e+000 0.000000000e+000 0.000000000e+000 -1.628133022e-005 2.700000000e+000 2.700000000e+000 1.628133022e-005 
d 1.000000000e+000 9.750000000e-001 7.863841192e-006 3.844758222e-006 3.844758222e-006 7.863841192e-006 9.750000000e-001 9.000000000e+001 0.000000000e+000 1.000000000e+000 0.000000000e+000 0.000000000e+000 0.000000000e+000 -1.707002943e-005 2.800000000e+000 2.800000000e+000 1.707002943e-005 
d 1.000000000e+000 9.750000000e-001 7.863841192e-006 3.844758222e-006 3.844758222e-006 7.863841192e-006 9.750000000e-001 9.000000000e+001 0.000000000e+000 1.000000000e+000 0.000000000e+000 0.000000000e+000 0.000000000e+000 -1.786357136e-005 2.900000000e+000 2.900000000e+000 1.786357136e-005 
d 1.000000000e+000 9.750000000e-001 7.863841192e-006 3.844758222e-006 3.844758222e-006 7.863841192e-006 9.750000000e-001 9.000000000e+001 0.000000000e+000 1.000000000e+000 0.000000000e+000 0.000000000e+000 0.000000000e+000 -1.866201018e-005 3.000000000e+000 3.000000000e+000 1.866201018e-005 
d 0.000000000e+000 0.000000000e+000 0.000000000e+000 0.000000000e+000 0.000000000e+000 0.000000000e+000 9.750000000e-001 9.000000000e+001 0.000000000e+000 1.000000000e+000 0.000000000e+000 0.000000000e+000 0.000000000e+000 -8.443855667e-013 1.000000000e-001 1.000000000e-001 8.624777794e-013 
